Using pre-set license
Built from '2021.3/staging' branch; Version is '2021.3.14f1 (eee1884e7226) revision 15655304'; Using compiler version '192829333'; Build Type 'Release'
OS: 'Windows 10  (10.0.19045) 64bit Professional' Language: 'zh' Physical Memory: 16169 MB
BatchMode: 1, IsHumanControllingUs: 0, StartBugReporterOnCrash: 0, Is64bit: 1, IsPro: 1

COMMAND LINE ARGUMENTS:
C:\Program Files\Unity\Hub\Editor\2021.3.14f1\Editor\Unity.exe
-adb2
-batchMode
-noUpm
-name
AssetImportWorker3
-projectPath
T:/Yang/SideScrolling_2D
-logFile
Logs/AssetImportWorker3.log
-srvPort
52308
Successfully changed project path to: T:/Yang/SideScrolling_2D
T:/Yang/SideScrolling_2D
[UnityMemory] Configuration Parameters - Can be set up in boot.config
    "memorysetup-bucket-allocator-granularity=16"
    "memorysetup-bucket-allocator-bucket-count=8"
    "memorysetup-bucket-allocator-block-size=33554432"
    "memorysetup-bucket-allocator-block-count=8"
    "memorysetup-main-allocator-block-size=16777216"
    "memorysetup-thread-allocator-block-size=16777216"
    "memorysetup-gfx-main-allocator-block-size=16777216"
    "memorysetup-gfx-thread-allocator-block-size=16777216"
    "memorysetup-cache-allocator-block-size=4194304"
    "memorysetup-typetree-allocator-block-size=2097152"
    "memorysetup-profiler-bucket-allocator-granularity=16"
    "memorysetup-profiler-bucket-allocator-bucket-count=8"
    "memorysetup-profiler-bucket-allocator-block-size=33554432"
    "memorysetup-profiler-bucket-allocator-block-count=8"
    "memorysetup-profiler-allocator-block-size=16777216"
    "memorysetup-profiler-editor-allocator-block-size=1048576"
    "memorysetup-temp-allocator-size-main=16777216"
    "memorysetup-job-temp-allocator-block-size=2097152"
    "memorysetup-job-temp-allocator-block-size-background=1048576"
    "memorysetup-job-temp-allocator-reduction-small-platforms=262144"
    "memorysetup-temp-allocator-size-background-worker=32768"
    "memorysetup-temp-allocator-size-job-worker=262144"
    "memorysetup-temp-allocator-size-preload-manager=33554432"
    "memorysetup-temp-allocator-size-nav-mesh-worker=65536"
    "memorysetup-temp-allocator-size-audio-worker=65536"
    "memorysetup-temp-allocator-size-cloud-worker=32768"
    "memorysetup-temp-allocator-size-gi-baking-worker=262144"
    "memorysetup-temp-allocator-size-gfx=262144"
Refreshing native plugins compatible for Editor in 157.49 ms, found 4 plugins.
Preloading 0 native plugins for Editor in 0.00 ms.
Initialize engine version: 2021.3.14f1 (eee1884e7226)
[Subsystems] Discovering subsystems at path C:/Program Files/Unity/Hub/Editor/2021.3.14f1/Editor/Data/Resources/UnitySubsystems
[Subsystems] Discovering subsystems at path T:/Yang/SideScrolling_2D/Assets
GfxDevice: creating device client; threaded=0; jobified=0
Direct3D:
    Version:  Direct3D 11.0 [level 11.1]
    Renderer: NVIDIA Quadro P620 (ID=0x1cb6)
    Vendor:   NVIDIA
    VRAM:     1976 MB
    Driver:   31.0.15.2727
Initialize mono
Mono path[0] = 'C:/Program Files/Unity/Hub/Editor/2021.3.14f1/Editor/Data/Managed'
Mono path[1] = 'C:/Program Files/Unity/Hub/Editor/2021.3.14f1/Editor/Data/MonoBleedingEdge/lib/mono/unityjit-win32'
Mono config path = 'C:/Program Files/Unity/Hub/Editor/2021.3.14f1/Editor/Data/MonoBleedingEdge/etc'
Using monoOptions --debugger-agent=transport=dt_socket,embedding=1,server=y,suspend=n,address=127.0.0.1:56340
Begin MonoManager ReloadAssembly
Registering precompiled unity dll's ...
Register platform support module: C:/Program Files/Unity/Hub/Editor/2021.3.14f1/Editor/Data/PlaybackEngines/WebGLSupport/UnityEditor.WebGL.Extensions.dll
Register platform support module: C:/Program Files/Unity/Hub/Editor/2021.3.14f1/Editor/Data/PlaybackEngines/AndroidPlayer/UnityEditor.Android.Extensions.dll
Register platform support module: C:/Program Files/Unity/Hub/Editor/2021.3.14f1/Editor/Data/PlaybackEngines/WindowsStandaloneSupport/UnityEditor.WindowsStandalone.Extensions.dll
Registered in 0.012452 seconds.
Native extension for WindowsStandalone target not found
Native extension for Android target not found
Native extension for WebGL target not found
Refreshing native plugins compatible for Editor in 124.25 ms, found 4 plugins.
Preloading 0 native plugins for Editor in 0.00 ms.
Mono: successfully reloaded assembly
- Completed reload, in  0.957 seconds
Domain Reload Profiling:
	ReloadAssembly (957ms)
		BeginReloadAssembly (106ms)
			ExecutionOrderSort (0ms)
			DisableScriptedObjects (0ms)
			BackupInstance (0ms)
			ReleaseScriptingObjects (0ms)
			CreateAndSetChildDomain (1ms)
		EndReloadAssembly (684ms)
			LoadAssemblies (103ms)
			RebuildTransferFunctionScriptingTraits (0ms)
			SetupTypeCache (167ms)
			ReleaseScriptCaches (0ms)
			RebuildScriptCaches (36ms)
			SetupLoadedEditorAssemblies (408ms)
				LogAssemblyErrors (0ms)
				InitializePlatformSupportModulesInManaged (80ms)
				SetLoadedEditorAssemblies (0ms)
				RefreshPlugins (124ms)
				BeforeProcessingInitializeOnLoad (2ms)
				ProcessInitializeOnLoadAttributes (135ms)
				ProcessInitializeOnLoadMethodAttributes (66ms)
				AfterProcessingInitializeOnLoad (0ms)
				EditorAssembliesLoaded (0ms)
			ExecutionOrderSort2 (0ms)
			AwakeInstancesAfterBackupRestoration (0ms)
Platform modules already initialized, skipping
Registering precompiled user dll's ...
Registered in 0.007143 seconds.
Begin MonoManager ReloadAssembly
Symbol file LoadedFromMemory doesn't match image T:\Yang\SideScrolling_2D\Library\PackageCache\com.unity.visualscripting@1.7.8\Editor\VisualScripting.Core\Dependencies\YamlDotNet\Unity.VisualScripting.YamlDotNet.dll
Symbol file LoadedFromMemory doesn't match image T:\Yang\SideScrolling_2D\Library\PackageCache\com.unity.visualscripting@1.7.8\Editor\VisualScripting.Core\Dependencies\DotNetZip\Unity.VisualScripting.IonicZip.dll
Native extension for WindowsStandalone target not found
Native extension for Android target not found
Native extension for WebGL target not found
Refreshing native plugins compatible for Editor in 126.91 ms, found 4 plugins.
Preloading 0 native plugins for Editor in 0.00 ms.
Mono: successfully reloaded assembly
- Completed reload, in  1.706 seconds
Domain Reload Profiling:
	ReloadAssembly (1707ms)
		BeginReloadAssembly (256ms)
			ExecutionOrderSort (0ms)
			DisableScriptedObjects (7ms)
			BackupInstance (0ms)
			ReleaseScriptingObjects (0ms)
			CreateAndSetChildDomain (131ms)
		EndReloadAssembly (1287ms)
			LoadAssemblies (110ms)
			RebuildTransferFunctionScriptingTraits (0ms)
			SetupTypeCache (345ms)
			ReleaseScriptCaches (1ms)
			RebuildScriptCaches (86ms)
			SetupLoadedEditorAssemblies (687ms)
				LogAssemblyErrors (0ms)
				InitializePlatformSupportModulesInManaged (21ms)
				SetLoadedEditorAssemblies (0ms)
				RefreshPlugins (127ms)
				BeforeProcessingInitializeOnLoad (137ms)
				ProcessInitializeOnLoadAttributes (339ms)
				ProcessInitializeOnLoadMethodAttributes (54ms)
				AfterProcessingInitializeOnLoad (10ms)
				EditorAssembliesLoaded (0ms)
			ExecutionOrderSort2 (0ms)
			AwakeInstancesAfterBackupRestoration (8ms)
Platform modules already initialized, skipping
========================================================================
Worker process is ready to serve import requests
Launched and connected shader compiler UnityShaderCompiler.exe after 0.05 seconds
Refreshing native plugins compatible for Editor in 0.91 ms, found 4 plugins.
Preloading 0 native plugins for Editor in 0.00 ms.
Unloading 4221 Unused Serialized files (Serialized files now loaded: 0)
Unloading 51 unused Assets / (129.6 KB). Loaded Objects now: 4679.
Memory consumption went from 161.0 MB to 160.8 MB.
Total: 4.380500 ms (FindLiveObjects: 0.367500 ms CreateObjectMapping: 0.354800 ms MarkObjects: 3.530000 ms  DeleteObjects: 0.127100 ms)

AssetImportParameters requested are different than current active one (requested -> active):
  custom:video-decoder-ogg-theora: a1e56fd34408186e4bbccfd4996cb3dc -> 
  custom:container-muxer-webm: aa71ff27fc2769a1b78a27578f13a17b -> 
  custom:container-demuxer-webm: 4f35f7cbe854078d1ac9338744f61a02 -> 
  custom:video-encoder-webm-vp8: eb34c28f22e8b96e1ab97ce403110664 -> 
  custom:audio-encoder-webm-vorbis: bf7c407c2cedff20999df2af8eb42d56 -> 
  custom:framework-win-MediaFoundation: 216162199b28c13a410421893ffa2e32 -> 
  custom:container-demuxer-ogg: 62fdf1f143b41e24485cea50d1cbac27 -> 
  custom:video-decoder-webm-vp8: 9c59270c3fd7afecdb556c50c9e8de78 -> 
  custom:audio-decoder-ogg-vorbis: bf7c407c2cedff20999df2af8eb42d56 -> 
========================================================================
Received Import Request.
  Time since last request: 11011.398674 seconds.
  path: Assets/png/asset1/back3.png
  artifactKey: Guid(616dbf3b5f0cd89408e307e401b9a3a2) Importer(815301076,1909f56bfc062723c751e8b465ee728b)
Start importing Assets/png/asset1/back3.png using Guid(616dbf3b5f0cd89408e307e401b9a3a2) Importer(815301076,1909f56bfc062723c751e8b465ee728b)  -> (artifact id: '5b975f581ec1d5833da80743ca77c1c2') in 0.263483 seconds 
========================================================================
Received Import Request.
  Time since last request: 0.000030 seconds.
  path: Assets/png/asset1/door2.png
  artifactKey: Guid(2f8086520360b3b4ab7fc9c071b3b617) Importer(815301076,1909f56bfc062723c751e8b465ee728b)
Start importing Assets/png/asset1/door2.png using Guid(2f8086520360b3b4ab7fc9c071b3b617) Importer(815301076,1909f56bfc062723c751e8b465ee728b)  -> (artifact id: '5c4e5eb270805be6141a8eab555a4ffc') in 0.068191 seconds 
========================================================================
Received Import Request.
  Time since last request: 0.000036 seconds.
  path: Assets/png/asset1/floor2.png
  artifactKey: Guid(97660f22e9a5f72409faf2c001ba5e9e) Importer(815301076,1909f56bfc062723c751e8b465ee728b)
Start importing Assets/png/asset1/floor2.png using Guid(97660f22e9a5f72409faf2c001ba5e9e) Importer(815301076,1909f56bfc062723c751e8b465ee728b)  -> (artifact id: '8993852782d973a614ea87ede83fa7aa') in 0.056479 seconds 
========================================================================
Received Import Request.
  Time since last request: 2.837185 seconds.
  path: Assets/png/asset1/chr/run/Run4.png
  artifactKey: Guid(1abd5bb2abb89834c9c36d3dcd84e975) Importer(815301076,1909f56bfc062723c751e8b465ee728b)
Start importing Assets/png/asset1/chr/run/Run4.png using Guid(1abd5bb2abb89834c9c36d3dcd84e975) Importer(815301076,1909f56bfc062723c751e8b465ee728b)  -> (artifact id: '608a090a9200af7ef9e19aa2d37a0268') in 0.092834 seconds 
========================================================================
Received Import Request.
  Time since last request: 0.000027 seconds.
  path: Assets/png/asset1/chr/run/Run6.png
  artifactKey: Guid(c5b2b2dc3e3deb24e8545e3ba5cb634b) Importer(815301076,1909f56bfc062723c751e8b465ee728b)
Start importing Assets/png/asset1/chr/run/Run6.png using Guid(c5b2b2dc3e3deb24e8545e3ba5cb634b) Importer(815301076,1909f56bfc062723c751e8b465ee728b)  -> (artifact id: '580c1fa1e421dfc893ad5713dab19285') in 0.077715 seconds 
========================================================================
Received Import Request.
  Time since last request: 12.637861 seconds.
  path: Assets/Animation/chr_op.anim
  artifactKey: Guid(825848ff1a92c6a43a7c7ee5852820d9) Importer(2089858483,0ecaa5967403d082aa24f35e1b516d23)
Start importing Assets/Animation/chr_op.anim using Guid(825848ff1a92c6a43a7c7ee5852820d9) Importer(2089858483,0ecaa5967403d082aa24f35e1b516d23) Generated GUIDs only implemented for interfaces!
 -> (artifact id: '2f693d0d495e846e49a250be2878f1b3') in 0.161835 seconds 
========================================================================
Received Import Request.
  Time since last request: 0.000025 seconds.
  path: Assets/palette/back_17.asset
  artifactKey: Guid(cc28c726191f11c4f93438f4b9f62def) Importer(2089858483,0ecaa5967403d082aa24f35e1b516d23)
Start importing Assets/palette/back_17.asset using Guid(cc28c726191f11c4f93438f4b9f62def) Importer(2089858483,0ecaa5967403d082aa24f35e1b516d23) Generated GUIDs only implemented for interfaces!
 -> (artifact id: 'fd26e499693600b26ed0dc88d5bb4e4a') in 0.028594 seconds 
========================================================================
Received Import Request.
  Time since last request: 0.000028 seconds.
  path: Assets/palette/back_18.asset
  artifactKey: Guid(592821a357cee8f4db59eb48e35bed6f) Importer(2089858483,0ecaa5967403d082aa24f35e1b516d23)
Start importing Assets/palette/back_18.asset using Guid(592821a357cee8f4db59eb48e35bed6f) Importer(2089858483,0ecaa5967403d082aa24f35e1b516d23) Generated GUIDs only implemented for interfaces!
 -> (artifact id: 'd2a719267e6c24f9f3e9eb5e6c77bcef') in 0.008089 seconds 
========================================================================
Received Import Request.
  Time since last request: 0.000034 seconds.
  path: Assets/Prefeb/Run.prefab
  artifactKey: Guid(2e333b94849611d48884bf476000bc27) Importer(2089858483,0ecaa5967403d082aa24f35e1b516d23)
Start importing Assets/Prefeb/Run.prefab using Guid(2e333b94849611d48884bf476000bc27) Importer(2089858483,0ecaa5967403d082aa24f35e1b516d23) Generated GUIDs only implemented for interfaces!
 -> (artifact id: 'c2bb7b79de03f15d3a058bbed2bda0f2') in 0.027783 seconds 
========================================================================
Received Import Request.
  Time since last request: 0.000037 seconds.
  path: Assets/png/asset1/back08.jpg
  artifactKey: Guid(8599eee8d59c4ae468f2404f937fc211) Importer(2089858483,0ecaa5967403d082aa24f35e1b516d23)
Start importing Assets/png/asset1/back08.jpg using Guid(8599eee8d59c4ae468f2404f937fc211) Importer(2089858483,0ecaa5967403d082aa24f35e1b516d23) Generated GUIDs only implemented for interfaces!
 -> (artifact id: 'be2a9ee5f6c2fb28bd78f4a8fedb226f') in 0.068181 seconds 
========================================================================
Received Import Request.
  Time since last request: 0.000025 seconds.
  path: Assets/palette/back_19.asset
  artifactKey: Guid(c3c956927a8e2e24ab31fbfb841e28a2) Importer(2089858483,0ecaa5967403d082aa24f35e1b516d23)
Start importing Assets/palette/back_19.asset using Guid(c3c956927a8e2e24ab31fbfb841e28a2) Importer(2089858483,0ecaa5967403d082aa24f35e1b516d23) Generated GUIDs only implemented for interfaces!
 -> (artifact id: 'c47906242c9d1e041411ad20aeb201b8') in 0.008807 seconds 
========================================================================
Received Import Request.
  Time since last request: 0.000023 seconds.
  path: Assets/Animation/fadein.anim
  artifactKey: Guid(0298a0e70c251dd42a08e6703bf10632) Importer(2089858483,0ecaa5967403d082aa24f35e1b516d23)
Start importing Assets/Animation/fadein.anim using Guid(0298a0e70c251dd42a08e6703bf10632) Importer(2089858483,0ecaa5967403d082aa24f35e1b516d23) Generated GUIDs only implemented for interfaces!
 -> (artifact id: 'a09b8761f929c7b779538b1e83845b89') in 0.009867 seconds 
========================================================================
Received Import Request.
  Time since last request: 0.000023 seconds.
  path: Assets/palette/back6_2.asset
  artifactKey: Guid(3f2c148a7a9a15a4dab38eb2983b3a6f) Importer(2089858483,0ecaa5967403d082aa24f35e1b516d23)
Start importing Assets/palette/back6_2.asset using Guid(3f2c148a7a9a15a4dab38eb2983b3a6f) Importer(2089858483,0ecaa5967403d082aa24f35e1b516d23) Generated GUIDs only implemented for interfaces!
 -> (artifact id: '3402e2126a6a5f4b31891a239f629aec') in 0.009388 seconds 
========================================================================
Received Import Request.
  Time since last request: 0.000025 seconds.
  path: Assets/png/asset1/door2.png
  artifactKey: Guid(2f8086520360b3b4ab7fc9c071b3b617) Importer(2089858483,0ecaa5967403d082aa24f35e1b516d23)
Start importing Assets/png/asset1/door2.png using Guid(2f8086520360b3b4ab7fc9c071b3b617) Importer(2089858483,0ecaa5967403d082aa24f35e1b516d23) Generated GUIDs only implemented for interfaces!
 -> (artifact id: '40b8cc8a3fc757ef5f270a6b17e6b1d5') in 0.026491 seconds 
========================================================================
Received Import Request.
  Time since last request: 0.000024 seconds.
  path: Assets/BGM/opBGM.mp3
  artifactKey: Guid(ea1f3ffa3fad65e4d8ca1037fde2e459) Importer(2089858483,0ecaa5967403d082aa24f35e1b516d23)
Start importing Assets/BGM/opBGM.mp3 using Guid(ea1f3ffa3fad65e4d8ca1037fde2e459) Importer(2089858483,0ecaa5967403d082aa24f35e1b516d23) Generated GUIDs only implemented for interfaces!
 -> (artifact id: 'cde27769c15659257252b8cb2c5e0f1e') in 0.106828 seconds 
========================================================================
Received Import Request.
  Time since last request: 0.000023 seconds.
  path: Assets/TextMesh Pro/Shaders/TMPro.cginc
  artifactKey: Guid(407bc68d299748449bbf7f48ee690f8d) Importer(2089858483,0ecaa5967403d082aa24f35e1b516d23)
Start importing Assets/TextMesh Pro/Shaders/TMPro.cginc using Guid(407bc68d299748449bbf7f48ee690f8d) Importer(2089858483,0ecaa5967403d082aa24f35e1b516d23) Generated GUIDs only implemented for interfaces!
 -> (artifact id: '1b9b6724ce4e58c8b91c468739306468') in 0.005978 seconds 
========================================================================
Received Import Request.
  Time since last request: 0.000346 seconds.
  path: Assets/TextMesh Pro/Shaders/TMP_SDF-Mobile Overlay.shader
  artifactKey: Guid(a02a7d8c237544f1962732b55a9aebf1) Importer(2089858483,0ecaa5967403d082aa24f35e1b516d23)
Start importing Assets/TextMesh Pro/Shaders/TMP_SDF-Mobile Overlay.shader using Guid(a02a7d8c237544f1962732b55a9aebf1) Importer(2089858483,0ecaa5967403d082aa24f35e1b516d23) Generated GUIDs only implemented for interfaces!
 -> (artifact id: '22b823837bc847bf8fc217bd1b0158b9') in 0.020515 seconds 
========================================================================
Received Import Request.
  Time since last request: 0.000095 seconds.
  path: Assets/png/asset1/火光/3.png
  artifactKey: Guid(0748c4068caf22b48b27226b69aaf8b0) Importer(2089858483,0ecaa5967403d082aa24f35e1b516d23)
Start importing Assets/png/asset1/火光/3.png using Guid(0748c4068caf22b48b27226b69aaf8b0) Importer(2089858483,0ecaa5967403d082aa24f35e1b516d23) Generated GUIDs only implemented for interfaces!
 -> (artifact id: '201b0da3980dcdb987cb3cf93bafd366') in 0.029480 seconds 
========================================================================
Received Import Request.
  Time since last request: 0.000055 seconds.
  path: Assets/palette/back_10.asset
  artifactKey: Guid(f86ef79c178c6944e903f624feb293d3) Importer(2089858483,0ecaa5967403d082aa24f35e1b516d23)
Start importing Assets/palette/back_10.asset using Guid(f86ef79c178c6944e903f624feb293d3) Importer(2089858483,0ecaa5967403d082aa24f35e1b516d23) Generated GUIDs only implemented for interfaces!
 -> (artifact id: 'fac93d2560e0cdfb345940413d45ccae') in 0.009794 seconds 
========================================================================
Received Import Request.
  Time since last request: 0.000021 seconds.
  path: Assets/TextMesh Pro/Shaders/TMP_Sprite.shader
  artifactKey: Guid(cf81c85f95fe47e1a27f6ae460cf182c) Importer(2089858483,0ecaa5967403d082aa24f35e1b516d23)
Start importing Assets/TextMesh Pro/Shaders/TMP_Sprite.shader using Guid(cf81c85f95fe47e1a27f6ae460cf182c) Importer(2089858483,0ecaa5967403d082aa24f35e1b516d23) Generated GUIDs only implemented for interfaces!
 -> (artifact id: '54a1250f8c7626b311d65930eb1648d2') in 0.010982 seconds 
========================================================================
Received Import Request.
  Time since last request: 0.000025 seconds.
  path: Assets/TextMesh Pro/Shaders/TMP_SDF-Mobile Masking.shader
  artifactKey: Guid(bc1ede39bf3643ee8e493720e4259791) Importer(2089858483,0ecaa5967403d082aa24f35e1b516d23)
Start importing Assets/TextMesh Pro/Shaders/TMP_SDF-Mobile Masking.shader using Guid(bc1ede39bf3643ee8e493720e4259791) Importer(2089858483,0ecaa5967403d082aa24f35e1b516d23) Generated GUIDs only implemented for interfaces!
 -> (artifact id: '99ba70e3328fcf17d1d548865484322f') in 0.009669 seconds 
========================================================================
Received Import Request.
  Time since last request: 0.000058 seconds.
  path: Assets/png/T1.png
  artifactKey: Guid(9565f66ffb89dfc4e816fb07adcfb726) Importer(2089858483,0ecaa5967403d082aa24f35e1b516d23)
Start importing Assets/png/T1.png using Guid(9565f66ffb89dfc4e816fb07adcfb726) Importer(2089858483,0ecaa5967403d082aa24f35e1b516d23) Generated GUIDs only implemented for interfaces!
 -> (artifact id: '485f2ac4f3ed8a3bf22ed122df46e1bc') in 0.021519 seconds 
========================================================================
Received Import Request.
  Time since last request: 0.000021 seconds.
  path: Assets/TextMesh Pro/Fonts/LiberationSans.ttf
  artifactKey: Guid(e3265ab4bf004d28a9537516768c1c75) Importer(2089858483,0ecaa5967403d082aa24f35e1b516d23)
Start importing Assets/TextMesh Pro/Fonts/LiberationSans.ttf using Guid(e3265ab4bf004d28a9537516768c1c75) Importer(2089858483,0ecaa5967403d082aa24f35e1b516d23) Generated GUIDs only implemented for interfaces!
 -> (artifact id: '0ffc79cdac6dd9f99634590ae059888c') in 0.032728 seconds 
========================================================================
Received Import Request.
  Time since last request: 0.000033 seconds.
  path: Assets/png/asset1/back6.jpg
  artifactKey: Guid(e696750ef48007045931a3db069224b2) Importer(2089858483,0ecaa5967403d082aa24f35e1b516d23)
Start importing Assets/png/asset1/back6.jpg using Guid(e696750ef48007045931a3db069224b2) Importer(2089858483,0ecaa5967403d082aa24f35e1b516d23) Generated GUIDs only implemented for interfaces!
 -> (artifact id: '0b616716075f07e78dc1363bbb25d98b') in 0.045693 seconds 
========================================================================
Received Import Request.
  Time since last request: 0.000032 seconds.
  path: Assets/TextMesh Pro/Resources/TMP Settings.asset
  artifactKey: Guid(3f5b5dff67a942289a9defa416b206f3) Importer(2089858483,0ecaa5967403d082aa24f35e1b516d23)
Start importing Assets/TextMesh Pro/Resources/TMP Settings.asset using Guid(3f5b5dff67a942289a9defa416b206f3) Importer(2089858483,0ecaa5967403d082aa24f35e1b516d23) Generated GUIDs only implemented for interfaces!
 -> (artifact id: '7775273701249a7240402517fad3ab74') in 0.090530 seconds 
========================================================================
Received Import Request.
  Time since last request: 0.000027 seconds.
  path: Assets/png/asset1/floor.png
  artifactKey: Guid(d586f63f9f457fa48969d6cc54caeb46) Importer(2089858483,0ecaa5967403d082aa24f35e1b516d23)
Start importing Assets/png/asset1/floor.png using Guid(d586f63f9f457fa48969d6cc54caeb46) Importer(2089858483,0ecaa5967403d082aa24f35e1b516d23) Generated GUIDs only implemented for interfaces!
 -> (artifact id: 'b923575bde92eb543b376d15614a88b9') in 0.022816 seconds 
========================================================================
Received Import Request.
  Time since last request: 0.000042 seconds.
  path: Assets/png/asset1/back09.jpg
  artifactKey: Guid(e462c0e88c959694eaed211f9f24014c) Importer(2089858483,0ecaa5967403d082aa24f35e1b516d23)
Start importing Assets/png/asset1/back09.jpg using Guid(e462c0e88c959694eaed211f9f24014c) Importer(2089858483,0ecaa5967403d082aa24f35e1b516d23) Generated GUIDs only implemented for interfaces!
 -> (artifact id: '34abe8ec9c6dae47b04206400d0fdd0a') in 0.028898 seconds 
========================================================================
Received Import Request.
  Time since last request: 0.000024 seconds.
  path: Assets/png/opening.png
  artifactKey: Guid(aa7f4dc284736b540808d29a04ff0a49) Importer(2089858483,0ecaa5967403d082aa24f35e1b516d23)
Start importing Assets/png/opening.png using Guid(aa7f4dc284736b540808d29a04ff0a49) Importer(2089858483,0ecaa5967403d082aa24f35e1b516d23) Generated GUIDs only implemented for interfaces!
 -> (artifact id: '4e56602caf5219f8e375f660415e661e') in 0.027764 seconds 
========================================================================
Received Import Request.
  Time since last request: 0.000022 seconds.
  path: Assets/png/asset1/chr/op/chr_op02.png
  artifactKey: Guid(5ec12df873e4e09438469c6c2f906972) Importer(2089858483,0ecaa5967403d082aa24f35e1b516d23)
Start importing Assets/png/asset1/chr/op/chr_op02.png using Guid(5ec12df873e4e09438469c6c2f906972) Importer(2089858483,0ecaa5967403d082aa24f35e1b516d23) Generated GUIDs only implemented for interfaces!
 -> (artifact id: 'f9771f8963cc252e336a0a8722d4a8d0') in 0.159720 seconds 
========================================================================
Received Import Request.
  Time since last request: 0.000038 seconds.
  path: Assets/UnityTechnologies/ParticlePack/EffectExamples/Misc Effects/Textures/FireFlyAlbedo.tif
  artifactKey: Guid(22f3fc6e1558b7a45ad656281e20285a) Importer(2089858483,0ecaa5967403d082aa24f35e1b516d23)
Start importing Assets/UnityTechnologies/ParticlePack/EffectExamples/Misc Effects/Textures/FireFlyAlbedo.tif using Guid(22f3fc6e1558b7a45ad656281e20285a) Importer(2089858483,0ecaa5967403d082aa24f35e1b516d23) Generated GUIDs only implemented for interfaces!
 -> (artifact id: 'e313613b305a4bc804fba429b756b5b2') in 0.027609 seconds 
========================================================================
Received Import Request.
  Time since last request: 0.000035 seconds.
  path: Assets/png/asset1/chr/run/Run4.png
  artifactKey: Guid(1abd5bb2abb89834c9c36d3dcd84e975) Importer(2089858483,0ecaa5967403d082aa24f35e1b516d23)
Start importing Assets/png/asset1/chr/run/Run4.png using Guid(1abd5bb2abb89834c9c36d3dcd84e975) Importer(2089858483,0ecaa5967403d082aa24f35e1b516d23) Generated GUIDs only implemented for interfaces!
 -> (artifact id: 'dd484c84ae7abff837137253ff1132b9') in 0.022119 seconds 
========================================================================
Received Import Request.
  Time since last request: 0.000023 seconds.
  path: Assets/UnityTechnologies/ParticlePack/EffectExamples/Misc Effects/Prefabs/Readme_Dissolve_Respawn_.txt
  artifactKey: Guid(347cb84766db00442a42d707d0eba133) Importer(2089858483,0ecaa5967403d082aa24f35e1b516d23)
Start importing Assets/UnityTechnologies/ParticlePack/EffectExamples/Misc Effects/Prefabs/Readme_Dissolve_Respawn_.txt using Guid(347cb84766db00442a42d707d0eba133) Importer(2089858483,0ecaa5967403d082aa24f35e1b516d23) Generated GUIDs only implemented for interfaces!
 -> (artifact id: 'a133142a7e489d553a38b84ab3ba6767') in 0.006957 seconds 
========================================================================
Received Import Request.
  Time since last request: 0.000027 seconds.
  path: Assets/png/asset1/chr/run/Run5.png
  artifactKey: Guid(9f648bba422958d4697012fd5df9294a) Importer(2089858483,0ecaa5967403d082aa24f35e1b516d23)
Start importing Assets/png/asset1/chr/run/Run5.png using Guid(9f648bba422958d4697012fd5df9294a) Importer(2089858483,0ecaa5967403d082aa24f35e1b516d23) Generated GUIDs only implemented for interfaces!
 -> (artifact id: '316e8e18a08b15c026f45cd52c9f6266') in 0.029308 seconds 
========================================================================
Received Import Request.
  Time since last request: 0.000023 seconds.
  path: Assets/png/asset1/chr/Idle/Idle2.png
  artifactKey: Guid(adbff80dd29a659478e07c9ba8235c7d) Importer(2089858483,0ecaa5967403d082aa24f35e1b516d23)
Start importing Assets/png/asset1/chr/Idle/Idle2.png using Guid(adbff80dd29a659478e07c9ba8235c7d) Importer(2089858483,0ecaa5967403d082aa24f35e1b516d23) Generated GUIDs only implemented for interfaces!
 -> (artifact id: '7867343c49d955cb7f7cf539e1ab7e71') in 0.021920 seconds 
========================================================================
Received Import Request.
  Time since last request: 0.000031 seconds.
  path: Assets/png/asset1/chr/run/Run2.png
  artifactKey: Guid(ff830b3ee1827224baa3e5a581b8df2e) Importer(2089858483,0ecaa5967403d082aa24f35e1b516d23)
Start importing Assets/png/asset1/chr/run/Run2.png using Guid(ff830b3ee1827224baa3e5a581b8df2e) Importer(2089858483,0ecaa5967403d082aa24f35e1b516d23) Generated GUIDs only implemented for interfaces!
 -> (artifact id: '581ef0233f13c62000781d075667c593') in 0.017880 seconds 
========================================================================
Received Import Request.
  Time since last request: 0.000028 seconds.
  path: Assets/png/asset1/chr/op/chr_op04.png
  artifactKey: Guid(598abb2c7270bbd499d3968302bb14d0) Importer(2089858483,0ecaa5967403d082aa24f35e1b516d23)
Start importing Assets/png/asset1/chr/op/chr_op04.png using Guid(598abb2c7270bbd499d3968302bb14d0) Importer(2089858483,0ecaa5967403d082aa24f35e1b516d23) Generated GUIDs only implemented for interfaces!
 -> (artifact id: 'd3bce3fde07a3745d0574caeecbaf719') in 0.021769 seconds 
========================================================================
Received Import Request.
  Time since last request: 0.000026 seconds.
  path: Assets/UnityTechnologies/ParticlePack/EffectExamples/Misc Effects/Textures/DustPuffSmall.png
  artifactKey: Guid(271edbc011d9e03489f73cef81b2d56a) Importer(2089858483,0ecaa5967403d082aa24f35e1b516d23)
Start importing Assets/UnityTechnologies/ParticlePack/EffectExamples/Misc Effects/Textures/DustPuffSmall.png using Guid(271edbc011d9e03489f73cef81b2d56a) Importer(2089858483,0ecaa5967403d082aa24f35e1b516d23) Generated GUIDs only implemented for interfaces!
 -> (artifact id: '3599cb26860dd9e9d5c958d48529557e') in 0.031476 seconds 
========================================================================
Received Import Request.
  Time since last request: 0.000034 seconds.
  path: Assets/UnityTechnologies/ParticlePack/EffectExamples/Misc Effects/Shaders/FireFly.shader
  artifactKey: Guid(dc9ad51526a07884ab0982f5273e9b5d) Importer(2089858483,0ecaa5967403d082aa24f35e1b516d23)
Start importing Assets/UnityTechnologies/ParticlePack/EffectExamples/Misc Effects/Shaders/FireFly.shader using Guid(dc9ad51526a07884ab0982f5273e9b5d) Importer(2089858483,0ecaa5967403d082aa24f35e1b516d23) Generated GUIDs only implemented for interfaces!
 -> (artifact id: '46b147dc5ffc80ab2194a8eb3b7b8887') in 0.007145 seconds 
========================================================================
Received Import Request.
  Time since last request: 0.000024 seconds.
  path: Assets/png/asset1/chr/Idle/Idle4.png
  artifactKey: Guid(0ea44cd75ade2374b95b3c60e7b455d6) Importer(2089858483,0ecaa5967403d082aa24f35e1b516d23)
Start importing Assets/png/asset1/chr/Idle/Idle4.png using Guid(0ea44cd75ade2374b95b3c60e7b455d6) Importer(2089858483,0ecaa5967403d082aa24f35e1b516d23) Generated GUIDs only implemented for interfaces!
 -> (artifact id: '1dd56fa7b9f9676cdcb341150645d6d4') in 0.018401 seconds 
========================================================================
Received Import Request.
  Time since last request: 0.000022 seconds.
  path: Assets/UnityTechnologies/ParticlePack/EffectExamples/Misc Effects/Materials/SmokePuff.mat
  artifactKey: Guid(5545993361f7ef8479dce19256c84f06) Importer(2089858483,0ecaa5967403d082aa24f35e1b516d23)
Start importing Assets/UnityTechnologies/ParticlePack/EffectExamples/Misc Effects/Materials/SmokePuff.mat using Guid(5545993361f7ef8479dce19256c84f06) Importer(2089858483,0ecaa5967403d082aa24f35e1b516d23) Generated GUIDs only implemented for interfaces!
 -> (artifact id: '71cf49d4caf05afaa1aed211d80cfae5') in 0.159300 seconds 
========================================================================
Received Import Request.
  Time since last request: 0.000028 seconds.
  path: Assets/png/asset1/chr/Idle/Idle3.png
  artifactKey: Guid(deee9409bdc7282478e0c0004a83b448) Importer(2089858483,0ecaa5967403d082aa24f35e1b516d23)
Start importing Assets/png/asset1/chr/Idle/Idle3.png using Guid(deee9409bdc7282478e0c0004a83b448) Importer(2089858483,0ecaa5967403d082aa24f35e1b516d23) Generated GUIDs only implemented for interfaces!
 -> (artifact id: '85fbc9357a1b98fbe73777c81d23e3bc') in 0.020524 seconds 
========================================================================
Received Import Request.
  Time since last request: 0.000038 seconds.
  path: Assets/Prefeb/door2.prefab
  artifactKey: Guid(2eec41fddf8919e4886a05e4e294b160) Importer(2089858483,0ecaa5967403d082aa24f35e1b516d23)
Start importing Assets/Prefeb/door2.prefab using Guid(2eec41fddf8919e4886a05e4e294b160) Importer(2089858483,0ecaa5967403d082aa24f35e1b516d23) Generated GUIDs only implemented for interfaces!
 -> (artifact id: 'f9a9f992cb97899c2a2dcff061d54ff9') in 0.009228 seconds 
========================================================================
Received Import Request.
  Time since last request: 0.000022 seconds.
  path: Assets/palette/back_27.asset
  artifactKey: Guid(3a5a5796e99819f4b9b9cb486276f66c) Importer(2089858483,0ecaa5967403d082aa24f35e1b516d23)
Start importing Assets/palette/back_27.asset using Guid(3a5a5796e99819f4b9b9cb486276f66c) Importer(2089858483,0ecaa5967403d082aa24f35e1b516d23) Generated GUIDs only implemented for interfaces!
 -> (artifact id: 'b7f82758a8f412078185460af04ea2b7') in 0.006480 seconds 
========================================================================
Received Import Request.
  Time since last request: 0.000026 seconds.
  path: Assets/png/asset1/fountain.png
  artifactKey: Guid(e3492dd909bc9324daa60aee89a31574) Importer(2089858483,0ecaa5967403d082aa24f35e1b516d23)
Start importing Assets/png/asset1/fountain.png using Guid(e3492dd909bc9324daa60aee89a31574) Importer(2089858483,0ecaa5967403d082aa24f35e1b516d23) Generated GUIDs only implemented for interfaces!
 -> (artifact id: 'defc5f9e7ea781c503f83ac1825302de') in 0.019616 seconds 
========================================================================
Received Import Request.
  Time since last request: 0.000025 seconds.
  path: Assets/png/asset1/火光/2.png
  artifactKey: Guid(030d7713a81dbb249a19b6473f3c6b51) Importer(2089858483,0ecaa5967403d082aa24f35e1b516d23)
Start importing Assets/png/asset1/火光/2.png using Guid(030d7713a81dbb249a19b6473f3c6b51) Importer(2089858483,0ecaa5967403d082aa24f35e1b516d23) Generated GUIDs only implemented for interfaces!
 -> (artifact id: '893d2495db15375071a551d1a1381acd') in 0.019661 seconds 
========================================================================
Received Import Request.
  Time since last request: 0.000021 seconds.
  path: Assets/palette/back3.asset
  artifactKey: Guid(5a90063928f50e24b9f8b62a1993dc21) Importer(2089858483,0ecaa5967403d082aa24f35e1b516d23)
Start importing Assets/palette/back3.asset using Guid(5a90063928f50e24b9f8b62a1993dc21) Importer(2089858483,0ecaa5967403d082aa24f35e1b516d23) Generated GUIDs only implemented for interfaces!
 -> (artifact id: '2321becc8a0eec537f9cf671ef4e8e57') in 0.007265 seconds 
========================================================================
Received Import Request.
  Time since last request: 0.000021 seconds.
  path: Assets/palette/BossRoom_1.asset
  artifactKey: Guid(1f7cfbeadf0e0234dbe4993dfeae5330) Importer(2089858483,0ecaa5967403d082aa24f35e1b516d23)
Start importing Assets/palette/BossRoom_1.asset using Guid(1f7cfbeadf0e0234dbe4993dfeae5330) Importer(2089858483,0ecaa5967403d082aa24f35e1b516d23) Generated GUIDs only implemented for interfaces!
 -> (artifact id: '996bf32e617d7d1f6f9323926a0ee69f') in 0.008973 seconds 
========================================================================
Received Import Request.
  Time since last request: 0.000022 seconds.
  path: Assets/palette/BossRoom.asset
  artifactKey: Guid(b610d4ea90adf374ab36fd826b230510) Importer(2089858483,0ecaa5967403d082aa24f35e1b516d23)
Start importing Assets/palette/BossRoom.asset using Guid(b610d4ea90adf374ab36fd826b230510) Importer(2089858483,0ecaa5967403d082aa24f35e1b516d23) Generated GUIDs only implemented for interfaces!
 -> (artifact id: 'b2762237c8cacee00c571218ee6ec4a8') in 0.006553 seconds 
========================================================================
Received Import Request.
  Time since last request: 0.000024 seconds.
  path: Assets/TextMesh Pro/Shaders/TMP_SDF.shader
  artifactKey: Guid(68e6db2ebdc24f95958faec2be5558d6) Importer(2089858483,0ecaa5967403d082aa24f35e1b516d23)
Start importing Assets/TextMesh Pro/Shaders/TMP_SDF.shader using Guid(68e6db2ebdc24f95958faec2be5558d6) Importer(2089858483,0ecaa5967403d082aa24f35e1b516d23) Generated GUIDs only implemented for interfaces!
 -> (artifact id: 'b2c3ebe753c055dc3c7c116db54a3910') in 0.013336 seconds 
========================================================================
Received Import Request.
  Time since last request: 0.000020 seconds.
  path: Assets/UnityTechnologies/ParticlePack/EffectExamples/Misc Effects/Shaders/Dissolve.shader
  artifactKey: Guid(8f448cd4d5dac5047b5f9a86cb739085) Importer(2089858483,0ecaa5967403d082aa24f35e1b516d23)
Start importing Assets/UnityTechnologies/ParticlePack/EffectExamples/Misc Effects/Shaders/Dissolve.shader using Guid(8f448cd4d5dac5047b5f9a86cb739085) Importer(2089858483,0ecaa5967403d082aa24f35e1b516d23) Generated GUIDs only implemented for interfaces!
 -> (artifact id: '17ee7cac64563ead6192c2d569e9cb26') in 0.017895 seconds 
========================================================================
Received Import Request.
  Time since last request: 0.000063 seconds.
  path: Assets/fonts/Mamelon.otf
  artifactKey: Guid(afaa7174f6864f5469ce3ec88c808926) Importer(2089858483,0ecaa5967403d082aa24f35e1b516d23)
Start importing Assets/fonts/Mamelon.otf using Guid(afaa7174f6864f5469ce3ec88c808926) Importer(2089858483,0ecaa5967403d082aa24f35e1b516d23) Generated GUIDs only implemented for interfaces!
 -> (artifact id: '7d96f14ba99bff89b55e3f66ca77ab12') in 0.025355 seconds 
========================================================================
Received Prepare
Refreshing native plugins compatible for Editor in 4.86 ms, found 4 plugins.
Preloading 0 native plugins for Editor in 0.00 ms.
Unloading 26 Unused Serialized files (Serialized files now loaded: 0)
Unloading 26 unused Assets / (92.6 KB). Loaded Objects now: 4694.
Memory consumption went from 152.7 MB to 152.6 MB.
Total: 6.671100 ms (FindLiveObjects: 0.375500 ms CreateObjectMapping: 0.588000 ms MarkObjects: 5.661400 ms  DeleteObjects: 0.045100 ms)

AssetImportParameters requested are different than current active one (requested -> active):
  custom:video-decoder-ogg-theora: a1e56fd34408186e4bbccfd4996cb3dc -> 
  custom:container-muxer-webm: aa71ff27fc2769a1b78a27578f13a17b -> 
  custom:container-demuxer-webm: 4f35f7cbe854078d1ac9338744f61a02 -> 
  custom:video-encoder-webm-vp8: eb34c28f22e8b96e1ab97ce403110664 -> 
  custom:audio-encoder-webm-vorbis: bf7c407c2cedff20999df2af8eb42d56 -> 
  custom:framework-win-MediaFoundation: 216162199b28c13a410421893ffa2e32 -> 
  custom:SearchIndexIgnoredProperties: e643bd26f0fe6173181afceb89e7c659 -> 
  custom:container-demuxer-ogg: 62fdf1f143b41e24485cea50d1cbac27 -> 
  custom:video-decoder-webm-vp8: 9c59270c3fd7afecdb556c50c9e8de78 -> 
  custom:audio-decoder-ogg-vorbis: bf7c407c2cedff20999df2af8eb42d56 -> 
Editor requested this worker to shutdown with reason: Scaling down because of idle timeout
AssetImportWorker is now disconnected from the server
Process exiting
Exiting without the bug reporter. Application will terminate with return code 0