Using pre-set license
Built from '2021.3/staging' branch; Version is '2021.3.14f1 (eee1884e7226) revision 15655304'; Using compiler version '192829333'; Build Type 'Release'
OS: 'Windows 10  (10.0.19045) 64bit Core' Language: 'zh' Physical Memory: 15791 MB
BatchMode: 1, IsHumanControllingUs: 0, StartBugReporterOnCrash: 0, Is64bit: 1, IsPro: 1

COMMAND LINE ARGUMENTS:
C:\Program Files\Unity\Hub\Editor\2021.3.14f1\Editor\Unity.exe
-adb2
-batchMode
-noUpm
-name
AssetImportWorker2
-projectPath
D:/SideScrolling_2D
-logFile
Logs/AssetImportWorker2.log
-srvPort
57483
Successfully changed project path to: D:/SideScrolling_2D
D:/SideScrolling_2D
[UnityMemory] Configuration Parameters - Can be set up in boot.config
    "memorysetup-bucket-allocator-granularity=16"
    "memorysetup-bucket-allocator-bucket-count=8"
    "memorysetup-bucket-allocator-block-size=33554432"
    "memorysetup-bucket-allocator-block-count=8"
    "memorysetup-main-allocator-block-size=16777216"
    "memorysetup-thread-allocator-block-size=16777216"
    "memorysetup-gfx-main-allocator-block-size=16777216"
    "memorysetup-gfx-thread-allocator-block-size=16777216"
    "memorysetup-cache-allocator-block-size=4194304"
    "memorysetup-typetree-allocator-block-size=2097152"
    "memorysetup-profiler-bucket-allocator-granularity=16"
    "memorysetup-profiler-bucket-allocator-bucket-count=8"
    "memorysetup-profiler-bucket-allocator-block-size=33554432"
    "memorysetup-profiler-bucket-allocator-block-count=8"
    "memorysetup-profiler-allocator-block-size=16777216"
    "memorysetup-profiler-editor-allocator-block-size=1048576"
    "memorysetup-temp-allocator-size-main=16777216"
    "memorysetup-job-temp-allocator-block-size=2097152"
    "memorysetup-job-temp-allocator-block-size-background=1048576"
    "memorysetup-job-temp-allocator-reduction-small-platforms=262144"
    "memorysetup-temp-allocator-size-background-worker=32768"
    "memorysetup-temp-allocator-size-job-worker=262144"
    "memorysetup-temp-allocator-size-preload-manager=33554432"
    "memorysetup-temp-allocator-size-nav-mesh-worker=65536"
    "memorysetup-temp-allocator-size-audio-worker=65536"
    "memorysetup-temp-allocator-size-cloud-worker=32768"
    "memorysetup-temp-allocator-size-gi-baking-worker=262144"
    "memorysetup-temp-allocator-size-gfx=262144"
Refreshing native plugins compatible for Editor in 110.24 ms, found 4 plugins.
Preloading 0 native plugins for Editor in 0.00 ms.
Initialize engine version: 2021.3.14f1 (eee1884e7226)
[Subsystems] Discovering subsystems at path C:/Program Files/Unity/Hub/Editor/2021.3.14f1/Editor/Data/Resources/UnitySubsystems
[Subsystems] Discovering subsystems at path D:/SideScrolling_2D/Assets
GfxDevice: creating device client; threaded=0; jobified=0
Direct3D:
    Version:  Direct3D 11.0 [level 11.1]
    Renderer: NVIDIA GeForce GTX 1650 Ti (ID=0x1f95)
    Vendor:   NVIDIA
    VRAM:     3949 MB
    Driver:   31.0.15.2849
Initialize mono
Mono path[0] = 'C:/Program Files/Unity/Hub/Editor/2021.3.14f1/Editor/Data/Managed'
Mono path[1] = 'C:/Program Files/Unity/Hub/Editor/2021.3.14f1/Editor/Data/MonoBleedingEdge/lib/mono/unityjit-win32'
Mono config path = 'C:/Program Files/Unity/Hub/Editor/2021.3.14f1/Editor/Data/MonoBleedingEdge/etc'
Using monoOptions --debugger-agent=transport=dt_socket,embedding=1,server=y,suspend=n,address=127.0.0.1:56480
Begin MonoManager ReloadAssembly
Registering precompiled unity dll's ...
Register platform support module: C:/Program Files/Unity/Hub/Editor/2021.3.14f1/Editor/Data/PlaybackEngines/WebGLSupport/UnityEditor.WebGL.Extensions.dll
Register platform support module: C:/Program Files/Unity/Hub/Editor/2021.3.14f1/Editor/Data/PlaybackEngines/AndroidPlayer/UnityEditor.Android.Extensions.dll
Register platform support module: C:/Program Files/Unity/Hub/Editor/2021.3.14f1/Editor/Data/PlaybackEngines/WindowsStandaloneSupport/UnityEditor.WindowsStandalone.Extensions.dll
Registered in 0.011425 seconds.
Native extension for WindowsStandalone target not found
Native extension for Android target not found
Native extension for WebGL target not found
Refreshing native plugins compatible for Editor in 111.85 ms, found 4 plugins.
Preloading 0 native plugins for Editor in 0.00 ms.
Mono: successfully reloaded assembly
- Completed reload, in  0.795 seconds
Domain Reload Profiling:
	ReloadAssembly (796ms)
		BeginReloadAssembly (95ms)
			ExecutionOrderSort (0ms)
			DisableScriptedObjects (0ms)
			BackupInstance (0ms)
			ReleaseScriptingObjects (0ms)
			CreateAndSetChildDomain (1ms)
		EndReloadAssembly (568ms)
			LoadAssemblies (92ms)
			RebuildTransferFunctionScriptingTraits (0ms)
			SetupTypeCache (128ms)
			ReleaseScriptCaches (0ms)
			RebuildScriptCaches (34ms)
			SetupLoadedEditorAssemblies (342ms)
				LogAssemblyErrors (0ms)
				InitializePlatformSupportModulesInManaged (67ms)
				SetLoadedEditorAssemblies (0ms)
				RefreshPlugins (112ms)
				BeforeProcessingInitializeOnLoad (1ms)
				ProcessInitializeOnLoadAttributes (109ms)
				ProcessInitializeOnLoadMethodAttributes (53ms)
				AfterProcessingInitializeOnLoad (0ms)
				EditorAssembliesLoaded (0ms)
			ExecutionOrderSort2 (0ms)
			AwakeInstancesAfterBackupRestoration (0ms)
Platform modules already initialized, skipping
Registering precompiled user dll's ...
Registered in 0.028806 seconds.
Begin MonoManager ReloadAssembly
Symbol file LoadedFromMemory doesn't match image D:\SideScrolling_2D\Library\PackageCache\com.unity.visualscripting@1.7.8\Editor\VisualScripting.Core\Dependencies\YamlDotNet\Unity.VisualScripting.YamlDotNet.dll
Symbol file LoadedFromMemory doesn't match image D:\SideScrolling_2D\Library\PackageCache\com.unity.visualscripting@1.7.8\Editor\VisualScripting.Core\Dependencies\DotNetZip\Unity.VisualScripting.IonicZip.dll
Native extension for WindowsStandalone target not found
Native extension for Android target not found
Native extension for WebGL target not found
Refreshing native plugins compatible for Editor in 110.11 ms, found 4 plugins.
Preloading 0 native plugins for Editor in 0.00 ms.
Mono: successfully reloaded assembly
- Completed reload, in  1.428 seconds
Domain Reload Profiling:
	ReloadAssembly (1429ms)
		BeginReloadAssembly (233ms)
			ExecutionOrderSort (0ms)
			DisableScriptedObjects (6ms)
			BackupInstance (0ms)
			ReleaseScriptingObjects (0ms)
			CreateAndSetChildDomain (127ms)
		EndReloadAssembly (1017ms)
			LoadAssemblies (114ms)
			RebuildTransferFunctionScriptingTraits (0ms)
			SetupTypeCache (294ms)
			ReleaseScriptCaches (1ms)
			RebuildScriptCaches (63ms)
			SetupLoadedEditorAssemblies (510ms)
				LogAssemblyErrors (0ms)
				InitializePlatformSupportModulesInManaged (16ms)
				SetLoadedEditorAssemblies (0ms)
				RefreshPlugins (110ms)
				BeforeProcessingInitializeOnLoad (101ms)
				ProcessInitializeOnLoadAttributes (231ms)
				ProcessInitializeOnLoadMethodAttributes (39ms)
				AfterProcessingInitializeOnLoad (13ms)
				EditorAssembliesLoaded (0ms)
			ExecutionOrderSort2 (0ms)
			AwakeInstancesAfterBackupRestoration (6ms)
Platform modules already initialized, skipping
========================================================================
Worker process is ready to serve import requests
Launched and connected shader compiler UnityShaderCompiler.exe after 0.09 seconds
Refreshing native plugins compatible for Editor in 1.49 ms, found 4 plugins.
Preloading 0 native plugins for Editor in 0.00 ms.
Unloading 4061 Unused Serialized files (Serialized files now loaded: 0)
Unloading 38 unused Assets / (56.6 KB). Loaded Objects now: 4520.
Memory consumption went from 154.7 MB to 154.7 MB.
Total: 8.072100 ms (FindLiveObjects: 0.693400 ms CreateObjectMapping: 0.265500 ms MarkObjects: 6.938400 ms  DeleteObjects: 0.172500 ms)

AssetImportParameters requested are different than current active one (requested -> active):
  custom:video-decoder-ogg-theora: a1e56fd34408186e4bbccfd4996cb3dc -> 
  custom:container-muxer-webm: aa71ff27fc2769a1b78a27578f13a17b -> 
  custom:container-demuxer-webm: 4f35f7cbe854078d1ac9338744f61a02 -> 
  custom:video-encoder-webm-vp8: eb34c28f22e8b96e1ab97ce403110664 -> 
  custom:video-codec-MediaFoundation-h265: 746d11721c4dcdbdad8f713fa42b33f4 -> 
  custom:audio-encoder-webm-vorbis: bf7c407c2cedff20999df2af8eb42d56 -> 
  custom:framework-win-MediaFoundation: 216162199b28c13a410421893ffa2e32 -> 
  custom:container-demuxer-ogg: 62fdf1f143b41e24485cea50d1cbac27 -> 
  custom:video-decoder-webm-vp8: 9c59270c3fd7afecdb556c50c9e8de78 -> 
  custom:audio-decoder-ogg-vorbis: bf7c407c2cedff20999df2af8eb42d56 -> 
========================================================================
Received Import Request.
  Time since last request: 5665.238703 seconds.
  path: Assets/chr_op02 1.png
  artifactKey: Guid(0a19feba80d4678448565efecf1c1cbc) Importer(815301076,1909f56bfc062723c751e8b465ee728b)
Start importing Assets/chr_op02 1.png using Guid(0a19feba80d4678448565efecf1c1cbc) Importer(815301076,1909f56bfc062723c751e8b465ee728b)  -> (artifact id: 'b4039cc6b49dc070f346968dd4f6c92b') in 0.338744 seconds 
========================================================================
Received Import Request.
  Time since last request: 0.000039 seconds.
  path: Assets/chr_op01.png
  artifactKey: Guid(bf0c63c07ac09fa49b585b52a925ccee) Importer(815301076,1909f56bfc062723c751e8b465ee728b)
Start importing Assets/chr_op01.png using Guid(bf0c63c07ac09fa49b585b52a925ccee) Importer(815301076,1909f56bfc062723c751e8b465ee728b)  -> (artifact id: 'f650ee4bb845928aaee77a9d0677a147') in 0.191930 seconds 
========================================================================
Received Import Request.
  Time since last request: 32.607454 seconds.
  path: Assets/Scenes
  artifactKey: Guid(131a6b21c8605f84396be9f6751fb6e3) Importer(815301076,1909f56bfc062723c751e8b465ee728b)
Start importing Assets/Scenes using Guid(131a6b21c8605f84396be9f6751fb6e3) Importer(815301076,1909f56bfc062723c751e8b465ee728b)  -> (artifact id: '2c23e514d24f6b65fe96946cd87fc526') in 0.002077 seconds 
========================================================================
Received Import Request.
  Time since last request: 2.686942 seconds.
  path: Assets/Scenes/demoscene.unity
  artifactKey: Guid(1546ca44a4378cc4a954ce05fc80f9d2) Importer(815301076,1909f56bfc062723c751e8b465ee728b)
Start importing Assets/Scenes/demoscene.unity using Guid(1546ca44a4378cc4a954ce05fc80f9d2) Importer(815301076,1909f56bfc062723c751e8b465ee728b)  -> (artifact id: '761b7cfff4eba564c6abb0918d6c6c52') in 0.003177 seconds 
========================================================================
Received Import Request.
  Time since last request: 5.985449 seconds.
  path: Assets/Scenes/ingame.unity
  artifactKey: Guid(a30eb8b0c6273a543b5ff4fde543398b) Importer(815301076,1909f56bfc062723c751e8b465ee728b)
Start importing Assets/Scenes/ingame.unity using Guid(a30eb8b0c6273a543b5ff4fde543398b) Importer(815301076,1909f56bfc062723c751e8b465ee728b)  -> (artifact id: '551f39510cc0f37a74b3534b154f362e') in 0.002188 seconds 
========================================================================
Received Import Request.
  Time since last request: 55.734118 seconds.
  path: Assets/Dark_Forest/Sprites/bgrd_tree1.png
  artifactKey: Guid(de3df8bfabc7d93479736fa4c153cb5d) Importer(815301076,1909f56bfc062723c751e8b465ee728b)
Start importing Assets/Dark_Forest/Sprites/bgrd_tree1.png using Guid(de3df8bfabc7d93479736fa4c153cb5d) Importer(815301076,1909f56bfc062723c751e8b465ee728b)  -> (artifact id: '78550f3fa5f0073f7683ab9e51d4108e') in 0.026606 seconds 
========================================================================
Received Import Request.
  Time since last request: 0.000039 seconds.
  path: Assets/Dark_Forest/Sprites/castle_env.png
  artifactKey: Guid(5251b297217deb84b9c615310cbdccdc) Importer(815301076,1909f56bfc062723c751e8b465ee728b)
Start importing Assets/Dark_Forest/Sprites/castle_env.png using Guid(5251b297217deb84b9c615310cbdccdc) Importer(815301076,1909f56bfc062723c751e8b465ee728b)  -> (artifact id: '28cd72f26a6d5251d44c86756220ab5c') in 0.120400 seconds 
========================================================================
Received Import Request.
  Time since last request: 0.000031 seconds.
  path: Assets/Dark_Forest/Sprites/bgrd_tree3.png
  artifactKey: Guid(9615eb05c38a5024da20b41889bf96d4) Importer(815301076,1909f56bfc062723c751e8b465ee728b)
Start importing Assets/Dark_Forest/Sprites/bgrd_tree3.png using Guid(9615eb05c38a5024da20b41889bf96d4) Importer(815301076,1909f56bfc062723c751e8b465ee728b)  -> (artifact id: 'eec03701f71200e4e31dd0cfa91444b7') in 0.018670 seconds 
========================================================================
Received Import Request.
  Time since last request: 0.000046 seconds.
  path: Assets/Dark_Forest/Sprites/env_ground.png
  artifactKey: Guid(532d89cce32ef33469a10c43c44556ea) Importer(815301076,1909f56bfc062723c751e8b465ee728b)
Start importing Assets/Dark_Forest/Sprites/env_ground.png using Guid(532d89cce32ef33469a10c43c44556ea) Importer(815301076,1909f56bfc062723c751e8b465ee728b)  -> (artifact id: 'ec0aa6c67b58b80b587be79b3ff2b4af') in 0.030271 seconds 
========================================================================
Received Import Request.
  Time since last request: 0.000027 seconds.
  path: Assets/Dark_Forest/Sprites/decorative_obj.png
  artifactKey: Guid(120d8d95c9fd212499279a73119505aa) Importer(815301076,1909f56bfc062723c751e8b465ee728b)
Start importing Assets/Dark_Forest/Sprites/decorative_obj.png using Guid(120d8d95c9fd212499279a73119505aa) Importer(815301076,1909f56bfc062723c751e8b465ee728b)  -> (artifact id: 'ffe3657a147b3f85e7511ea882a34192') in 0.023040 seconds 
========================================================================
Received Import Request.
  Time since last request: 4.129369 seconds.
  path: Assets/Dark_Forest/Sprites/main_background.png
  artifactKey: Guid(18d1ddd5985afab43a3a8300d1a01faf) Importer(815301076,1909f56bfc062723c751e8b465ee728b)
Start importing Assets/Dark_Forest/Sprites/main_background.png using Guid(18d1ddd5985afab43a3a8300d1a01faf) Importer(815301076,1909f56bfc062723c751e8b465ee728b)  -> (artifact id: '8b7c1246e0346d2befcd04877181495e') in 0.086903 seconds 
========================================================================
Received Import Request.
  Time since last request: 0.000039 seconds.
  path: Assets/Dark_Forest/Sprites/top_far_bgrnd.png
  artifactKey: Guid(550e91c594125c5409bd8646924ced15) Importer(815301076,1909f56bfc062723c751e8b465ee728b)
Start importing Assets/Dark_Forest/Sprites/top_far_bgrnd.png using Guid(550e91c594125c5409bd8646924ced15) Importer(815301076,1909f56bfc062723c751e8b465ee728b)  -> (artifact id: 'c9009630b745f551fa538a7df591a816') in 0.016867 seconds 
========================================================================
Received Import Request.
  Time since last request: 95.708623 seconds.
  path: Assets/Pixel Skies DEMO/Pixel Skies 240x135px/demo02_PixelSky.png
  artifactKey: Guid(0675ce4596ea3e047879ee54f19b94a0) Importer(815301076,1909f56bfc062723c751e8b465ee728b)
Start importing Assets/Pixel Skies DEMO/Pixel Skies 240x135px/demo02_PixelSky.png using Guid(0675ce4596ea3e047879ee54f19b94a0) Importer(815301076,1909f56bfc062723c751e8b465ee728b)  -> (artifact id: 'd59839ea28a2d7dd5485a99d0bde6ad2') in 0.016684 seconds 
========================================================================
Received Import Request.
  Time since last request: 0.000029 seconds.
  path: Assets/Pixel Skies DEMO/Pixel Skies 240x135px/demo03_PixelSky.png
  artifactKey: Guid(3c522dfe25a7896468abb57f4bf0f186) Importer(815301076,1909f56bfc062723c751e8b465ee728b)
Start importing Assets/Pixel Skies DEMO/Pixel Skies 240x135px/demo03_PixelSky.png using Guid(3c522dfe25a7896468abb57f4bf0f186) Importer(815301076,1909f56bfc062723c751e8b465ee728b)  -> (artifact id: '6b2c09a5889e8c6bd1176c4a8f9aabbe') in 0.012541 seconds 
========================================================================
Received Import Request.
  Time since last request: 0.000026 seconds.
  path: Assets/Pixel Skies DEMO/Pixel Skies 240x135px/demo06_PixelSky.png
  artifactKey: Guid(f6cc67ab8870dda4dbc253117214730e) Importer(815301076,1909f56bfc062723c751e8b465ee728b)
Start importing Assets/Pixel Skies DEMO/Pixel Skies 240x135px/demo06_PixelSky.png using Guid(f6cc67ab8870dda4dbc253117214730e) Importer(815301076,1909f56bfc062723c751e8b465ee728b)  -> (artifact id: 'b2921536624ec2382d6c80ca5ad76621') in 0.011056 seconds 
========================================================================
Received Import Request.
  Time since last request: 5.180754 seconds.
  path: Assets/Pixel Skies DEMO/Pixel Skies 1920x1080px (Full HD)/demo02_PixelSky_1920x1080.png
  artifactKey: Guid(23e37d0059af18c4f81beec3bf9f8d1a) Importer(815301076,1909f56bfc062723c751e8b465ee728b)
Start importing Assets/Pixel Skies DEMO/Pixel Skies 1920x1080px (Full HD)/demo02_PixelSky_1920x1080.png using Guid(23e37d0059af18c4f81beec3bf9f8d1a) Importer(815301076,1909f56bfc062723c751e8b465ee728b)  -> (artifact id: 'cc0fc19043211798b3f3c89aa4c2b6cd') in 0.131896 seconds 
========================================================================
Received Import Request.
  Time since last request: 0.000060 seconds.
  path: Assets/Pixel Skies DEMO/Pixel Skies 1920x1080px (Full HD)/demo05_PixelSky_1920x1080.png
  artifactKey: Guid(dcecb4bed081cb248b711be68ea780a4) Importer(815301076,1909f56bfc062723c751e8b465ee728b)
Start importing Assets/Pixel Skies DEMO/Pixel Skies 1920x1080px (Full HD)/demo05_PixelSky_1920x1080.png using Guid(dcecb4bed081cb248b711be68ea780a4) Importer(815301076,1909f56bfc062723c751e8b465ee728b)  -> (artifact id: '774b80775d7a453ede662374c6e3c5fb') in 0.126728 seconds 
========================================================================
Received Import Request.
  Time since last request: 12.763340 seconds.
  path: Assets/Pixel2DCastleTileset/Sprites/anim_light2.png
  artifactKey: Guid(5dad671b9f272e84fb3fcdc2431a88d3) Importer(815301076,1909f56bfc062723c751e8b465ee728b)
Start importing Assets/Pixel2DCastleTileset/Sprites/anim_light2.png using Guid(5dad671b9f272e84fb3fcdc2431a88d3) Importer(815301076,1909f56bfc062723c751e8b465ee728b)  -> (artifact id: '88fc24823eb4de03bbf1305aa81096c4') in 0.015713 seconds 
========================================================================
Received Import Request.
  Time since last request: 0.000040 seconds.
  path: Assets/Pixel2DCastleTileset/Sprites/anim_lights.png
  artifactKey: Guid(f3a2259b73274f24baf08a7487d47e2e) Importer(815301076,1909f56bfc062723c751e8b465ee728b)
Start importing Assets/Pixel2DCastleTileset/Sprites/anim_lights.png using Guid(f3a2259b73274f24baf08a7487d47e2e) Importer(815301076,1909f56bfc062723c751e8b465ee728b)  -> (artifact id: '6ec3cc7e6fca8c249ff6ca3b3779fb42') in 0.015963 seconds 
========================================================================
Received Import Request.
  Time since last request: 0.000052 seconds.
  path: Assets/Pixel2DCastleTileset/Sprites/terrain.png
  artifactKey: Guid(35cd0037933bb40448a06507a321c698) Importer(815301076,1909f56bfc062723c751e8b465ee728b)
Start importing Assets/Pixel2DCastleTileset/Sprites/terrain.png using Guid(35cd0037933bb40448a06507a321c698) Importer(815301076,1909f56bfc062723c751e8b465ee728b)  -> (artifact id: 'dd693d4663388f3e00446e803e7ae978') in 0.016381 seconds 
========================================================================
Received Import Request.
  Time since last request: 0.000028 seconds.
  path: Assets/Pixel2DCastleTileset/Sprites/background.png
  artifactKey: Guid(6286f87a892e2f34ab4786a47b616885) Importer(815301076,1909f56bfc062723c751e8b465ee728b)
Start importing Assets/Pixel2DCastleTileset/Sprites/background.png using Guid(6286f87a892e2f34ab4786a47b616885) Importer(815301076,1909f56bfc062723c751e8b465ee728b)  -> (artifact id: 'd28352f92d4f51aded145c6a60275dea') in 0.023228 seconds 
========================================================================
Received Import Request.
  Time since last request: 1.208936 seconds.
  path: Assets/Pixel2DCastleTileset/Sprites/walls_far.png
  artifactKey: Guid(bebd8e9ee8f970645b3fa5a0103c898a) Importer(815301076,1909f56bfc062723c751e8b465ee728b)
Start importing Assets/Pixel2DCastleTileset/Sprites/walls_far.png using Guid(bebd8e9ee8f970645b3fa5a0103c898a) Importer(815301076,1909f56bfc062723c751e8b465ee728b)  -> (artifact id: '1d950f3ac0c5277a35e45e1809e6ef84') in 0.026549 seconds 
========================================================================
Received Import Request.
  Time since last request: 0.038471 seconds.
  path: Assets/Pixel2DCastleTileset/Sprites/walls_side_top_far.png
  artifactKey: Guid(0a9eefdd43270eb43aaa96835ef11345) Importer(815301076,1909f56bfc062723c751e8b465ee728b)
Start importing Assets/Pixel2DCastleTileset/Sprites/walls_side_top_far.png using Guid(0a9eefdd43270eb43aaa96835ef11345) Importer(815301076,1909f56bfc062723c751e8b465ee728b)  -> (artifact id: '564514cc845de2b9e0bca0125236c889') in 0.020668 seconds 
========================================================================
Received Import Request.
  Time since last request: 30.903196 seconds.
  path: Assets/Pixel2DCastleTileset/Sprites/Sliced/anim_light2.png
  artifactKey: Guid(eec02ced1b9f270429fe711bab10618c) Importer(815301076,1909f56bfc062723c751e8b465ee728b)
Start importing Assets/Pixel2DCastleTileset/Sprites/Sliced/anim_light2.png using Guid(eec02ced1b9f270429fe711bab10618c) Importer(815301076,1909f56bfc062723c751e8b465ee728b)  -> (artifact id: '1096853bf990123a0212625cefdcf531') in 0.020600 seconds 
========================================================================
Received Import Request.
  Time since last request: 0.000033 seconds.
  path: Assets/Pixel2DCastleTileset/Sprites/Sliced/terrain.png
  artifactKey: Guid(ffbfc12976fa2734e91b030d16097afb) Importer(815301076,1909f56bfc062723c751e8b465ee728b)
Start importing Assets/Pixel2DCastleTileset/Sprites/Sliced/terrain.png using Guid(ffbfc12976fa2734e91b030d16097afb) Importer(815301076,1909f56bfc062723c751e8b465ee728b)  -> (artifact id: '6a472b940fb4ea79a24399a261a09607') in 0.157827 seconds 
========================================================================
Received Import Request.
  Time since last request: 0.000038 seconds.
  path: Assets/Pixel2DCastleTileset/Sprites/Sliced/env_objects_far.png
  artifactKey: Guid(4e065ab5b37dca04db31251981ec0347) Importer(815301076,1909f56bfc062723c751e8b465ee728b)
Start importing Assets/Pixel2DCastleTileset/Sprites/Sliced/env_objects_far.png using Guid(4e065ab5b37dca04db31251981ec0347) Importer(815301076,1909f56bfc062723c751e8b465ee728b)  -> (artifact id: '727f17ecde7ab701cee2824095acb05e') in 0.946696 seconds 
========================================================================
Received Import Request.
  Time since last request: 4.795578 seconds.
  path: Assets/Pixel2DCastleTileset/Sprites/Sliced/walls_side_top.png
  artifactKey: Guid(c8ec4d8b444a24f4ba2889543ef0f232) Importer(815301076,1909f56bfc062723c751e8b465ee728b)
Start importing Assets/Pixel2DCastleTileset/Sprites/Sliced/walls_side_top.png using Guid(c8ec4d8b444a24f4ba2889543ef0f232) Importer(815301076,1909f56bfc062723c751e8b465ee728b)  -> (artifact id: '025e0e060328147ee0880ac96084824f') in 0.626099 seconds 
========================================================================
Received Import Request.
  Time since last request: 2.518569 seconds.
  path: Assets/Pixel2DCastleTileset/Sprites/Sliced/wood_env.png
  artifactKey: Guid(9f1888ec7aff5a94a887e3106cbddd1d) Importer(815301076,1909f56bfc062723c751e8b465ee728b)
Start importing Assets/Pixel2DCastleTileset/Sprites/Sliced/wood_env.png using Guid(9f1888ec7aff5a94a887e3106cbddd1d) Importer(815301076,1909f56bfc062723c751e8b465ee728b)  -> (artifact id: 'cae02859238485900f69537e84f30b44') in 0.373422 seconds 
========================================================================
Received Import Request.
  Time since last request: 46.519523 seconds.
  path: Assets/Pixel Skies DEMO/Parallax Pixel Skies 240x135px/Demo 01 Parallax Pixel Sky/demo01_PixelSky_layer02.png
  artifactKey: Guid(ee6100725e0a79542adba70d506e1b3f) Importer(815301076,1909f56bfc062723c751e8b465ee728b)
Start importing Assets/Pixel Skies DEMO/Parallax Pixel Skies 240x135px/Demo 01 Parallax Pixel Sky/demo01_PixelSky_layer02.png using Guid(ee6100725e0a79542adba70d506e1b3f) Importer(815301076,1909f56bfc062723c751e8b465ee728b)  -> (artifact id: '3d70ff6f059af9113f36380c104e15e4') in 0.014431 seconds 
========================================================================
Received Import Request.
  Time since last request: 0.934471 seconds.
  path: Assets/Pixel Skies DEMO/Parallax Pixel Skies 240x135px/Demo 02 Parallax Pixel Sky/demo02_PixelSky_layer02.png
  artifactKey: Guid(133ff4e02187f97458c0d10ac3ab15bc) Importer(815301076,1909f56bfc062723c751e8b465ee728b)
Start importing Assets/Pixel Skies DEMO/Parallax Pixel Skies 240x135px/Demo 02 Parallax Pixel Sky/demo02_PixelSky_layer02.png using Guid(133ff4e02187f97458c0d10ac3ab15bc) Importer(815301076,1909f56bfc062723c751e8b465ee728b)  -> (artifact id: '448268be9ad263608e195d3361e45f9b') in 0.012334 seconds 
========================================================================
Received Import Request.
  Time since last request: 23.925457 seconds.
  path: Assets/Dark_Forest/Sprites/Sliced/bgrd_tree2.png
  artifactKey: Guid(f1d4b828de940134b8cbf6a9f93a5653) Importer(815301076,1909f56bfc062723c751e8b465ee728b)
Start importing Assets/Dark_Forest/Sprites/Sliced/bgrd_tree2.png using Guid(f1d4b828de940134b8cbf6a9f93a5653) Importer(815301076,1909f56bfc062723c751e8b465ee728b)  -> (artifact id: '905c2bb38e592cb35e0d657938d1c318') in 0.021635 seconds 
========================================================================
Received Import Request.
  Time since last request: 0.000026 seconds.
  path: Assets/Dark_Forest/Sprites/Sliced/castle_env.png
  artifactKey: Guid(f92108e62af6ac444980a5f1a0acb5b8) Importer(815301076,1909f56bfc062723c751e8b465ee728b)
Start importing Assets/Dark_Forest/Sprites/Sliced/castle_env.png using Guid(f92108e62af6ac444980a5f1a0acb5b8) Importer(815301076,1909f56bfc062723c751e8b465ee728b)  -> (artifact id: '2c41e7f7827d7384d194a2f4218a4d9d') in 2.755886 seconds 
========================================================================
Received Import Request.
  Time since last request: 6.377056 seconds.
  path: Assets/Dark_Forest/Sprites/Sliced/top_far_bgrnd.png
  artifactKey: Guid(93f45b0e21c63554785c8f7890cc8e23) Importer(815301076,1909f56bfc062723c751e8b465ee728b)
Start importing Assets/Dark_Forest/Sprites/Sliced/top_far_bgrnd.png using Guid(93f45b0e21c63554785c8f7890cc8e23) Importer(815301076,1909f56bfc062723c751e8b465ee728b)  -> (artifact id: 'db7db3b99f13fde48741f8062bf66681') in 2.584076 seconds 
