Using pre-set license
Built from '2021.3/staging' branch; Version is '2021.3.14f1 (eee1884e7226) revision 15655304'; Using compiler version '192829333'; Build Type 'Release'
OS: 'Windows 10  (10.0.19045) 64bit Core' Language: 'zh' Physical Memory: 15791 MB
BatchMode: 1, IsHumanControllingUs: 0, StartBugReporterOnCrash: 0, Is64bit: 1, IsPro: 1

COMMAND LINE ARGUMENTS:
C:\Program Files\Unity\Hub\Editor\2021.3.14f1\Editor\Unity.exe
-adb2
-batchMode
-noUpm
-name
AssetImportWorker0
-projectPath
D:/SideScrolling_2D
-logFile
Logs/AssetImportWorker0.log
-srvPort
49852
Successfully changed project path to: D:/SideScrolling_2D
D:/SideScrolling_2D
[UnityMemory] Configuration Parameters - Can be set up in boot.config
    "memorysetup-bucket-allocator-granularity=16"
    "memorysetup-bucket-allocator-bucket-count=8"
    "memorysetup-bucket-allocator-block-size=33554432"
    "memorysetup-bucket-allocator-block-count=8"
    "memorysetup-main-allocator-block-size=16777216"
    "memorysetup-thread-allocator-block-size=16777216"
    "memorysetup-gfx-main-allocator-block-size=16777216"
    "memorysetup-gfx-thread-allocator-block-size=16777216"
    "memorysetup-cache-allocator-block-size=4194304"
    "memorysetup-typetree-allocator-block-size=2097152"
    "memorysetup-profiler-bucket-allocator-granularity=16"
    "memorysetup-profiler-bucket-allocator-bucket-count=8"
    "memorysetup-profiler-bucket-allocator-block-size=33554432"
    "memorysetup-profiler-bucket-allocator-block-count=8"
    "memorysetup-profiler-allocator-block-size=16777216"
    "memorysetup-profiler-editor-allocator-block-size=1048576"
    "memorysetup-temp-allocator-size-main=16777216"
    "memorysetup-job-temp-allocator-block-size=2097152"
    "memorysetup-job-temp-allocator-block-size-background=1048576"
    "memorysetup-job-temp-allocator-reduction-small-platforms=262144"
    "memorysetup-temp-allocator-size-background-worker=32768"
    "memorysetup-temp-allocator-size-job-worker=262144"
    "memorysetup-temp-allocator-size-preload-manager=33554432"
    "memorysetup-temp-allocator-size-nav-mesh-worker=65536"
    "memorysetup-temp-allocator-size-audio-worker=65536"
    "memorysetup-temp-allocator-size-cloud-worker=32768"
    "memorysetup-temp-allocator-size-gi-baking-worker=262144"
    "memorysetup-temp-allocator-size-gfx=262144"
Refreshing native plugins compatible for Editor in 86.10 ms, found 4 plugins.
Preloading 0 native plugins for Editor in 0.00 ms.
Initialize engine version: 2021.3.14f1 (eee1884e7226)
[Subsystems] Discovering subsystems at path C:/Program Files/Unity/Hub/Editor/2021.3.14f1/Editor/Data/Resources/UnitySubsystems
[Subsystems] Discovering subsystems at path D:/SideScrolling_2D/Assets
GfxDevice: creating device client; threaded=0; jobified=0
Direct3D:
    Version:  Direct3D 11.0 [level 11.1]
    Renderer: NVIDIA GeForce GTX 1650 Ti (ID=0x1f95)
    Vendor:   NVIDIA
    VRAM:     3949 MB
    Driver:   31.0.15.2849
Initialize mono
Mono path[0] = 'C:/Program Files/Unity/Hub/Editor/2021.3.14f1/Editor/Data/Managed'
Mono path[1] = 'C:/Program Files/Unity/Hub/Editor/2021.3.14f1/Editor/Data/MonoBleedingEdge/lib/mono/unityjit-win32'
Mono config path = 'C:/Program Files/Unity/Hub/Editor/2021.3.14f1/Editor/Data/MonoBleedingEdge/etc'
Using monoOptions --debugger-agent=transport=dt_socket,embedding=1,server=y,suspend=n,address=127.0.0.1:56096
Begin MonoManager ReloadAssembly
Registering precompiled unity dll's ...
Register platform support module: C:/Program Files/Unity/Hub/Editor/2021.3.14f1/Editor/Data/PlaybackEngines/WebGLSupport/UnityEditor.WebGL.Extensions.dll
Register platform support module: C:/Program Files/Unity/Hub/Editor/2021.3.14f1/Editor/Data/PlaybackEngines/AndroidPlayer/UnityEditor.Android.Extensions.dll
Register platform support module: C:/Program Files/Unity/Hub/Editor/2021.3.14f1/Editor/Data/PlaybackEngines/WindowsStandaloneSupport/UnityEditor.WindowsStandalone.Extensions.dll
Registered in 0.009422 seconds.
Native extension for WindowsStandalone target not found
Native extension for Android target not found
Native extension for WebGL target not found
Refreshing native plugins compatible for Editor in 91.77 ms, found 4 plugins.
Preloading 0 native plugins for Editor in 0.00 ms.
Mono: successfully reloaded assembly
- Completed reload, in  0.653 seconds
Domain Reload Profiling:
	ReloadAssembly (653ms)
		BeginReloadAssembly (73ms)
			ExecutionOrderSort (0ms)
			DisableScriptedObjects (0ms)
			BackupInstance (0ms)
			ReleaseScriptingObjects (0ms)
			CreateAndSetChildDomain (1ms)
		EndReloadAssembly (465ms)
			LoadAssemblies (71ms)
			RebuildTransferFunctionScriptingTraits (0ms)
			SetupTypeCache (102ms)
			ReleaseScriptCaches (0ms)
			RebuildScriptCaches (28ms)
			SetupLoadedEditorAssemblies (286ms)
				LogAssemblyErrors (0ms)
				InitializePlatformSupportModulesInManaged (54ms)
				SetLoadedEditorAssemblies (0ms)
				RefreshPlugins (92ms)
				BeforeProcessingInitializeOnLoad (1ms)
				ProcessInitializeOnLoadAttributes (96ms)
				ProcessInitializeOnLoadMethodAttributes (42ms)
				AfterProcessingInitializeOnLoad (0ms)
				EditorAssembliesLoaded (0ms)
			ExecutionOrderSort2 (0ms)
			AwakeInstancesAfterBackupRestoration (0ms)
Platform modules already initialized, skipping
Registering precompiled user dll's ...
Registered in 0.005149 seconds.
Begin MonoManager ReloadAssembly
Symbol file LoadedFromMemory doesn't match image D:\SideScrolling_2D\Library\PackageCache\com.unity.visualscripting@1.7.8\Editor\VisualScripting.Core\Dependencies\YamlDotNet\Unity.VisualScripting.YamlDotNet.dll
Symbol file LoadedFromMemory doesn't match image D:\SideScrolling_2D\Library\PackageCache\com.unity.visualscripting@1.7.8\Editor\VisualScripting.Core\Dependencies\DotNetZip\Unity.VisualScripting.IonicZip.dll
Native extension for WindowsStandalone target not found
Native extension for Android target not found
Native extension for WebGL target not found
Refreshing native plugins compatible for Editor in 83.69 ms, found 4 plugins.
Preloading 0 native plugins for Editor in 0.00 ms.
Mono: successfully reloaded assembly
- Completed reload, in  1.260 seconds
Domain Reload Profiling:
	ReloadAssembly (1261ms)
		BeginReloadAssembly (227ms)
			ExecutionOrderSort (0ms)
			DisableScriptedObjects (5ms)
			BackupInstance (0ms)
			ReleaseScriptingObjects (0ms)
			CreateAndSetChildDomain (138ms)
		EndReloadAssembly (917ms)
			LoadAssemblies (84ms)
			RebuildTransferFunctionScriptingTraits (0ms)
			SetupTypeCache (234ms)
			ReleaseScriptCaches (1ms)
			RebuildScriptCaches (61ms)
			SetupLoadedEditorAssemblies (494ms)
				LogAssemblyErrors (0ms)
				InitializePlatformSupportModulesInManaged (15ms)
				SetLoadedEditorAssemblies (0ms)
				RefreshPlugins (84ms)
				BeforeProcessingInitializeOnLoad (93ms)
				ProcessInitializeOnLoadAttributes (249ms)
				ProcessInitializeOnLoadMethodAttributes (41ms)
				AfterProcessingInitializeOnLoad (11ms)
				EditorAssembliesLoaded (0ms)
			ExecutionOrderSort2 (0ms)
			AwakeInstancesAfterBackupRestoration (6ms)
Platform modules already initialized, skipping
========================================================================
Worker process is ready to serve import requests
Launched and connected shader compiler UnityShaderCompiler.exe after 0.07 seconds
Refreshing native plugins compatible for Editor in 0.87 ms, found 4 plugins.
Preloading 0 native plugins for Editor in 0.00 ms.
Unloading 4221 Unused Serialized files (Serialized files now loaded: 0)
Unloading 51 unused Assets / (129.5 KB). Loaded Objects now: 4679.
Memory consumption went from 161.1 MB to 160.9 MB.
Total: 3.442200 ms (FindLiveObjects: 0.384700 ms CreateObjectMapping: 0.113600 ms MarkObjects: 2.813900 ms  DeleteObjects: 0.128300 ms)

AssetImportParameters requested are different than current active one (requested -> active):
  custom:video-decoder-ogg-theora: a1e56fd34408186e4bbccfd4996cb3dc -> 
  custom:container-muxer-webm: aa71ff27fc2769a1b78a27578f13a17b -> 
  custom:container-demuxer-webm: 4f35f7cbe854078d1ac9338744f61a02 -> 
  custom:video-encoder-webm-vp8: eb34c28f22e8b96e1ab97ce403110664 -> 
  custom:video-codec-MediaFoundation-h265: 746d11721c4dcdbdad8f713fa42b33f4 -> 
  custom:audio-encoder-webm-vorbis: bf7c407c2cedff20999df2af8eb42d56 -> 
  custom:framework-win-MediaFoundation: 216162199b28c13a410421893ffa2e32 -> 
  custom:container-demuxer-ogg: 62fdf1f143b41e24485cea50d1cbac27 -> 
  custom:video-decoder-webm-vp8: 9c59270c3fd7afecdb556c50c9e8de78 -> 
  custom:audio-decoder-ogg-vorbis: bf7c407c2cedff20999df2af8eb42d56 -> 
========================================================================
Received Import Request.
  Time since last request: 243.892776 seconds.
  path: Assets/Scenes
  artifactKey: Guid(131a6b21c8605f84396be9f6751fb6e3) Importer(815301076,1909f56bfc062723c751e8b465ee728b)
Start importing Assets/Scenes using Guid(131a6b21c8605f84396be9f6751fb6e3) Importer(815301076,1909f56bfc062723c751e8b465ee728b)  -> (artifact id: '2c23e514d24f6b65fe96946cd87fc526') in 0.008167 seconds 
========================================================================
Received Import Request.
  Time since last request: 0.000028 seconds.
  path: Assets/Scenes/ingame.unity
  artifactKey: Guid(a30eb8b0c6273a543b5ff4fde543398b) Importer(815301076,1909f56bfc062723c751e8b465ee728b)
Start importing Assets/Scenes/ingame.unity using Guid(a30eb8b0c6273a543b5ff4fde543398b) Importer(815301076,1909f56bfc062723c751e8b465ee728b)  -> (artifact id: '5d308189bc4a866f30da2fb1ce4b84b5') in 0.002059 seconds 
========================================================================
Received Import Request.
  Time since last request: 1066.977120 seconds.
  path: Assets/png/asset1/back1.png
  artifactKey: Guid(a95aecdcbb88b4e47a9e63721498097c) Importer(815301076,1909f56bfc062723c751e8b465ee728b)
Start importing Assets/png/asset1/back1.png using Guid(a95aecdcbb88b4e47a9e63721498097c) Importer(815301076,1909f56bfc062723c751e8b465ee728b)  -> (artifact id: '9b92d56318a46bb35f83cfe793583709') in 0.241015 seconds 
========================================================================
Received Import Request.
  Time since last request: 0.000031 seconds.
  path: Assets/png/asset1/back08.jpg
  artifactKey: Guid(8599eee8d59c4ae468f2404f937fc211) Importer(815301076,1909f56bfc062723c751e8b465ee728b)
Start importing Assets/png/asset1/back08.jpg using Guid(8599eee8d59c4ae468f2404f937fc211) Importer(815301076,1909f56bfc062723c751e8b465ee728b)  -> (artifact id: 'eb6980864ba20680589f9075f32e6733') in 0.087641 seconds 
========================================================================
Received Import Request.
  Time since last request: 0.000043 seconds.
  path: Assets/png/asset1/back09.jpg
  artifactKey: Guid(e462c0e88c959694eaed211f9f24014c) Importer(815301076,1909f56bfc062723c751e8b465ee728b)
Start importing Assets/png/asset1/back09.jpg using Guid(e462c0e88c959694eaed211f9f24014c) Importer(815301076,1909f56bfc062723c751e8b465ee728b)  -> (artifact id: '49c6a1ed88eb4f915a45af1522df8860') in 0.019781 seconds 
========================================================================
Received Import Request.
  Time since last request: 0.000050 seconds.
  path: Assets/png/asset1/back6.jpg
  artifactKey: Guid(e696750ef48007045931a3db069224b2) Importer(815301076,1909f56bfc062723c751e8b465ee728b)
Start importing Assets/png/asset1/back6.jpg using Guid(e696750ef48007045931a3db069224b2) Importer(815301076,1909f56bfc062723c751e8b465ee728b)  -> (artifact id: 'e0a2ae9796bc07b04f148427eeedea51') in 0.097412 seconds 
========================================================================
Received Import Request.
  Time since last request: 1.066762 seconds.
  path: Assets/png/asset1/chr
  artifactKey: Guid(f8eff845b0628d949a382822a1599d1a) Importer(815301076,1909f56bfc062723c751e8b465ee728b)
Start importing Assets/png/asset1/chr using Guid(f8eff845b0628d949a382822a1599d1a) Importer(815301076,1909f56bfc062723c751e8b465ee728b)  -> (artifact id: 'f543578865aa09043a120aa42ce359ab') in 0.002406 seconds 
========================================================================
Received Import Request.
  Time since last request: 0.073067 seconds.
  path: Assets/png/asset1/chr/chr_op01 1.png
  artifactKey: Guid(2826d49d8f7739f4e8c58a241024c2cd) Importer(815301076,1909f56bfc062723c751e8b465ee728b)
Start importing Assets/png/asset1/chr/chr_op01 1.png using Guid(2826d49d8f7739f4e8c58a241024c2cd) Importer(815301076,1909f56bfc062723c751e8b465ee728b)  -> (artifact id: '867ebb49c86fd1e4972826bd234257d6') in 0.202596 seconds 
========================================================================
Received Import Request.
  Time since last request: 0.000034 seconds.
  path: Assets/png/asset1/chr/chr_op02 1.png
  artifactKey: Guid(0a19feba80d4678448565efecf1c1cbc) Importer(815301076,1909f56bfc062723c751e8b465ee728b)
Start importing Assets/png/asset1/chr/chr_op02 1.png using Guid(0a19feba80d4678448565efecf1c1cbc) Importer(815301076,1909f56bfc062723c751e8b465ee728b)  -> (artifact id: '6ba743da165475b1f6435d316f2b8cb6') in 0.174257 seconds 
========================================================================
Received Import Request.
  Time since last request: 0.000077 seconds.
  path: Assets/png/asset1/chr/chr_op05.png
  artifactKey: Guid(eb40d3a2457b6214785a4d8fed08aa7f) Importer(815301076,1909f56bfc062723c751e8b465ee728b)
Start importing Assets/png/asset1/chr/chr_op05.png using Guid(eb40d3a2457b6214785a4d8fed08aa7f) Importer(815301076,1909f56bfc062723c751e8b465ee728b)  -> (artifact id: '31b3534c783f14780f51578d51fe9c4e') in 0.160029 seconds 
========================================================================
Received Import Request.
  Time since last request: 0.000053 seconds.
  path: Assets/png/asset1/chr/chr_op04.png
  artifactKey: Guid(598abb2c7270bbd499d3968302bb14d0) Importer(815301076,1909f56bfc062723c751e8b465ee728b)
Start importing Assets/png/asset1/chr/chr_op04.png using Guid(598abb2c7270bbd499d3968302bb14d0) Importer(815301076,1909f56bfc062723c751e8b465ee728b)  -> (artifact id: '192ea1f28e808b6870f8335c80ce20e2') in 0.153443 seconds 
========================================================================
Received Import Request.
  Time since last request: 0.000049 seconds.
  path: Assets/png/asset1/chr/chr_op04 1.png
  artifactKey: Guid(fd5ffe08e9cf4024c9e47d408ab701a2) Importer(815301076,1909f56bfc062723c751e8b465ee728b)
Start importing Assets/png/asset1/chr/chr_op04 1.png using Guid(fd5ffe08e9cf4024c9e47d408ab701a2) Importer(815301076,1909f56bfc062723c751e8b465ee728b)  -> (artifact id: 'c22882140e0b4ae25d881160c0b53cf9') in 0.152837 seconds 
Editor requested this worker to shutdown with reason: Scaling down because of idle timeout
AssetImportWorker is now disconnected from the server
Process exiting
Exiting without the bug reporter. Application will terminate with return code 0