Using pre-set license
Built from '2021.3/staging' branch; Version is '2021.3.14f1 (eee1884e7226) revision 15655304'; Using compiler version '192829333'; Build Type 'Release'
OS: 'Windows 10  (10.0.19045) 64bit Core' Language: 'zh' Physical Memory: 15791 MB
BatchMode: 1, IsHumanControllingUs: 0, StartBugReporterOnCrash: 0, Is64bit: 1, IsPro: 1

COMMAND LINE ARGUMENTS:
C:\Program Files\Unity\Hub\Editor\2021.3.14f1\Editor\Unity.exe
-adb2
-batchMode
-noUpm
-name
AssetImportWorker6
-projectPath
D:/SideScrolling_2D
-logFile
Logs/AssetImportWorker6.log
-srvPort
50815
Successfully changed project path to: D:/SideScrolling_2D
D:/SideScrolling_2D
[UnityMemory] Configuration Parameters - Can be set up in boot.config
    "memorysetup-bucket-allocator-granularity=16"
    "memorysetup-bucket-allocator-bucket-count=8"
    "memorysetup-bucket-allocator-block-size=33554432"
    "memorysetup-bucket-allocator-block-count=8"
    "memorysetup-main-allocator-block-size=16777216"
    "memorysetup-thread-allocator-block-size=16777216"
    "memorysetup-gfx-main-allocator-block-size=16777216"
    "memorysetup-gfx-thread-allocator-block-size=16777216"
    "memorysetup-cache-allocator-block-size=4194304"
    "memorysetup-typetree-allocator-block-size=2097152"
    "memorysetup-profiler-bucket-allocator-granularity=16"
    "memorysetup-profiler-bucket-allocator-bucket-count=8"
    "memorysetup-profiler-bucket-allocator-block-size=33554432"
    "memorysetup-profiler-bucket-allocator-block-count=8"
    "memorysetup-profiler-allocator-block-size=16777216"
    "memorysetup-profiler-editor-allocator-block-size=1048576"
    "memorysetup-temp-allocator-size-main=16777216"
    "memorysetup-job-temp-allocator-block-size=2097152"
    "memorysetup-job-temp-allocator-block-size-background=1048576"
    "memorysetup-job-temp-allocator-reduction-small-platforms=262144"
    "memorysetup-temp-allocator-size-background-worker=32768"
    "memorysetup-temp-allocator-size-job-worker=262144"
    "memorysetup-temp-allocator-size-preload-manager=33554432"
    "memorysetup-temp-allocator-size-nav-mesh-worker=65536"
    "memorysetup-temp-allocator-size-audio-worker=65536"
    "memorysetup-temp-allocator-size-cloud-worker=32768"
    "memorysetup-temp-allocator-size-gi-baking-worker=262144"
    "memorysetup-temp-allocator-size-gfx=262144"
Refreshing native plugins compatible for Editor in 81.54 ms, found 4 plugins.
Preloading 0 native plugins for Editor in 0.00 ms.
Initialize engine version: 2021.3.14f1 (eee1884e7226)
[Subsystems] Discovering subsystems at path C:/Program Files/Unity/Hub/Editor/2021.3.14f1/Editor/Data/Resources/UnitySubsystems
[Subsystems] Discovering subsystems at path D:/SideScrolling_2D/Assets
GfxDevice: creating device client; threaded=0; jobified=0
Direct3D:
    Version:  Direct3D 11.0 [level 11.1]
    Renderer: NVIDIA GeForce GTX 1650 Ti (ID=0x1f95)
    Vendor:   NVIDIA
    VRAM:     3949 MB
    Driver:   31.0.15.2849
Initialize mono
Mono path[0] = 'C:/Program Files/Unity/Hub/Editor/2021.3.14f1/Editor/Data/Managed'
Mono path[1] = 'C:/Program Files/Unity/Hub/Editor/2021.3.14f1/Editor/Data/MonoBleedingEdge/lib/mono/unityjit-win32'
Mono config path = 'C:/Program Files/Unity/Hub/Editor/2021.3.14f1/Editor/Data/MonoBleedingEdge/etc'
Using monoOptions --debugger-agent=transport=dt_socket,embedding=1,server=y,suspend=n,address=127.0.0.1:56760
Begin MonoManager ReloadAssembly
Registering precompiled unity dll's ...
Register platform support module: C:/Program Files/Unity/Hub/Editor/2021.3.14f1/Editor/Data/PlaybackEngines/WebGLSupport/UnityEditor.WebGL.Extensions.dll
Register platform support module: C:/Program Files/Unity/Hub/Editor/2021.3.14f1/Editor/Data/PlaybackEngines/AndroidPlayer/UnityEditor.Android.Extensions.dll
Register platform support module: C:/Program Files/Unity/Hub/Editor/2021.3.14f1/Editor/Data/PlaybackEngines/WindowsStandaloneSupport/UnityEditor.WindowsStandalone.Extensions.dll
Registered in 0.009611 seconds.
Native extension for WindowsStandalone target not found
Native extension for Android target not found
Native extension for WebGL target not found
Refreshing native plugins compatible for Editor in 85.28 ms, found 4 plugins.
Preloading 0 native plugins for Editor in 0.00 ms.
Mono: successfully reloaded assembly
- Completed reload, in  0.653 seconds
Domain Reload Profiling:
	ReloadAssembly (654ms)
		BeginReloadAssembly (78ms)
			ExecutionOrderSort (0ms)
			DisableScriptedObjects (0ms)
			BackupInstance (0ms)
			ReleaseScriptingObjects (0ms)
			CreateAndSetChildDomain (1ms)
		EndReloadAssembly (464ms)
			LoadAssemblies (75ms)
			RebuildTransferFunctionScriptingTraits (0ms)
			SetupTypeCache (107ms)
			ReleaseScriptCaches (0ms)
			RebuildScriptCaches (28ms)
			SetupLoadedEditorAssemblies (278ms)
				LogAssemblyErrors (0ms)
				InitializePlatformSupportModulesInManaged (57ms)
				SetLoadedEditorAssemblies (2ms)
				RefreshPlugins (85ms)
				BeforeProcessingInitializeOnLoad (1ms)
				ProcessInitializeOnLoadAttributes (91ms)
				ProcessInitializeOnLoadMethodAttributes (42ms)
				AfterProcessingInitializeOnLoad (0ms)
				EditorAssembliesLoaded (0ms)
			ExecutionOrderSort2 (0ms)
			AwakeInstancesAfterBackupRestoration (0ms)
Platform modules already initialized, skipping
Registering precompiled user dll's ...
Registered in 0.004670 seconds.
Begin MonoManager ReloadAssembly
Symbol file LoadedFromMemory doesn't match image D:\SideScrolling_2D\Library\PackageCache\com.unity.visualscripting@1.7.8\Editor\VisualScripting.Core\Dependencies\YamlDotNet\Unity.VisualScripting.YamlDotNet.dll
Symbol file LoadedFromMemory doesn't match image D:\SideScrolling_2D\Library\PackageCache\com.unity.visualscripting@1.7.8\Editor\VisualScripting.Core\Dependencies\DotNetZip\Unity.VisualScripting.IonicZip.dll
Native extension for WindowsStandalone target not found
Native extension for Android target not found
Native extension for WebGL target not found
Refreshing native plugins compatible for Editor in 82.62 ms, found 4 plugins.
Preloading 0 native plugins for Editor in 0.00 ms.
Mono: successfully reloaded assembly
- Completed reload, in  1.208 seconds
Domain Reload Profiling:
	ReloadAssembly (1209ms)
		BeginReloadAssembly (218ms)
			ExecutionOrderSort (0ms)
			DisableScriptedObjects (5ms)
			BackupInstance (0ms)
			ReleaseScriptingObjects (0ms)
			CreateAndSetChildDomain (124ms)
		EndReloadAssembly (875ms)
			LoadAssemblies (96ms)
			RebuildTransferFunctionScriptingTraits (0ms)
			SetupTypeCache (232ms)
			ReleaseScriptCaches (1ms)
			RebuildScriptCaches (55ms)
			SetupLoadedEditorAssemblies (457ms)
				LogAssemblyErrors (0ms)
				InitializePlatformSupportModulesInManaged (16ms)
				SetLoadedEditorAssemblies (0ms)
				RefreshPlugins (83ms)
				BeforeProcessingInitializeOnLoad (93ms)
				ProcessInitializeOnLoadAttributes (215ms)
				ProcessInitializeOnLoadMethodAttributes (40ms)
				AfterProcessingInitializeOnLoad (10ms)
				EditorAssembliesLoaded (0ms)
			ExecutionOrderSort2 (0ms)
			AwakeInstancesAfterBackupRestoration (5ms)
Platform modules already initialized, skipping
========================================================================
Worker process is ready to serve import requests
Launched and connected shader compiler UnityShaderCompiler.exe after 0.10 seconds
Refreshing native plugins compatible for Editor in 1.13 ms, found 4 plugins.
Preloading 0 native plugins for Editor in 0.00 ms.
Unloading 4061 Unused Serialized files (Serialized files now loaded: 0)
Unloading 38 unused Assets / (56.7 KB). Loaded Objects now: 4525.
Memory consumption went from 155.6 MB to 155.5 MB.
Total: 5.069000 ms (FindLiveObjects: 0.471700 ms CreateObjectMapping: 0.256600 ms MarkObjects: 4.184900 ms  DeleteObjects: 0.152700 ms)

AssetImportParameters requested are different than current active one (requested -> active):
  custom:video-decoder-ogg-theora: a1e56fd34408186e4bbccfd4996cb3dc -> 
  custom:container-muxer-webm: aa71ff27fc2769a1b78a27578f13a17b -> 
  custom:container-demuxer-webm: 4f35f7cbe854078d1ac9338744f61a02 -> 
  custom:video-encoder-webm-vp8: eb34c28f22e8b96e1ab97ce403110664 -> 
  custom:video-codec-MediaFoundation-h265: 746d11721c4dcdbdad8f713fa42b33f4 -> 
  custom:audio-encoder-webm-vorbis: bf7c407c2cedff20999df2af8eb42d56 -> 
  custom:framework-win-MediaFoundation: 216162199b28c13a410421893ffa2e32 -> 
  custom:container-demuxer-ogg: 62fdf1f143b41e24485cea50d1cbac27 -> 
  custom:video-decoder-webm-vp8: 9c59270c3fd7afecdb556c50c9e8de78 -> 
  custom:audio-decoder-ogg-vorbis: bf7c407c2cedff20999df2af8eb42d56 -> 
========================================================================
Received Import Request.
  Time since last request: 2882.329903 seconds.
  path: Assets/Dark_Forest/Sprites/main_background.png
  artifactKey: Guid(18d1ddd5985afab43a3a8300d1a01faf) Importer(815301076,1909f56bfc062723c751e8b465ee728b)
Start importing Assets/Dark_Forest/Sprites/main_background.png using Guid(18d1ddd5985afab43a3a8300d1a01faf) Importer(815301076,1909f56bfc062723c751e8b465ee728b)  -> (artifact id: '8b7c1246e0346d2befcd04877181495e') in 0.148151 seconds 
========================================================================
Received Import Request.
  Time since last request: 2.362521 seconds.
  path: Assets/Dark_Forest/Sprites/wood_env.png
  artifactKey: Guid(90798b7f4ae8bea479a1995c488bb177) Importer(815301076,1909f56bfc062723c751e8b465ee728b)
Start importing Assets/Dark_Forest/Sprites/wood_env.png using Guid(90798b7f4ae8bea479a1995c488bb177) Importer(815301076,1909f56bfc062723c751e8b465ee728b)  -> (artifact id: 'e18dbc69aa2f39a4102aaacba36edfca') in 0.022290 seconds 
========================================================================
Received Import Request.
  Time since last request: 64.283441 seconds.
  path: Assets/Dark_Forest/Sprites/Sliced/bgrd_tree2.png
  artifactKey: Guid(f1d4b828de940134b8cbf6a9f93a5653) Importer(815301076,1909f56bfc062723c751e8b465ee728b)
Start importing Assets/Dark_Forest/Sprites/Sliced/bgrd_tree2.png using Guid(f1d4b828de940134b8cbf6a9f93a5653) Importer(815301076,1909f56bfc062723c751e8b465ee728b)  -> (artifact id: '905c2bb38e592cb35e0d657938d1c318') in 0.023096 seconds 
========================================================================
Received Import Request.
  Time since last request: 0.000032 seconds.
  path: Assets/Dark_Forest/Sprites/Sliced/bgrd_tree5.png
  artifactKey: Guid(0903063eee308ef479c7bac18f4f4e0f) Importer(815301076,1909f56bfc062723c751e8b465ee728b)
Start importing Assets/Dark_Forest/Sprites/Sliced/bgrd_tree5.png using Guid(0903063eee308ef479c7bac18f4f4e0f) Importer(815301076,1909f56bfc062723c751e8b465ee728b)  -> (artifact id: '30f09a27f39ce42d474d17cac9a54953') in 0.017618 seconds 
========================================================================
Received Import Request.
  Time since last request: 0.000019 seconds.
  path: Assets/Dark_Forest/Sprites/Sliced/bgrd_tree3.png
  artifactKey: Guid(6e8cfb191ced1eb40a94d29f632f952a) Importer(815301076,1909f56bfc062723c751e8b465ee728b)
Start importing Assets/Dark_Forest/Sprites/Sliced/bgrd_tree3.png using Guid(6e8cfb191ced1eb40a94d29f632f952a) Importer(815301076,1909f56bfc062723c751e8b465ee728b)  -> (artifact id: '9fabefaa2cc779afdaa3ce8af9f18465') in 0.017830 seconds 
========================================================================
Received Import Request.
  Time since last request: 0.000023 seconds.
  path: Assets/Dark_Forest/Sprites/Sliced/env_mon.png
  artifactKey: Guid(8e9e76f64fc248a4b843854f6613ef87) Importer(815301076,1909f56bfc062723c751e8b465ee728b)
Start importing Assets/Dark_Forest/Sprites/Sliced/env_mon.png using Guid(8e9e76f64fc248a4b843854f6613ef87) Importer(815301076,1909f56bfc062723c751e8b465ee728b)  -> (artifact id: 'f5af2d9ef2925f02b702d9146eddaf1f') in 1.031571 seconds 
========================================================================
Received Import Request.
  Time since last request: 0.000036 seconds.
  path: Assets/Dark_Forest/Sprites/Sliced/decorative_obj.png
  artifactKey: Guid(04054f5d2214c9642b2a456b7b921414) Importer(815301076,1909f56bfc062723c751e8b465ee728b)
Start importing Assets/Dark_Forest/Sprites/Sliced/decorative_obj.png using Guid(04054f5d2214c9642b2a456b7b921414) Importer(815301076,1909f56bfc062723c751e8b465ee728b)  -> (artifact id: '55df8baa61bf4e1815d89beb860c5f71') in 1.212265 seconds 
========================================================================
Received Import Request.
  Time since last request: 0.000064 seconds.
  path: Assets/Dark_Forest/Sprites/Sliced/main_background.png
  artifactKey: Guid(81d5995c353891a49bf7a0d2dc9a7b44) Importer(815301076,1909f56bfc062723c751e8b465ee728b)
Start importing Assets/Dark_Forest/Sprites/Sliced/main_background.png using Guid(81d5995c353891a49bf7a0d2dc9a7b44) Importer(815301076,1909f56bfc062723c751e8b465ee728b)  -> (artifact id: 'cef4e245836e569ec0997c2abfd59f7d') in 0.051578 seconds 
========================================================================
Received Import Request.
  Time since last request: 0.000021 seconds.
  path: Assets/Dark_Forest/Sprites/Sliced/env_ground.png
  artifactKey: Guid(7b49ce16a21450a419618863cf33cbe6) Importer(815301076,1909f56bfc062723c751e8b465ee728b)
Start importing Assets/Dark_Forest/Sprites/Sliced/env_ground.png using Guid(7b49ce16a21450a419618863cf33cbe6) Importer(815301076,1909f56bfc062723c751e8b465ee728b)  -> (artifact id: 'a73096ef48170eb4fc64aeb8978369b2') in 1.224427 seconds 
========================================================================
Received Import Request.
  Time since last request: 0.000053 seconds.
  path: Assets/Dark_Forest/Sprites/Sliced/bgrd_tree4.png
  artifactKey: Guid(140d47a4d8b5a574594d83b98684c917) Importer(815301076,1909f56bfc062723c751e8b465ee728b)
Start importing Assets/Dark_Forest/Sprites/Sliced/bgrd_tree4.png using Guid(140d47a4d8b5a574594d83b98684c917) Importer(815301076,1909f56bfc062723c751e8b465ee728b)  -> (artifact id: '98608245ef5d5c1618e329621abdf641') in 0.017556 seconds 
========================================================================
Received Import Request.
  Time since last request: 0.000046 seconds.
  path: Assets/Dark_Forest/Sprites/Sliced/wood_env.png
  artifactKey: Guid(a90e7ae3ed57b3a4b8f5dc630006ccb1) Importer(815301076,1909f56bfc062723c751e8b465ee728b)
Start importing Assets/Dark_Forest/Sprites/Sliced/wood_env.png using Guid(a90e7ae3ed57b3a4b8f5dc630006ccb1) Importer(815301076,1909f56bfc062723c751e8b465ee728b)  -> (artifact id: 'bc609943f811eb82ad5fffa59f458259') in 0.537168 seconds 
Editor requested this worker to shutdown with reason: Scaling down because of idle timeout
AssetImportWorker is now disconnected from the server
Process exiting
Exiting without the bug reporter. Application will terminate with return code 0