Using pre-set license
Built from '2021.3/staging' branch; Version is '2021.3.14f1 (eee1884e7226) revision 15655304'; Using compiler version '192829333'; Build Type 'Release'
OS: 'Windows 10  (10.0.19045) 64bit Core' Language: 'zh' Physical Memory: 15791 MB
BatchMode: 1, IsHumanControllingUs: 0, StartBugReporterOnCrash: 0, Is64bit: 1, IsPro: 1

COMMAND LINE ARGUMENTS:
C:\Program Files\Unity\Hub\Editor\2021.3.14f1\Editor\Unity.exe
-adb2
-batchMode
-noUpm
-name
AssetImportWorker1
-projectPath
D:/SideScrolling_2D
-logFile
Logs/AssetImportWorker1.log
-srvPort
50815
Successfully changed project path to: D:/SideScrolling_2D
D:/SideScrolling_2D
[UnityMemory] Configuration Parameters - Can be set up in boot.config
    "memorysetup-bucket-allocator-granularity=16"
    "memorysetup-bucket-allocator-bucket-count=8"
    "memorysetup-bucket-allocator-block-size=33554432"
    "memorysetup-bucket-allocator-block-count=8"
    "memorysetup-main-allocator-block-size=16777216"
    "memorysetup-thread-allocator-block-size=16777216"
    "memorysetup-gfx-main-allocator-block-size=16777216"
    "memorysetup-gfx-thread-allocator-block-size=16777216"
    "memorysetup-cache-allocator-block-size=4194304"
    "memorysetup-typetree-allocator-block-size=2097152"
    "memorysetup-profiler-bucket-allocator-granularity=16"
    "memorysetup-profiler-bucket-allocator-bucket-count=8"
    "memorysetup-profiler-bucket-allocator-block-size=33554432"
    "memorysetup-profiler-bucket-allocator-block-count=8"
    "memorysetup-profiler-allocator-block-size=16777216"
    "memorysetup-profiler-editor-allocator-block-size=1048576"
    "memorysetup-temp-allocator-size-main=16777216"
    "memorysetup-job-temp-allocator-block-size=2097152"
    "memorysetup-job-temp-allocator-block-size-background=1048576"
    "memorysetup-job-temp-allocator-reduction-small-platforms=262144"
    "memorysetup-temp-allocator-size-background-worker=32768"
    "memorysetup-temp-allocator-size-job-worker=262144"
    "memorysetup-temp-allocator-size-preload-manager=33554432"
    "memorysetup-temp-allocator-size-nav-mesh-worker=65536"
    "memorysetup-temp-allocator-size-audio-worker=65536"
    "memorysetup-temp-allocator-size-cloud-worker=32768"
    "memorysetup-temp-allocator-size-gi-baking-worker=262144"
    "memorysetup-temp-allocator-size-gfx=262144"
Refreshing native plugins compatible for Editor in 93.22 ms, found 4 plugins.
Preloading 0 native plugins for Editor in 0.00 ms.
Initialize engine version: 2021.3.14f1 (eee1884e7226)
[Subsystems] Discovering subsystems at path C:/Program Files/Unity/Hub/Editor/2021.3.14f1/Editor/Data/Resources/UnitySubsystems
[Subsystems] Discovering subsystems at path D:/SideScrolling_2D/Assets
GfxDevice: creating device client; threaded=0; jobified=0
Direct3D:
    Version:  Direct3D 11.0 [level 11.1]
    Renderer: NVIDIA GeForce GTX 1650 Ti (ID=0x1f95)
    Vendor:   NVIDIA
    VRAM:     3949 MB
    Driver:   31.0.15.2849
Initialize mono
Mono path[0] = 'C:/Program Files/Unity/Hub/Editor/2021.3.14f1/Editor/Data/Managed'
Mono path[1] = 'C:/Program Files/Unity/Hub/Editor/2021.3.14f1/Editor/Data/MonoBleedingEdge/lib/mono/unityjit-win32'
Mono config path = 'C:/Program Files/Unity/Hub/Editor/2021.3.14f1/Editor/Data/MonoBleedingEdge/etc'
Using monoOptions --debugger-agent=transport=dt_socket,embedding=1,server=y,suspend=n,address=127.0.0.1:56536
Begin MonoManager ReloadAssembly
Registering precompiled unity dll's ...
Register platform support module: C:/Program Files/Unity/Hub/Editor/2021.3.14f1/Editor/Data/PlaybackEngines/WebGLSupport/UnityEditor.WebGL.Extensions.dll
Register platform support module: C:/Program Files/Unity/Hub/Editor/2021.3.14f1/Editor/Data/PlaybackEngines/AndroidPlayer/UnityEditor.Android.Extensions.dll
Register platform support module: C:/Program Files/Unity/Hub/Editor/2021.3.14f1/Editor/Data/PlaybackEngines/WindowsStandaloneSupport/UnityEditor.WindowsStandalone.Extensions.dll
Registered in 0.009645 seconds.
Native extension for WindowsStandalone target not found
Native extension for Android target not found
Native extension for WebGL target not found
Refreshing native plugins compatible for Editor in 88.02 ms, found 4 plugins.
Preloading 0 native plugins for Editor in 0.00 ms.
Mono: successfully reloaded assembly
- Completed reload, in  0.709 seconds
Domain Reload Profiling:
	ReloadAssembly (710ms)
		BeginReloadAssembly (81ms)
			ExecutionOrderSort (0ms)
			DisableScriptedObjects (0ms)
			BackupInstance (0ms)
			ReleaseScriptingObjects (0ms)
			CreateAndSetChildDomain (1ms)
		EndReloadAssembly (506ms)
			LoadAssemblies (79ms)
			RebuildTransferFunctionScriptingTraits (0ms)
			SetupTypeCache (126ms)
			ReleaseScriptCaches (0ms)
			RebuildScriptCaches (28ms)
			SetupLoadedEditorAssemblies (298ms)
				LogAssemblyErrors (0ms)
				InitializePlatformSupportModulesInManaged (62ms)
				SetLoadedEditorAssemblies (2ms)
				RefreshPlugins (88ms)
				BeforeProcessingInitializeOnLoad (1ms)
				ProcessInitializeOnLoadAttributes (95ms)
				ProcessInitializeOnLoadMethodAttributes (50ms)
				AfterProcessingInitializeOnLoad (0ms)
				EditorAssembliesLoaded (0ms)
			ExecutionOrderSort2 (0ms)
			AwakeInstancesAfterBackupRestoration (0ms)
Platform modules already initialized, skipping
Registering precompiled user dll's ...
Registered in 0.005553 seconds.
Begin MonoManager ReloadAssembly
Symbol file LoadedFromMemory doesn't match image D:\SideScrolling_2D\Library\PackageCache\com.unity.visualscripting@1.7.8\Editor\VisualScripting.Core\Dependencies\YamlDotNet\Unity.VisualScripting.YamlDotNet.dll
Symbol file LoadedFromMemory doesn't match image D:\SideScrolling_2D\Library\PackageCache\com.unity.visualscripting@1.7.8\Editor\VisualScripting.Core\Dependencies\DotNetZip\Unity.VisualScripting.IonicZip.dll
Native extension for WindowsStandalone target not found
Native extension for Android target not found
Native extension for WebGL target not found
Refreshing native plugins compatible for Editor in 97.32 ms, found 4 plugins.
Preloading 0 native plugins for Editor in 0.00 ms.
Mono: successfully reloaded assembly
- Completed reload, in  1.388 seconds
Domain Reload Profiling:
	ReloadAssembly (1389ms)
		BeginReloadAssembly (240ms)
			ExecutionOrderSort (0ms)
			DisableScriptedObjects (5ms)
			BackupInstance (0ms)
			ReleaseScriptingObjects (0ms)
			CreateAndSetChildDomain (130ms)
		EndReloadAssembly (1026ms)
			LoadAssemblies (111ms)
			RebuildTransferFunctionScriptingTraits (0ms)
			SetupTypeCache (294ms)
			ReleaseScriptCaches (1ms)
			RebuildScriptCaches (70ms)
			SetupLoadedEditorAssemblies (509ms)
				LogAssemblyErrors (0ms)
				InitializePlatformSupportModulesInManaged (20ms)
				SetLoadedEditorAssemblies (0ms)
				RefreshPlugins (97ms)
				BeforeProcessingInitializeOnLoad (101ms)
				ProcessInitializeOnLoadAttributes (239ms)
				ProcessInitializeOnLoadMethodAttributes (42ms)
				AfterProcessingInitializeOnLoad (10ms)
				EditorAssembliesLoaded (0ms)
			ExecutionOrderSort2 (0ms)
			AwakeInstancesAfterBackupRestoration (5ms)
Platform modules already initialized, skipping
========================================================================
Worker process is ready to serve import requests
Launched and connected shader compiler UnityShaderCompiler.exe after 0.07 seconds
Refreshing native plugins compatible for Editor in 0.75 ms, found 4 plugins.
Preloading 0 native plugins for Editor in 0.00 ms.
Unloading 4061 Unused Serialized files (Serialized files now loaded: 0)
Unloading 38 unused Assets / (56.6 KB). Loaded Objects now: 4520.
Memory consumption went from 154.7 MB to 154.7 MB.
Total: 5.091700 ms (FindLiveObjects: 0.518900 ms CreateObjectMapping: 0.257400 ms MarkObjects: 4.062000 ms  DeleteObjects: 0.251000 ms)

AssetImportParameters requested are different than current active one (requested -> active):
  custom:video-decoder-ogg-theora: a1e56fd34408186e4bbccfd4996cb3dc -> 
  custom:container-muxer-webm: aa71ff27fc2769a1b78a27578f13a17b -> 
  custom:container-demuxer-webm: 4f35f7cbe854078d1ac9338744f61a02 -> 
  custom:video-encoder-webm-vp8: eb34c28f22e8b96e1ab97ce403110664 -> 
  custom:video-codec-MediaFoundation-h265: 746d11721c4dcdbdad8f713fa42b33f4 -> 
  custom:audio-encoder-webm-vorbis: bf7c407c2cedff20999df2af8eb42d56 -> 
  custom:framework-win-MediaFoundation: 216162199b28c13a410421893ffa2e32 -> 
  custom:container-demuxer-ogg: 62fdf1f143b41e24485cea50d1cbac27 -> 
  custom:video-decoder-webm-vp8: 9c59270c3fd7afecdb556c50c9e8de78 -> 
  custom:audio-decoder-ogg-vorbis: bf7c407c2cedff20999df2af8eb42d56 -> 
========================================================================
Received Import Request.
  Time since last request: 646.613671 seconds.
  path: Assets/Scenes/ingame.unity
  artifactKey: Guid(a30eb8b0c6273a543b5ff4fde543398b) Importer(815301076,1909f56bfc062723c751e8b465ee728b)
Start importing Assets/Scenes/ingame.unity using Guid(a30eb8b0c6273a543b5ff4fde543398b) Importer(815301076,1909f56bfc062723c751e8b465ee728b)  -> (artifact id: '40bd2a614b1e458899e76ea593e24460') in 0.009509 seconds 
========================================================================
Received Import Request.
  Time since last request: 140.832718 seconds.
  path: Assets/fonts/Mamelon.otf
  artifactKey: Guid(afaa7174f6864f5469ce3ec88c808926) Importer(815301076,1909f56bfc062723c751e8b465ee728b)
Start importing Assets/fonts/Mamelon.otf using Guid(afaa7174f6864f5469ce3ec88c808926) Importer(815301076,1909f56bfc062723c751e8b465ee728b)  -> (artifact id: 'bff932ad6bdab61f7a77a65f670860fb') in 0.122732 seconds 
========================================================================
Received Import Request.
  Time since last request: 4.870119 seconds.
  path: Assets/Hand Painted Stone Texture/Material/Stone_normal.mat
  artifactKey: Guid(5f73475cf0cad364b9800b85c2a229fc) Importer(815301076,1909f56bfc062723c751e8b465ee728b)
Start importing Assets/Hand Painted Stone Texture/Material/Stone_normal.mat using Guid(5f73475cf0cad364b9800b85c2a229fc) Importer(815301076,1909f56bfc062723c751e8b465ee728b)  -> (artifact id: '5e03b81ada7d1400ca1870b8c287a5e5') in 0.270987 seconds 
========================================================================
Received Import Request.
  Time since last request: 6.140869 seconds.
  path: Assets/Hand Painted Stone Texture/Texture/Stone_Base_Color.png
  artifactKey: Guid(48f4f66d4e15b924e845a15cc353d2db) Importer(815301076,1909f56bfc062723c751e8b465ee728b)
Start importing Assets/Hand Painted Stone Texture/Texture/Stone_Base_Color.png using Guid(48f4f66d4e15b924e845a15cc353d2db) Importer(815301076,1909f56bfc062723c751e8b465ee728b)  -> (artifact id: '58724296c279289cd19d351df41ea3ff') in 0.074059 seconds 
========================================================================
Received Import Request.
  Time since last request: 0.000034 seconds.
  path: Assets/Hand Painted Stone Texture/Texture/Stone_Roughness.png
  artifactKey: Guid(7bd79b1b559c13c4ea25e26930a8d68f) Importer(815301076,1909f56bfc062723c751e8b465ee728b)
Start importing Assets/Hand Painted Stone Texture/Texture/Stone_Roughness.png using Guid(7bd79b1b559c13c4ea25e26930a8d68f) Importer(815301076,1909f56bfc062723c751e8b465ee728b)  -> (artifact id: '08f1f8e440047ff0ebd351be8a1e22e9') in 0.016208 seconds 
========================================================================
Received Import Request.
  Time since last request: 36.118608 seconds.
  path: Assets/png/bridge.png
  artifactKey: Guid(25c5061b212a4c040b56e619e484a84d) Importer(815301076,1909f56bfc062723c751e8b465ee728b)
Start importing Assets/png/bridge.png using Guid(25c5061b212a4c040b56e619e484a84d) Importer(815301076,1909f56bfc062723c751e8b465ee728b)  -> (artifact id: '245bf50c40b717a071a75676959d82c4') in 0.059723 seconds 
========================================================================
Received Import Request.
  Time since last request: 0.000026 seconds.
  path: Assets/png/T1.png
  artifactKey: Guid(9565f66ffb89dfc4e816fb07adcfb726) Importer(815301076,1909f56bfc062723c751e8b465ee728b)
Start importing Assets/png/T1.png using Guid(9565f66ffb89dfc4e816fb07adcfb726) Importer(815301076,1909f56bfc062723c751e8b465ee728b)  -> (artifact id: 'fa96fd5f2d81e55e2a3fbd8a547a97cd') in 0.027230 seconds 
========================================================================
Received Import Request.
  Time since last request: 0.000035 seconds.
  path: Assets/png/Isometric_Fantasy_Abandoned_cyberpunk_street_Create_a_desolate_1.jpg
  artifactKey: Guid(ab50ab89634508549ac8f3e8a912384c) Importer(815301076,1909f56bfc062723c751e8b465ee728b)
Start importing Assets/png/Isometric_Fantasy_Abandoned_cyberpunk_street_Create_a_desolate_1.jpg using Guid(ab50ab89634508549ac8f3e8a912384c) Importer(815301076,1909f56bfc062723c751e8b465ee728b)  -> (artifact id: '06dcb8f61d22f335a23f0ea087ce47e2') in 0.239194 seconds 
========================================================================
Received Import Request.
  Time since last request: 1558.317769 seconds.
  path: Assets/Prefeb/bridge_1.prefab
  artifactKey: Guid(987a0c18e79825d4d9feb553be1ed35e) Importer(815301076,1909f56bfc062723c751e8b465ee728b)
Start importing Assets/Prefeb/bridge_1.prefab using Guid(987a0c18e79825d4d9feb553be1ed35e) Importer(815301076,1909f56bfc062723c751e8b465ee728b)  -> (artifact id: '38ee3d614944c26f021699ccc2b337df') in 0.036157 seconds 
========================================================================
Received Import Request.
  Time since last request: 58.003176 seconds.
  path: Assets/palette/back_0.asset
  artifactKey: Guid(b08c8263877d3724bb5ee5cbd5ec3fc5) Importer(815301076,1909f56bfc062723c751e8b465ee728b)
Start importing Assets/palette/back_0.asset using Guid(b08c8263877d3724bb5ee5cbd5ec3fc5) Importer(815301076,1909f56bfc062723c751e8b465ee728b)  -> (artifact id: 'bf321df0cabc6c1fe8993f95010b840a') in 0.014015 seconds 
========================================================================
Received Import Request.
  Time since last request: 0.000625 seconds.
  path: Assets/palette/back_3.asset
  artifactKey: Guid(515eaec363b87eb4cbffe9f76595b4cf) Importer(815301076,1909f56bfc062723c751e8b465ee728b)
Start importing Assets/palette/back_3.asset using Guid(515eaec363b87eb4cbffe9f76595b4cf) Importer(815301076,1909f56bfc062723c751e8b465ee728b)  -> (artifact id: '47296569d301181368863af81432ccc3') in 0.009576 seconds 
========================================================================
Received Import Request.
  Time since last request: 0.000034 seconds.
  path: Assets/palette/back_1.asset
  artifactKey: Guid(9f210cbb79822044ab67fb57d0e23e8e) Importer(815301076,1909f56bfc062723c751e8b465ee728b)
Start importing Assets/palette/back_1.asset using Guid(9f210cbb79822044ab67fb57d0e23e8e) Importer(815301076,1909f56bfc062723c751e8b465ee728b)  -> (artifact id: 'e60cf94e02bf40f90a1863ad10dc0333') in 0.011806 seconds 
========================================================================
Received Import Request.
  Time since last request: 0.000018 seconds.
  path: Assets/palette/back_6.asset
  artifactKey: Guid(d7b8a1f0637d4704f9bcaa212835cf97) Importer(815301076,1909f56bfc062723c751e8b465ee728b)
Start importing Assets/palette/back_6.asset using Guid(d7b8a1f0637d4704f9bcaa212835cf97) Importer(815301076,1909f56bfc062723c751e8b465ee728b)  -> (artifact id: 'e9b66b9d9c15a34a96c21b6a6b86532d') in 0.009133 seconds 
========================================================================
Received Import Request.
  Time since last request: 0.000035 seconds.
  path: Assets/palette/back_4.asset
  artifactKey: Guid(c0de42bd3e04b6c40976d5a9cda9bccd) Importer(815301076,1909f56bfc062723c751e8b465ee728b)
Start importing Assets/palette/back_4.asset using Guid(c0de42bd3e04b6c40976d5a9cda9bccd) Importer(815301076,1909f56bfc062723c751e8b465ee728b)  -> (artifact id: 'a4c651e1763281b1d80a0c4a509e0cc0') in 0.009010 seconds 
========================================================================
Received Import Request.
  Time since last request: 0.000020 seconds.
  path: Assets/palette/back_5.asset
  artifactKey: Guid(7c865c943ba8e284f97cb6a1d398aba5) Importer(815301076,1909f56bfc062723c751e8b465ee728b)
Start importing Assets/palette/back_5.asset using Guid(7c865c943ba8e284f97cb6a1d398aba5) Importer(815301076,1909f56bfc062723c751e8b465ee728b)  -> (artifact id: '2304ba507feeb0f864049cc999a7e39e') in 0.008612 seconds 
========================================================================
Received Import Request.
  Time since last request: 33.120937 seconds.
  path: Assets/TileableBricksWall/Textures/Bricks_normal.TGA
  artifactKey: Guid(1190d41b950921e44a16b0f6319d4e97) Importer(815301076,1909f56bfc062723c751e8b465ee728b)
Start importing Assets/TileableBricksWall/Textures/Bricks_normal.TGA using Guid(1190d41b950921e44a16b0f6319d4e97) Importer(815301076,1909f56bfc062723c751e8b465ee728b)  -> (artifact id: 'c9abf0f551967099bfd898e46619ac5d') in 0.048923 seconds 
========================================================================
Received Import Request.
  Time since last request: 0.000037 seconds.
  path: Assets/TileableBricksWall/Textures/Height_map.TGA
  artifactKey: Guid(c2d480cfeca8d5e418965feb1ec15754) Importer(815301076,1909f56bfc062723c751e8b465ee728b)
Start importing Assets/TileableBricksWall/Textures/Height_map.TGA using Guid(c2d480cfeca8d5e418965feb1ec15754) Importer(815301076,1909f56bfc062723c751e8b465ee728b)  -> (artifact id: 'c80726d26ec15c6461bc3333eb8acc95') in 0.009373 seconds 
========================================================================
Received Import Request.
  Time since last request: 203.621767 seconds.
  path: Assets/TextMesh Pro/Fonts/LiberationSans.ttf
  artifactKey: Guid(e3265ab4bf004d28a9537516768c1c75) Importer(815301076,1909f56bfc062723c751e8b465ee728b)
Start importing Assets/TextMesh Pro/Fonts/LiberationSans.ttf using Guid(e3265ab4bf004d28a9537516768c1c75) Importer(815301076,1909f56bfc062723c751e8b465ee728b)  -> (artifact id: 'f3bd036785823e2281556a384dd6489b') in 0.015890 seconds 
========================================================================
Received Import Request.
  Time since last request: 1.855023 seconds.
  path: Assets/TextMesh Pro/Sprites/EmojiOne.png
  artifactKey: Guid(dffef66376be4fa480fb02b19edbe903) Importer(815301076,1909f56bfc062723c751e8b465ee728b)
Start importing Assets/TextMesh Pro/Sprites/EmojiOne.png using Guid(dffef66376be4fa480fb02b19edbe903) Importer(815301076,1909f56bfc062723c751e8b465ee728b)  -> (artifact id: '1d091aac94dfffa1232da649a8c5b66c') in 0.011886 seconds 
========================================================================
Received Import Request.
  Time since last request: 1.383940 seconds.
  path: Assets/TextMesh Pro/Resources/TMP Settings.asset
  artifactKey: Guid(3f5b5dff67a942289a9defa416b206f3) Importer(815301076,1909f56bfc062723c751e8b465ee728b)
Start importing Assets/TextMesh Pro/Resources/TMP Settings.asset using Guid(3f5b5dff67a942289a9defa416b206f3) Importer(815301076,1909f56bfc062723c751e8b465ee728b)  -> (artifact id: '7d39d3b365ae06f4a5d582e5614ba55e') in 0.035555 seconds 
========================================================================
Received Import Request.
  Time since last request: 10.380747 seconds.
  path: Assets/chr_op01 1.png
  artifactKey: Guid(2826d49d8f7739f4e8c58a241024c2cd) Importer(815301076,1909f56bfc062723c751e8b465ee728b)
Start importing Assets/chr_op01 1.png using Guid(2826d49d8f7739f4e8c58a241024c2cd) Importer(815301076,1909f56bfc062723c751e8b465ee728b)  -> (artifact id: '8bdfc6fe329757c85d195236aa163e9c') in 0.177296 seconds 
========================================================================
Received Import Request.
  Time since last request: 168.890835 seconds.
  path: Assets/Dark_Forest/Scene
  artifactKey: Guid(335352e714f06b546abe656e7232e6ba) Importer(815301076,1909f56bfc062723c751e8b465ee728b)
Start importing Assets/Dark_Forest/Scene using Guid(335352e714f06b546abe656e7232e6ba) Importer(815301076,1909f56bfc062723c751e8b465ee728b)  -> (artifact id: 'ad1bb0046fd5ea61a9944c00208b2570') in 0.001762 seconds 
========================================================================
Received Import Request.
  Time since last request: 5.195888 seconds.
  path: Assets/Dark_Forest/Sprites
  artifactKey: Guid(53b18ec03c58d014facad036cb3af20b) Importer(815301076,1909f56bfc062723c751e8b465ee728b)
Start importing Assets/Dark_Forest/Sprites using Guid(53b18ec03c58d014facad036cb3af20b) Importer(815301076,1909f56bfc062723c751e8b465ee728b)  -> (artifact id: '5f7da34c0d16647b59908c4005f4edc3') in 0.002021 seconds 
========================================================================
Received Import Request.
  Time since last request: 0.074334 seconds.
  path: Assets/Dark_Forest/Sprites/bgrd_tree1.png
  artifactKey: Guid(de3df8bfabc7d93479736fa4c153cb5d) Importer(815301076,1909f56bfc062723c751e8b465ee728b)
Start importing Assets/Dark_Forest/Sprites/bgrd_tree1.png using Guid(de3df8bfabc7d93479736fa4c153cb5d) Importer(815301076,1909f56bfc062723c751e8b465ee728b)  -> (artifact id: '78550f3fa5f0073f7683ab9e51d4108e') in 0.028652 seconds 
========================================================================
Received Import Request.
  Time since last request: 0.000030 seconds.
  path: Assets/Dark_Forest/Sprites/env_mon.png
  artifactKey: Guid(6a23b508abd49df48b72ee49cd47bf8a) Importer(815301076,1909f56bfc062723c751e8b465ee728b)
Start importing Assets/Dark_Forest/Sprites/env_mon.png using Guid(6a23b508abd49df48b72ee49cd47bf8a) Importer(815301076,1909f56bfc062723c751e8b465ee728b)  -> (artifact id: '7ff82df8eed3c60e8daa070f074464ae') in 0.024928 seconds 
========================================================================
Received Import Request.
  Time since last request: 0.000025 seconds.
  path: Assets/Dark_Forest/Sprites/bgrd_tree4.png
  artifactKey: Guid(3b5a750494478e543be641d3aed3b6fe) Importer(815301076,1909f56bfc062723c751e8b465ee728b)
Start importing Assets/Dark_Forest/Sprites/bgrd_tree4.png using Guid(3b5a750494478e543be641d3aed3b6fe) Importer(815301076,1909f56bfc062723c751e8b465ee728b)  -> (artifact id: 'a92af9c923211f5133949aa08e5cc825') in 0.019124 seconds 
========================================================================
Received Import Request.
  Time since last request: 0.000028 seconds.
  path: Assets/Dark_Forest/Sprites/bgrd_tree3.png
  artifactKey: Guid(9615eb05c38a5024da20b41889bf96d4) Importer(815301076,1909f56bfc062723c751e8b465ee728b)
Start importing Assets/Dark_Forest/Sprites/bgrd_tree3.png using Guid(9615eb05c38a5024da20b41889bf96d4) Importer(815301076,1909f56bfc062723c751e8b465ee728b)  -> (artifact id: 'eec03701f71200e4e31dd0cfa91444b7') in 0.022198 seconds 
========================================================================
Received Import Request.
  Time since last request: 0.000031 seconds.
  path: Assets/Dark_Forest/Sprites/bgrd_tree5.png
  artifactKey: Guid(49a21a9300fcd1e4380acf24d06aafc1) Importer(815301076,1909f56bfc062723c751e8b465ee728b)
Start importing Assets/Dark_Forest/Sprites/bgrd_tree5.png using Guid(49a21a9300fcd1e4380acf24d06aafc1) Importer(815301076,1909f56bfc062723c751e8b465ee728b)  -> (artifact id: '2384c45b7be34e79ae5de4fe04a36b37') in 0.020601 seconds 
========================================================================
Received Import Request.
  Time since last request: 0.000023 seconds.
  path: Assets/Dark_Forest/Sprites/env_rock.png
  artifactKey: Guid(93c7f893ffffbec45b617e1c3e375f94) Importer(815301076,1909f56bfc062723c751e8b465ee728b)
Start importing Assets/Dark_Forest/Sprites/env_rock.png using Guid(93c7f893ffffbec45b617e1c3e375f94) Importer(815301076,1909f56bfc062723c751e8b465ee728b)  -> (artifact id: '8da84855a44f08593b0a56d2efcbf8af') in 0.025428 seconds 
========================================================================
Received Import Request.
  Time since last request: 5.365227 seconds.
  path: Assets/Dark_Forest/Sprites/env_trees.png
  artifactKey: Guid(c70abfca77f36714b92b411ffbced25c) Importer(815301076,1909f56bfc062723c751e8b465ee728b)
Start importing Assets/Dark_Forest/Sprites/env_trees.png using Guid(c70abfca77f36714b92b411ffbced25c) Importer(815301076,1909f56bfc062723c751e8b465ee728b)  -> (artifact id: '24553d194bf3bfeea1074343dee7ebc4') in 0.027820 seconds 
========================================================================
Received Import Request.
  Time since last request: 2.482866 seconds.
  path: Assets/Dark_Forest/Sprites/top_far_bgrnd.png
  artifactKey: Guid(550e91c594125c5409bd8646924ced15) Importer(815301076,1909f56bfc062723c751e8b465ee728b)
Start importing Assets/Dark_Forest/Sprites/top_far_bgrnd.png using Guid(550e91c594125c5409bd8646924ced15) Importer(815301076,1909f56bfc062723c751e8b465ee728b)  -> (artifact id: '6b83a402ebbcad31cfc3473fe1940bb6') in 0.048273 seconds 
========================================================================
Received Import Request.
  Time since last request: 64.139557 seconds.
  path: Assets/Dark_Forest/Sprites/Sliced
  artifactKey: Guid(b0cc024f97bc52c439f6d01fd30ebef9) Importer(815301076,1909f56bfc062723c751e8b465ee728b)
Start importing Assets/Dark_Forest/Sprites/Sliced using Guid(b0cc024f97bc52c439f6d01fd30ebef9) Importer(815301076,1909f56bfc062723c751e8b465ee728b)  -> (artifact id: 'bc5743296c06f7e6aa23ad536156b1df') in 0.003244 seconds 
========================================================================
Received Import Request.
  Time since last request: 0.108260 seconds.
  path: Assets/Dark_Forest/Sprites/Sliced/bgrd_tree1.png
  artifactKey: Guid(59c40e9bf99ef3b478c974531f9e6d38) Importer(815301076,1909f56bfc062723c751e8b465ee728b)
Start importing Assets/Dark_Forest/Sprites/Sliced/bgrd_tree1.png using Guid(59c40e9bf99ef3b478c974531f9e6d38) Importer(815301076,1909f56bfc062723c751e8b465ee728b)  -> (artifact id: '04d2693bdc599b00de95195fe9431bde') in 0.018754 seconds 
========================================================================
Received Import Request.
  Time since last request: 0.000053 seconds.
  path: Assets/Dark_Forest/Sprites/Sliced/castle_env.png
  artifactKey: Guid(f92108e62af6ac444980a5f1a0acb5b8) Importer(815301076,1909f56bfc062723c751e8b465ee728b)
Start importing Assets/Dark_Forest/Sprites/Sliced/castle_env.png using Guid(f92108e62af6ac444980a5f1a0acb5b8) Importer(815301076,1909f56bfc062723c751e8b465ee728b)  -> (artifact id: '3ed255ed5b6bf3fbac8c8611e48ae426') in 2.764945 seconds 
========================================================================
Received Import Request.
  Time since last request: 0.000044 seconds.
  path: Assets/Dark_Forest/Sprites/Sliced/env_trees.png
  artifactKey: Guid(a86ab2c3b362abd4bb90af1bb44aff3b) Importer(815301076,1909f56bfc062723c751e8b465ee728b)
Start importing Assets/Dark_Forest/Sprites/Sliced/env_trees.png using Guid(a86ab2c3b362abd4bb90af1bb44aff3b) Importer(815301076,1909f56bfc062723c751e8b465ee728b)  -> (artifact id: 'c1fea146c6ac7b609a18b8c6492d1ec1') in 1.433279 seconds 
Editor requested this worker to shutdown with reason: Scaling down because of idle timeout
AssetImportWorker is now disconnected from the server
Process exiting
Exiting without the bug reporter. Application will terminate with return code 0