Using pre-set license
Built from '2021.3/staging' branch; Version is '2021.3.14f1 (eee1884e7226) revision 15655304'; Using compiler version '192829333'; Build Type 'Release'
OS: 'Windows 10  (10.0.19045) 64bit Core' Language: 'zh' Physical Memory: 15791 MB
BatchMode: 1, IsHumanControllingUs: 0, StartBugReporterOnCrash: 0, Is64bit: 1, IsPro: 1

COMMAND LINE ARGUMENTS:
C:\Program Files\Unity\Hub\Editor\2021.3.14f1\Editor\Unity.exe
-adb2
-batchMode
-noUpm
-name
AssetImportWorker4
-projectPath
D:/SideScrolling_2D
-logFile
Logs/AssetImportWorker4.log
-srvPort
51086
Successfully changed project path to: D:/SideScrolling_2D
D:/SideScrolling_2D
[UnityMemory] Configuration Parameters - Can be set up in boot.config
    "memorysetup-bucket-allocator-granularity=16"
    "memorysetup-bucket-allocator-bucket-count=8"
    "memorysetup-bucket-allocator-block-size=33554432"
    "memorysetup-bucket-allocator-block-count=8"
    "memorysetup-main-allocator-block-size=16777216"
    "memorysetup-thread-allocator-block-size=16777216"
    "memorysetup-gfx-main-allocator-block-size=16777216"
    "memorysetup-gfx-thread-allocator-block-size=16777216"
    "memorysetup-cache-allocator-block-size=4194304"
    "memorysetup-typetree-allocator-block-size=2097152"
    "memorysetup-profiler-bucket-allocator-granularity=16"
    "memorysetup-profiler-bucket-allocator-bucket-count=8"
    "memorysetup-profiler-bucket-allocator-block-size=33554432"
    "memorysetup-profiler-bucket-allocator-block-count=8"
    "memorysetup-profiler-allocator-block-size=16777216"
    "memorysetup-profiler-editor-allocator-block-size=1048576"
    "memorysetup-temp-allocator-size-main=16777216"
    "memorysetup-job-temp-allocator-block-size=2097152"
    "memorysetup-job-temp-allocator-block-size-background=1048576"
    "memorysetup-job-temp-allocator-reduction-small-platforms=262144"
    "memorysetup-temp-allocator-size-background-worker=32768"
    "memorysetup-temp-allocator-size-job-worker=262144"
    "memorysetup-temp-allocator-size-preload-manager=33554432"
    "memorysetup-temp-allocator-size-nav-mesh-worker=65536"
    "memorysetup-temp-allocator-size-audio-worker=65536"
    "memorysetup-temp-allocator-size-cloud-worker=32768"
    "memorysetup-temp-allocator-size-gi-baking-worker=262144"
    "memorysetup-temp-allocator-size-gfx=262144"
Refreshing native plugins compatible for Editor in 180.10 ms, found 4 plugins.
Preloading 0 native plugins for Editor in 0.00 ms.
Initialize engine version: 2021.3.14f1 (eee1884e7226)
[Subsystems] Discovering subsystems at path C:/Program Files/Unity/Hub/Editor/2021.3.14f1/Editor/Data/Resources/UnitySubsystems
[Subsystems] Discovering subsystems at path D:/SideScrolling_2D/Assets
GfxDevice: creating device client; threaded=0; jobified=0
Direct3D:
    Version:  Direct3D 11.0 [level 11.1]
    Renderer: NVIDIA GeForce GTX 1650 Ti (ID=0x1f95)
    Vendor:   NVIDIA
    VRAM:     3949 MB
    Driver:   31.0.15.2849
Initialize mono
Mono path[0] = 'C:/Program Files/Unity/Hub/Editor/2021.3.14f1/Editor/Data/Managed'
Mono path[1] = 'C:/Program Files/Unity/Hub/Editor/2021.3.14f1/Editor/Data/MonoBleedingEdge/lib/mono/unityjit-win32'
Mono config path = 'C:/Program Files/Unity/Hub/Editor/2021.3.14f1/Editor/Data/MonoBleedingEdge/etc'
Using monoOptions --debugger-agent=transport=dt_socket,embedding=1,server=y,suspend=n,address=127.0.0.1:56836
Begin MonoManager ReloadAssembly
Registering precompiled unity dll's ...
Register platform support module: C:/Program Files/Unity/Hub/Editor/2021.3.14f1/Editor/Data/PlaybackEngines/WebGLSupport/UnityEditor.WebGL.Extensions.dll
Register platform support module: C:/Program Files/Unity/Hub/Editor/2021.3.14f1/Editor/Data/PlaybackEngines/AndroidPlayer/UnityEditor.Android.Extensions.dll
Register platform support module: C:/Program Files/Unity/Hub/Editor/2021.3.14f1/Editor/Data/PlaybackEngines/WindowsStandaloneSupport/UnityEditor.WindowsStandalone.Extensions.dll
Registered in 0.010768 seconds.
Native extension for WindowsStandalone target not found
Native extension for Android target not found
Native extension for WebGL target not found
Refreshing native plugins compatible for Editor in 117.21 ms, found 4 plugins.
Preloading 0 native plugins for Editor in 0.00 ms.
Mono: successfully reloaded assembly
- Completed reload, in  0.813 seconds
Domain Reload Profiling:
	ReloadAssembly (814ms)
		BeginReloadAssembly (99ms)
			ExecutionOrderSort (0ms)
			DisableScriptedObjects (0ms)
			BackupInstance (0ms)
			ReleaseScriptingObjects (0ms)
			CreateAndSetChildDomain (1ms)
		EndReloadAssembly (578ms)
			LoadAssemblies (98ms)
			RebuildTransferFunctionScriptingTraits (0ms)
			SetupTypeCache (130ms)
			ReleaseScriptCaches (0ms)
			RebuildScriptCaches (30ms)
			SetupLoadedEditorAssemblies (354ms)
				LogAssemblyErrors (0ms)
				InitializePlatformSupportModulesInManaged (71ms)
				SetLoadedEditorAssemblies (0ms)
				RefreshPlugins (117ms)
				BeforeProcessingInitializeOnLoad (1ms)
				ProcessInitializeOnLoadAttributes (113ms)
				ProcessInitializeOnLoadMethodAttributes (51ms)
				AfterProcessingInitializeOnLoad (0ms)
				EditorAssembliesLoaded (0ms)
			ExecutionOrderSort2 (0ms)
			AwakeInstancesAfterBackupRestoration (0ms)
Platform modules already initialized, skipping
Registering precompiled user dll's ...
Registered in 0.009114 seconds.
Begin MonoManager ReloadAssembly
Symbol file LoadedFromMemory doesn't match image D:\SideScrolling_2D\Library\PackageCache\com.unity.visualscripting@1.7.8\Editor\VisualScripting.Core\Dependencies\YamlDotNet\Unity.VisualScripting.YamlDotNet.dll
Symbol file LoadedFromMemory doesn't match image D:\SideScrolling_2D\Library\PackageCache\com.unity.visualscripting@1.7.8\Editor\VisualScripting.Core\Dependencies\DotNetZip\Unity.VisualScripting.IonicZip.dll
Native extension for WindowsStandalone target not found
Native extension for Android target not found
Native extension for WebGL target not found
Refreshing native plugins compatible for Editor in 114.32 ms, found 4 plugins.
Preloading 0 native plugins for Editor in 0.00 ms.
Mono: successfully reloaded assembly
- Completed reload, in  1.487 seconds
Domain Reload Profiling:
	ReloadAssembly (1488ms)
		BeginReloadAssembly (255ms)
			ExecutionOrderSort (0ms)
			DisableScriptedObjects (9ms)
			BackupInstance (0ms)
			ReleaseScriptingObjects (0ms)
			CreateAndSetChildDomain (142ms)
		EndReloadAssembly (1101ms)
			LoadAssemblies (117ms)
			RebuildTransferFunctionScriptingTraits (0ms)
			SetupTypeCache (288ms)
			ReleaseScriptCaches (1ms)
			RebuildScriptCaches (69ms)
			SetupLoadedEditorAssemblies (582ms)
				LogAssemblyErrors (0ms)
				InitializePlatformSupportModulesInManaged (26ms)
				SetLoadedEditorAssemblies (0ms)
				RefreshPlugins (114ms)
				BeforeProcessingInitializeOnLoad (104ms)
				ProcessInitializeOnLoadAttributes (278ms)
				ProcessInitializeOnLoadMethodAttributes (49ms)
				AfterProcessingInitializeOnLoad (11ms)
				EditorAssembliesLoaded (0ms)
			ExecutionOrderSort2 (0ms)
			AwakeInstancesAfterBackupRestoration (7ms)
Platform modules already initialized, skipping
========================================================================
Worker process is ready to serve import requests
Launched and connected shader compiler UnityShaderCompiler.exe after 0.11 seconds
Refreshing native plugins compatible for Editor in 1.33 ms, found 4 plugins.
Preloading 0 native plugins for Editor in 0.00 ms.
Unloading 4061 Unused Serialized files (Serialized files now loaded: 0)
Unloading 38 unused Assets / (57.1 KB). Loaded Objects now: 4521.
Memory consumption went from 154.8 MB to 154.8 MB.
Total: 4.199200 ms (FindLiveObjects: 0.463900 ms CreateObjectMapping: 0.135900 ms MarkObjects: 3.461800 ms  DeleteObjects: 0.135000 ms)

AssetImportParameters requested are different than current active one (requested -> active):
  custom:video-decoder-ogg-theora: a1e56fd34408186e4bbccfd4996cb3dc -> 
  custom:container-muxer-webm: aa71ff27fc2769a1b78a27578f13a17b -> 
  custom:container-demuxer-webm: 4f35f7cbe854078d1ac9338744f61a02 -> 
  custom:video-encoder-webm-vp8: eb34c28f22e8b96e1ab97ce403110664 -> 
  custom:video-codec-MediaFoundation-h265: 746d11721c4dcdbdad8f713fa42b33f4 -> 
  custom:audio-encoder-webm-vorbis: bf7c407c2cedff20999df2af8eb42d56 -> 
  custom:framework-win-MediaFoundation: 216162199b28c13a410421893ffa2e32 -> 
  custom:container-demuxer-ogg: 62fdf1f143b41e24485cea50d1cbac27 -> 
  custom:video-decoder-webm-vp8: 9c59270c3fd7afecdb556c50c9e8de78 -> 
  custom:audio-decoder-ogg-vorbis: bf7c407c2cedff20999df2af8eb42d56 -> 
========================================================================
Received Import Request.
  Time since last request: 4227.408849 seconds.
  path: Assets/palette/castle_env_727.asset
  artifactKey: Guid(fefd31b685099ee47bd8ae7220df12a5) Importer(815301076,1909f56bfc062723c751e8b465ee728b)
Start importing Assets/palette/castle_env_727.asset using Guid(fefd31b685099ee47bd8ae7220df12a5) Importer(815301076,1909f56bfc062723c751e8b465ee728b)  -> (artifact id: '6dfa2eecb2a7bab5cd0b3aeb57afa53b') in 0.047142 seconds 
========================================================================
Received Import Request.
  Time since last request: 0.000025 seconds.
  path: Assets/palette/castle_env_551.asset
  artifactKey: Guid(b72fd64b9bb46dd42b85a67855511eab) Importer(815301076,1909f56bfc062723c751e8b465ee728b)
Start importing Assets/palette/castle_env_551.asset using Guid(b72fd64b9bb46dd42b85a67855511eab) Importer(815301076,1909f56bfc062723c751e8b465ee728b)  -> (artifact id: 'd93de20ed4db84804e57bf7afdc7ae5d') in 0.006590 seconds 
========================================================================
Received Import Request.
  Time since last request: 0.000036 seconds.
  path: Assets/palette/wood_env_33.asset
  artifactKey: Guid(00f42543f13e34844ab3ec139e006867) Importer(815301076,1909f56bfc062723c751e8b465ee728b)
Start importing Assets/palette/wood_env_33.asset using Guid(00f42543f13e34844ab3ec139e006867) Importer(815301076,1909f56bfc062723c751e8b465ee728b)  -> (artifact id: '5b394d53bf5b26b3c3b4f6c55753c0ab') in 0.026707 seconds 
========================================================================
Received Import Request.
  Time since last request: 0.000040 seconds.
  path: Assets/palette/env_mon_457.asset
  artifactKey: Guid(53472308e1f78234f97fcaad52a8674b) Importer(815301076,1909f56bfc062723c751e8b465ee728b)
Start importing Assets/palette/env_mon_457.asset using Guid(53472308e1f78234f97fcaad52a8674b) Importer(815301076,1909f56bfc062723c751e8b465ee728b)  -> (artifact id: '45dcc2b525189249592901f3ded4f346') in 0.004833 seconds 
========================================================================
Received Import Request.
  Time since last request: 0.000024 seconds.
  path: Assets/palette/env_rock_102.asset
  artifactKey: Guid(15886baa09541da47b8c2596aa427421) Importer(815301076,1909f56bfc062723c751e8b465ee728b)
Start importing Assets/palette/env_rock_102.asset using Guid(15886baa09541da47b8c2596aa427421) Importer(815301076,1909f56bfc062723c751e8b465ee728b)  -> (artifact id: '77c96044f1f3f075d89fe78b444bdb4c') in 0.022129 seconds 
========================================================================
Received Import Request.
  Time since last request: 0.000025 seconds.
  path: Assets/palette/castle_env_944.asset
  artifactKey: Guid(466973d77341fe047b8e351c766ef9b6) Importer(815301076,1909f56bfc062723c751e8b465ee728b)
Start importing Assets/palette/castle_env_944.asset using Guid(466973d77341fe047b8e351c766ef9b6) Importer(815301076,1909f56bfc062723c751e8b465ee728b)  -> (artifact id: 'e1eebcd76bcfed93b68b54174ea5c331') in 0.003863 seconds 
========================================================================
Received Import Request.
  Time since last request: 0.000029 seconds.
  path: Assets/palette/wood_env_31.asset
  artifactKey: Guid(450ef15acf02f3c40b900c07ffc01f25) Importer(815301076,1909f56bfc062723c751e8b465ee728b)
Start importing Assets/palette/wood_env_31.asset using Guid(450ef15acf02f3c40b900c07ffc01f25) Importer(815301076,1909f56bfc062723c751e8b465ee728b)  -> (artifact id: 'bc2ade26fa7accdab60fa17105e2f8cb') in 0.007155 seconds 
========================================================================
Received Import Request.
  Time since last request: 0.000033 seconds.
  path: Assets/palette/castle_env_968.asset
  artifactKey: Guid(e5fb1b60f02cf724faca7a9c6cc26322) Importer(815301076,1909f56bfc062723c751e8b465ee728b)
Start importing Assets/palette/castle_env_968.asset using Guid(e5fb1b60f02cf724faca7a9c6cc26322) Importer(815301076,1909f56bfc062723c751e8b465ee728b)  -> (artifact id: 'c4715c27d67e9240b636cd06bdda04f2') in 0.004655 seconds 
========================================================================
Received Import Request.
  Time since last request: 0.000039 seconds.
  path: Assets/palette/castle_env_676.asset
  artifactKey: Guid(35503f89f088b5045916404680405dbd) Importer(815301076,1909f56bfc062723c751e8b465ee728b)
Start importing Assets/palette/castle_env_676.asset using Guid(35503f89f088b5045916404680405dbd) Importer(815301076,1909f56bfc062723c751e8b465ee728b)  -> (artifact id: '85dac713324b69ae9d4e9d7142e69fd6') in 0.004746 seconds 
========================================================================
Received Import Request.
  Time since last request: 0.000030 seconds.
  path: Assets/palette/env_rock_299.asset
  artifactKey: Guid(5b4d4603f5ea98b469703260765d13f0) Importer(815301076,1909f56bfc062723c751e8b465ee728b)
Start importing Assets/palette/env_rock_299.asset using Guid(5b4d4603f5ea98b469703260765d13f0) Importer(815301076,1909f56bfc062723c751e8b465ee728b)  -> (artifact id: '7ed49a1c8a6b4838ae1964175eb870cd') in 0.045674 seconds 
========================================================================
Received Import Request.
  Time since last request: 0.000029 seconds.
  path: Assets/palette/castle_env_555.asset
  artifactKey: Guid(103ef0f2e1b892040ad72fa262751d2d) Importer(815301076,1909f56bfc062723c751e8b465ee728b)
Start importing Assets/palette/castle_env_555.asset using Guid(103ef0f2e1b892040ad72fa262751d2d) Importer(815301076,1909f56bfc062723c751e8b465ee728b)  -> (artifact id: '2a62011810633e4fbffc7bad6c739ee9') in 0.004549 seconds 
========================================================================
Received Import Request.
  Time since last request: 0.000032 seconds.
  path: Assets/palette/env_mon_265.asset
  artifactKey: Guid(e40e5e5f44aad3f43aecf44dafa39ec3) Importer(815301076,1909f56bfc062723c751e8b465ee728b)
Start importing Assets/palette/env_mon_265.asset using Guid(e40e5e5f44aad3f43aecf44dafa39ec3) Importer(815301076,1909f56bfc062723c751e8b465ee728b)  -> (artifact id: 'cb624c6d39ce066864e199b852fd0b3c') in 0.004302 seconds 
========================================================================
Received Import Request.
  Time since last request: 0.000028 seconds.
  path: Assets/palette/castle_env_667.asset
  artifactKey: Guid(0a9e930b44449954ea2c9f1b2bcfa1c6) Importer(815301076,1909f56bfc062723c751e8b465ee728b)
Start importing Assets/palette/castle_env_667.asset using Guid(0a9e930b44449954ea2c9f1b2bcfa1c6) Importer(815301076,1909f56bfc062723c751e8b465ee728b)  -> (artifact id: 'bc186d3c58839339b4dc20e32d2310dd') in 0.005242 seconds 
========================================================================
Received Import Request.
  Time since last request: 0.000032 seconds.
  path: Assets/palette/env_mon_106.asset
  artifactKey: Guid(bb4af41f8d764c5478e3f21fef47c3db) Importer(815301076,1909f56bfc062723c751e8b465ee728b)
Start importing Assets/palette/env_mon_106.asset using Guid(bb4af41f8d764c5478e3f21fef47c3db) Importer(815301076,1909f56bfc062723c751e8b465ee728b)  -> (artifact id: '1f81a5a559302af58ff6d3dd5d28b2a6') in 0.004765 seconds 
========================================================================
Received Import Request.
  Time since last request: 0.000022 seconds.
  path: Assets/palette/castle_env_874.asset
  artifactKey: Guid(c6e32a0ba9b111045b1cef9968f2fe37) Importer(815301076,1909f56bfc062723c751e8b465ee728b)
Start importing Assets/palette/castle_env_874.asset using Guid(c6e32a0ba9b111045b1cef9968f2fe37) Importer(815301076,1909f56bfc062723c751e8b465ee728b)  -> (artifact id: '6f399dc0790f7d25be191b9f3b6e2bb6') in 0.004738 seconds 
========================================================================
Received Import Request.
  Time since last request: 0.000028 seconds.
  path: Assets/palette/castle_env_998.asset
  artifactKey: Guid(26393a55838710d43985d98ed9bf99c0) Importer(815301076,1909f56bfc062723c751e8b465ee728b)
Start importing Assets/palette/castle_env_998.asset using Guid(26393a55838710d43985d98ed9bf99c0) Importer(815301076,1909f56bfc062723c751e8b465ee728b)  -> (artifact id: '39151e7ec82413588917a55232407bf0') in 0.004470 seconds 
========================================================================
Received Import Request.
  Time since last request: 0.000026 seconds.
  path: Assets/palette/castle_env_771.asset
  artifactKey: Guid(f0b515dfc6d62c144a7eee3305c948e5) Importer(815301076,1909f56bfc062723c751e8b465ee728b)
Start importing Assets/palette/castle_env_771.asset using Guid(f0b515dfc6d62c144a7eee3305c948e5) Importer(815301076,1909f56bfc062723c751e8b465ee728b)  -> (artifact id: '43e9b8e5dd1cf2f32a636027188f24ae') in 0.004910 seconds 
========================================================================
Received Import Request.
  Time since last request: 0.000026 seconds.
  path: Assets/palette/castle_env_772.asset
  artifactKey: Guid(65ac642818223144fbaacd8699d03ff2) Importer(815301076,1909f56bfc062723c751e8b465ee728b)
Start importing Assets/palette/castle_env_772.asset using Guid(65ac642818223144fbaacd8699d03ff2) Importer(815301076,1909f56bfc062723c751e8b465ee728b)  -> (artifact id: 'aaf9307f04632dd1828ff67b1092b4d0') in 0.004576 seconds 
========================================================================
Received Import Request.
  Time since last request: 0.000034 seconds.
  path: Assets/palette/wood_env_203.asset
  artifactKey: Guid(f2eae55231cc51b4daf738ce3d400462) Importer(815301076,1909f56bfc062723c751e8b465ee728b)
Start importing Assets/palette/wood_env_203.asset using Guid(f2eae55231cc51b4daf738ce3d400462) Importer(815301076,1909f56bfc062723c751e8b465ee728b)  -> (artifact id: '9f53d9b279bec8101d21463f0aee47a1') in 0.008381 seconds 
========================================================================
Received Import Request.
  Time since last request: 0.000027 seconds.
  path: Assets/palette/ground_6.asset
  artifactKey: Guid(0f8dd734306362c43bfea5e7418b5593) Importer(815301076,1909f56bfc062723c751e8b465ee728b)
Start importing Assets/palette/ground_6.asset using Guid(0f8dd734306362c43bfea5e7418b5593) Importer(815301076,1909f56bfc062723c751e8b465ee728b)  -> (artifact id: '8872d9d01ff5a5b8de89ce939b475db7') in 0.007556 seconds 
========================================================================
Received Import Request.
  Time since last request: 0.000037 seconds.
  path: Assets/palette/env_rock_100.asset
  artifactKey: Guid(43975c259e63d2b46972b77a4ed4d8fa) Importer(815301076,1909f56bfc062723c751e8b465ee728b)
Start importing Assets/palette/env_rock_100.asset using Guid(43975c259e63d2b46972b77a4ed4d8fa) Importer(815301076,1909f56bfc062723c751e8b465ee728b)  -> (artifact id: '03a7956867c56b81ead4e91c0dcd81f7') in 0.004706 seconds 
========================================================================
Received Import Request.
  Time since last request: 0.000038 seconds.
  path: Assets/palette/env_mon_525.asset
  artifactKey: Guid(9d7c87a8883c4964bad3542903609f50) Importer(815301076,1909f56bfc062723c751e8b465ee728b)
Start importing Assets/palette/env_mon_525.asset using Guid(9d7c87a8883c4964bad3542903609f50) Importer(815301076,1909f56bfc062723c751e8b465ee728b)  -> (artifact id: '300a0177ef50f20c4188d97ff6485692') in 0.004712 seconds 
========================================================================
Received Import Request.
  Time since last request: 0.000034 seconds.
  path: Assets/palette/env_rock_659.asset
  artifactKey: Guid(b3b2abf997adf2b48a5c5015a5ed95ac) Importer(815301076,1909f56bfc062723c751e8b465ee728b)
Start importing Assets/palette/env_rock_659.asset using Guid(b3b2abf997adf2b48a5c5015a5ed95ac) Importer(815301076,1909f56bfc062723c751e8b465ee728b)  -> (artifact id: '54f177606bf8e570a14f9e19da354356') in 0.006230 seconds 
========================================================================
Received Import Request.
  Time since last request: 0.000026 seconds.
  path: Assets/palette/castle_env_1508.asset
  artifactKey: Guid(96abd3788ea748141bd747d7be1d04fb) Importer(815301076,1909f56bfc062723c751e8b465ee728b)
Start importing Assets/palette/castle_env_1508.asset using Guid(96abd3788ea748141bd747d7be1d04fb) Importer(815301076,1909f56bfc062723c751e8b465ee728b)  -> (artifact id: '27f35548fb6ae929ff5329d2de7ac511') in 0.005309 seconds 
========================================================================
Received Import Request.
  Time since last request: 0.000037 seconds.
  path: Assets/palette/castle_env_997.asset
  artifactKey: Guid(1b0b4289d2a6ee14d8ba7055e9e6dd4a) Importer(815301076,1909f56bfc062723c751e8b465ee728b)
Start importing Assets/palette/castle_env_997.asset using Guid(1b0b4289d2a6ee14d8ba7055e9e6dd4a) Importer(815301076,1909f56bfc062723c751e8b465ee728b)  -> (artifact id: '3afe46a30265c2e7abba0b54568e0f5b') in 0.005490 seconds 
========================================================================
Received Import Request.
  Time since last request: 0.000039 seconds.
  path: Assets/palette/castle_env_210.asset
  artifactKey: Guid(04d8024b8d9edfb4b82c8106aea88eda) Importer(815301076,1909f56bfc062723c751e8b465ee728b)
Start importing Assets/palette/castle_env_210.asset using Guid(04d8024b8d9edfb4b82c8106aea88eda) Importer(815301076,1909f56bfc062723c751e8b465ee728b)  -> (artifact id: 'a71acc037096ca3b58f4e9be5d2c63b0') in 0.004983 seconds 
========================================================================
Received Import Request.
  Time since last request: 0.000043 seconds.
  path: Assets/palette/wood_env_25.asset
  artifactKey: Guid(1d5fa9e443257904ca565374356605be) Importer(815301076,1909f56bfc062723c751e8b465ee728b)
Start importing Assets/palette/wood_env_25.asset using Guid(1d5fa9e443257904ca565374356605be) Importer(815301076,1909f56bfc062723c751e8b465ee728b)  -> (artifact id: '847f6463b56d3690df622485a95bb680') in 0.009173 seconds 
========================================================================
Received Import Request.
  Time since last request: 0.000024 seconds.
  path: Assets/palette/wood_env_188.asset
  artifactKey: Guid(53108723da780d342878b4951360a941) Importer(815301076,1909f56bfc062723c751e8b465ee728b)
Start importing Assets/palette/wood_env_188.asset using Guid(53108723da780d342878b4951360a941) Importer(815301076,1909f56bfc062723c751e8b465ee728b)  -> (artifact id: 'd550aaa2a581e9f2f49a417ebf6184d4') in 0.007565 seconds 
========================================================================
Received Import Request.
  Time since last request: 0.000023 seconds.
  path: Assets/palette/env_mon_264.asset
  artifactKey: Guid(937a5df6ef6829348a97e3e77b63aa2b) Importer(815301076,1909f56bfc062723c751e8b465ee728b)
Start importing Assets/palette/env_mon_264.asset using Guid(937a5df6ef6829348a97e3e77b63aa2b) Importer(815301076,1909f56bfc062723c751e8b465ee728b)  -> (artifact id: 'ddd12efee68735daee6efed568080774') in 0.005008 seconds 
========================================================================
Received Import Request.
  Time since last request: 0.000023 seconds.
  path: Assets/palette/env_rock_428.asset
  artifactKey: Guid(7443ccf0c8720d0418595736c7216f29) Importer(815301076,1909f56bfc062723c751e8b465ee728b)
Start importing Assets/palette/env_rock_428.asset using Guid(7443ccf0c8720d0418595736c7216f29) Importer(815301076,1909f56bfc062723c751e8b465ee728b)  -> (artifact id: '7af15511574373513abd8c7781b848de') in 0.059888 seconds 
========================================================================
Received Import Request.
  Time since last request: 0.000045 seconds.
  path: Assets/palette/wood_env_197.asset
  artifactKey: Guid(f014d17343b208f4c87044ee4c280c02) Importer(815301076,1909f56bfc062723c751e8b465ee728b)
Start importing Assets/palette/wood_env_197.asset using Guid(f014d17343b208f4c87044ee4c280c02) Importer(815301076,1909f56bfc062723c751e8b465ee728b)  -> (artifact id: '532bc73651f63ba29712d24ca251802e') in 0.007196 seconds 
========================================================================
Received Import Request.
  Time since last request: 0.000039 seconds.
  path: Assets/palette/env_rock_605.asset
  artifactKey: Guid(b591092eb419ba44986fc73014e5a0d4) Importer(815301076,1909f56bfc062723c751e8b465ee728b)
Start importing Assets/palette/env_rock_605.asset using Guid(b591092eb419ba44986fc73014e5a0d4) Importer(815301076,1909f56bfc062723c751e8b465ee728b)  -> (artifact id: 'a45e6ad98e05a15d7871d163cdf26a25') in 0.004875 seconds 
========================================================================
Received Import Request.
  Time since last request: 0.000033 seconds.
  path: Assets/palette/wood_env_89.asset
  artifactKey: Guid(a26ff084ebd95b74b89cda00542844f0) Importer(815301076,1909f56bfc062723c751e8b465ee728b)
Start importing Assets/palette/wood_env_89.asset using Guid(a26ff084ebd95b74b89cda00542844f0) Importer(815301076,1909f56bfc062723c751e8b465ee728b)  -> (artifact id: '1968c7d7ff84b03387952f662d51dab6') in 0.008361 seconds 
========================================================================
Received Import Request.
  Time since last request: 0.000028 seconds.
  path: Assets/palette/env_rock_230.asset
  artifactKey: Guid(8267b90816683a041b46e9658800873d) Importer(815301076,1909f56bfc062723c751e8b465ee728b)
Start importing Assets/palette/env_rock_230.asset using Guid(8267b90816683a041b46e9658800873d) Importer(815301076,1909f56bfc062723c751e8b465ee728b)  -> (artifact id: '83268ea420520262a8c6037006291df8') in 0.005083 seconds 
========================================================================
Received Import Request.
  Time since last request: 0.000041 seconds.
  path: Assets/palette/env_mon_309.asset
  artifactKey: Guid(9caac5fa69ae2b14095d3dfea54bc490) Importer(815301076,1909f56bfc062723c751e8b465ee728b)
Start importing Assets/palette/env_mon_309.asset using Guid(9caac5fa69ae2b14095d3dfea54bc490) Importer(815301076,1909f56bfc062723c751e8b465ee728b)  -> (artifact id: 'f2382eb30d533425630f8d67a321cf4a') in 0.004698 seconds 
========================================================================
Received Import Request.
  Time since last request: 0.000036 seconds.
  path: Assets/palette/env_rock_96.asset
  artifactKey: Guid(1c2d12c7257aea94c8fa8bcaf8667b24) Importer(815301076,1909f56bfc062723c751e8b465ee728b)
Start importing Assets/palette/env_rock_96.asset using Guid(1c2d12c7257aea94c8fa8bcaf8667b24) Importer(815301076,1909f56bfc062723c751e8b465ee728b)  -> (artifact id: 'c2d2cab7b0e3702ede71ce11b8140601') in 0.005107 seconds 
========================================================================
Received Import Request.
  Time since last request: 0.000037 seconds.
  path: Assets/palette/wood_env_185.asset
  artifactKey: Guid(fc2e338026a3cde4ab52e067cef8583d) Importer(815301076,1909f56bfc062723c751e8b465ee728b)
Start importing Assets/palette/wood_env_185.asset using Guid(fc2e338026a3cde4ab52e067cef8583d) Importer(815301076,1909f56bfc062723c751e8b465ee728b)  -> (artifact id: '175a898cc66870df67dc970b76328535') in 0.007196 seconds 
========================================================================
Received Import Request.
  Time since last request: 0.000037 seconds.
  path: Assets/palette/env_rock_567.asset
  artifactKey: Guid(ae5186434fa1bdc4d8a5b7ffb8d0d0f3) Importer(815301076,1909f56bfc062723c751e8b465ee728b)
Start importing Assets/palette/env_rock_567.asset using Guid(ae5186434fa1bdc4d8a5b7ffb8d0d0f3) Importer(815301076,1909f56bfc062723c751e8b465ee728b)  -> (artifact id: 'a14fb30951b4d0b91225a05e6a226d58') in 0.004205 seconds 
========================================================================
Received Import Request.
  Time since last request: 0.000029 seconds.
  path: Assets/palette/castle_env_1174.asset
  artifactKey: Guid(acb24420386728b4eaa59f2c5cda5dcf) Importer(815301076,1909f56bfc062723c751e8b465ee728b)
Start importing Assets/palette/castle_env_1174.asset using Guid(acb24420386728b4eaa59f2c5cda5dcf) Importer(815301076,1909f56bfc062723c751e8b465ee728b)  -> (artifact id: '0d77e52c423b935f1fdec696cbce847c') in 0.005413 seconds 
========================================================================
Received Import Request.
  Time since last request: 0.000029 seconds.
  path: Assets/palette/castle_env_1087.asset
  artifactKey: Guid(8e38c7f65b47389409d0bbb983273133) Importer(815301076,1909f56bfc062723c751e8b465ee728b)
Start importing Assets/palette/castle_env_1087.asset using Guid(8e38c7f65b47389409d0bbb983273133) Importer(815301076,1909f56bfc062723c751e8b465ee728b)  -> (artifact id: '2eae5691a85d397403d5ff99bc2aca7c') in 0.004381 seconds 
========================================================================
Received Import Request.
  Time since last request: 0.000038 seconds.
  path: Assets/palette/castle_env_257.asset
  artifactKey: Guid(1dac20a44e296b646ac412b48c419441) Importer(815301076,1909f56bfc062723c751e8b465ee728b)
Start importing Assets/palette/castle_env_257.asset using Guid(1dac20a44e296b646ac412b48c419441) Importer(815301076,1909f56bfc062723c751e8b465ee728b)  -> (artifact id: '4b8a7c25ab3c88d5e4fc8a64cc1b8b9c') in 0.004960 seconds 
========================================================================
Received Import Request.
  Time since last request: 0.000029 seconds.
  path: Assets/palette/castle_env_125.asset
  artifactKey: Guid(23bc5b5045b154b4b985851369cc60e5) Importer(815301076,1909f56bfc062723c751e8b465ee728b)
Start importing Assets/palette/castle_env_125.asset using Guid(23bc5b5045b154b4b985851369cc60e5) Importer(815301076,1909f56bfc062723c751e8b465ee728b)  -> (artifact id: '71a09e39cb97461fe15582ba017e1a1b') in 0.004057 seconds 
========================================================================
Received Import Request.
  Time since last request: 0.000029 seconds.
  path: Assets/palette/env_mon_521.asset
  artifactKey: Guid(6d4badfee009ce146865d2ca8689621e) Importer(815301076,1909f56bfc062723c751e8b465ee728b)
Start importing Assets/palette/env_mon_521.asset using Guid(6d4badfee009ce146865d2ca8689621e) Importer(815301076,1909f56bfc062723c751e8b465ee728b)  -> (artifact id: 'f910e19c60ebe15007f2245bc0d20327') in 0.004943 seconds 
========================================================================
Received Import Request.
  Time since last request: 0.000029 seconds.
  path: Assets/palette/castle_env_884.asset
  artifactKey: Guid(f9be67f581f18694f8d4b697c98f0403) Importer(815301076,1909f56bfc062723c751e8b465ee728b)
Start importing Assets/palette/castle_env_884.asset using Guid(f9be67f581f18694f8d4b697c98f0403) Importer(815301076,1909f56bfc062723c751e8b465ee728b)  -> (artifact id: '6bcc350ffea6de7940844917c06114e2') in 0.005369 seconds 
========================================================================
Received Import Request.
  Time since last request: 0.000029 seconds.
  path: Assets/palette/ground_165.asset
  artifactKey: Guid(b9aabd6370994174688a8bc54b3ada8c) Importer(815301076,1909f56bfc062723c751e8b465ee728b)
Start importing Assets/palette/ground_165.asset using Guid(b9aabd6370994174688a8bc54b3ada8c) Importer(815301076,1909f56bfc062723c751e8b465ee728b)  -> (artifact id: '82f90b54c49c0e8c738fe01411bf98e8') in 0.007997 seconds 
========================================================================
Received Import Request.
  Time since last request: 0.000024 seconds.
  path: Assets/palette/wood_env_85.asset
  artifactKey: Guid(af35c365a796a64419b9d1af0a5aa478) Importer(815301076,1909f56bfc062723c751e8b465ee728b)
Start importing Assets/palette/wood_env_85.asset using Guid(af35c365a796a64419b9d1af0a5aa478) Importer(815301076,1909f56bfc062723c751e8b465ee728b)  -> (artifact id: '9a374dd51320e4bb38f779e8d39c2e60') in 0.007643 seconds 
========================================================================
Received Import Request.
  Time since last request: 0.000030 seconds.
  path: Assets/palette/castle_env_853.asset
  artifactKey: Guid(3e8addc9793d9b44c9611dcb5f82581d) Importer(815301076,1909f56bfc062723c751e8b465ee728b)
Start importing Assets/palette/castle_env_853.asset using Guid(3e8addc9793d9b44c9611dcb5f82581d) Importer(815301076,1909f56bfc062723c751e8b465ee728b)  -> (artifact id: '72820f124ecc617d6f39489a952a3c34') in 0.005720 seconds 
========================================================================
Received Import Request.
  Time since last request: 0.000050 seconds.
  path: Assets/palette/env_mon_530.asset
  artifactKey: Guid(4abad5878a5acfc49b6739bfeaaf850c) Importer(815301076,1909f56bfc062723c751e8b465ee728b)
Start importing Assets/palette/env_mon_530.asset using Guid(4abad5878a5acfc49b6739bfeaaf850c) Importer(815301076,1909f56bfc062723c751e8b465ee728b)  -> (artifact id: '03d661ae0820c4f72df2bd57cda69eea') in 0.005640 seconds 
========================================================================
Received Import Request.
  Time since last request: 0.000025 seconds.
  path: Assets/palette/env_rock_505.asset
  artifactKey: Guid(172e5ef2edc3c5748ab81c665e09698b) Importer(815301076,1909f56bfc062723c751e8b465ee728b)
Start importing Assets/palette/env_rock_505.asset using Guid(172e5ef2edc3c5748ab81c665e09698b) Importer(815301076,1909f56bfc062723c751e8b465ee728b)  -> (artifact id: '9adf39899091452547037da0df42b216') in 0.021927 seconds 
========================================================================
Received Import Request.
  Time since last request: 0.000028 seconds.
  path: Assets/palette/castle_env_947.asset
  artifactKey: Guid(a875d9f1207ffe9429ad6d69d1a5074d) Importer(815301076,1909f56bfc062723c751e8b465ee728b)
Start importing Assets/palette/castle_env_947.asset using Guid(a875d9f1207ffe9429ad6d69d1a5074d) Importer(815301076,1909f56bfc062723c751e8b465ee728b)  -> (artifact id: 'd4cb5e71b89dec0e060ca950989a2129') in 0.006907 seconds 
========================================================================
Received Import Request.
  Time since last request: 0.000031 seconds.
  path: Assets/palette/castle_env_1504.asset
  artifactKey: Guid(cd8a243aeacaf71409a581da4f03d8e1) Importer(815301076,1909f56bfc062723c751e8b465ee728b)
Start importing Assets/palette/castle_env_1504.asset using Guid(cd8a243aeacaf71409a581da4f03d8e1) Importer(815301076,1909f56bfc062723c751e8b465ee728b)  -> (artifact id: '6629c34e9372ee18ce688080f95cf578') in 0.004454 seconds 
========================================================================
Received Import Request.
  Time since last request: 0.000036 seconds.
  path: Assets/palette/env_rock_233.asset
  artifactKey: Guid(2acbde21b7bbc1a4e81d0430a47e73b0) Importer(815301076,1909f56bfc062723c751e8b465ee728b)
Start importing Assets/palette/env_rock_233.asset using Guid(2acbde21b7bbc1a4e81d0430a47e73b0) Importer(815301076,1909f56bfc062723c751e8b465ee728b)  -> (artifact id: '55e6f39399d170441e3301bbac4485a8') in 0.006485 seconds 
========================================================================
Received Import Request.
  Time since last request: 0.000032 seconds.
  path: Assets/palette/env_rock_602.asset
  artifactKey: Guid(b0504eff21bfbb445bd843271bb2ebb2) Importer(815301076,1909f56bfc062723c751e8b465ee728b)
Start importing Assets/palette/env_rock_602.asset using Guid(b0504eff21bfbb445bd843271bb2ebb2) Importer(815301076,1909f56bfc062723c751e8b465ee728b)  -> (artifact id: '72cdb3738473f6f3fdaaa064735478ad') in 0.006373 seconds 
========================================================================
Received Import Request.
  Time since last request: 0.000029 seconds.
  path: Assets/palette/env_mon_385.asset
  artifactKey: Guid(a2bee86cde4c5b9499c4026502c993e8) Importer(815301076,1909f56bfc062723c751e8b465ee728b)
Start importing Assets/palette/env_mon_385.asset using Guid(a2bee86cde4c5b9499c4026502c993e8) Importer(815301076,1909f56bfc062723c751e8b465ee728b)  -> (artifact id: '530a9f6eb6ac6e557859b170cafca673') in 0.005947 seconds 
========================================================================
Received Import Request.
  Time since last request: 0.000039 seconds.
  path: Assets/palette/env_rock_168.asset
  artifactKey: Guid(19e3f16eb21960947a137e747db33326) Importer(815301076,1909f56bfc062723c751e8b465ee728b)
Start importing Assets/palette/env_rock_168.asset using Guid(19e3f16eb21960947a137e747db33326) Importer(815301076,1909f56bfc062723c751e8b465ee728b)  -> (artifact id: '48d94bada76505b54e14dd29af2f10c5') in 0.031547 seconds 
========================================================================
Received Import Request.
  Time since last request: 0.000031 seconds.
  path: Assets/palette/castle_env_675.asset
  artifactKey: Guid(8700b8f959b2e7446ad7a43379ca73e8) Importer(815301076,1909f56bfc062723c751e8b465ee728b)
Start importing Assets/palette/castle_env_675.asset using Guid(8700b8f959b2e7446ad7a43379ca73e8) Importer(815301076,1909f56bfc062723c751e8b465ee728b)  -> (artifact id: 'e4dd73b0def276030750d66a42094f83') in 0.005160 seconds 
========================================================================
Received Import Request.
  Time since last request: 0.000043 seconds.
  path: Assets/palette/env_rock_55.asset
  artifactKey: Guid(96cdf78d97a1540499ad878e0fb78f42) Importer(815301076,1909f56bfc062723c751e8b465ee728b)
Start importing Assets/palette/env_rock_55.asset using Guid(96cdf78d97a1540499ad878e0fb78f42) Importer(815301076,1909f56bfc062723c751e8b465ee728b)  -> (artifact id: '9ae935a5eb19355fbd8bb5100e871da1') in 0.004602 seconds 
========================================================================
Received Import Request.
  Time since last request: 0.000025 seconds.
  path: Assets/palette/env_mon_316.asset
  artifactKey: Guid(df98f6f4b4eba23409a9ae067bfbdae4) Importer(815301076,1909f56bfc062723c751e8b465ee728b)
Start importing Assets/palette/env_mon_316.asset using Guid(df98f6f4b4eba23409a9ae067bfbdae4) Importer(815301076,1909f56bfc062723c751e8b465ee728b)  -> (artifact id: '8a32d95825e0b2b18cb8097536049e44') in 0.006171 seconds 
========================================================================
Received Import Request.
  Time since last request: 0.000034 seconds.
  path: Assets/palette/castle_env_256.asset
  artifactKey: Guid(2c295bf4a13fb4940a894bb8e351e67f) Importer(815301076,1909f56bfc062723c751e8b465ee728b)
Start importing Assets/palette/castle_env_256.asset using Guid(2c295bf4a13fb4940a894bb8e351e67f) Importer(815301076,1909f56bfc062723c751e8b465ee728b)  -> (artifact id: '5be6e2b7dcb075d22b380fa4dccaf689') in 0.005834 seconds 
========================================================================
Received Import Request.
  Time since last request: 0.000026 seconds.
  path: Assets/palette/castle_env_854.asset
  artifactKey: Guid(4b92580a753390b4d8c0f394d0c214dc) Importer(815301076,1909f56bfc062723c751e8b465ee728b)
Start importing Assets/palette/castle_env_854.asset using Guid(4b92580a753390b4d8c0f394d0c214dc) Importer(815301076,1909f56bfc062723c751e8b465ee728b)  -> (artifact id: '5cc4332a123ad14c69ad5fb539f6606e') in 0.005369 seconds 
========================================================================
Received Import Request.
  Time since last request: 0.000029 seconds.
  path: Assets/palette/env_mon_526.asset
  artifactKey: Guid(a87d0a396cad1fe499f791de3d0a7362) Importer(815301076,1909f56bfc062723c751e8b465ee728b)
Start importing Assets/palette/env_mon_526.asset using Guid(a87d0a396cad1fe499f791de3d0a7362) Importer(815301076,1909f56bfc062723c751e8b465ee728b)  -> (artifact id: 'ab2776a044c5323036e575c6419e3f51') in 0.005987 seconds 
========================================================================
Received Import Request.
  Time since last request: 0.000026 seconds.
  path: Assets/palette/castle_env_949.asset
  artifactKey: Guid(39ef6f560a9d40a489c2a0473ca09f4f) Importer(815301076,1909f56bfc062723c751e8b465ee728b)
Start importing Assets/palette/castle_env_949.asset using Guid(39ef6f560a9d40a489c2a0473ca09f4f) Importer(815301076,1909f56bfc062723c751e8b465ee728b)  -> (artifact id: '74d1c304255457466134364e05d3e2eb') in 0.004891 seconds 
========================================================================
Received Import Request.
  Time since last request: 0.000029 seconds.
  path: Assets/palette/castle_env_973.asset
  artifactKey: Guid(2e829d4e6684d2647b161040d0a3fbdf) Importer(815301076,1909f56bfc062723c751e8b465ee728b)
Start importing Assets/palette/castle_env_973.asset using Guid(2e829d4e6684d2647b161040d0a3fbdf) Importer(815301076,1909f56bfc062723c751e8b465ee728b)  -> (artifact id: 'e3006e2f322bb8361de085609862ade9') in 0.005697 seconds 
========================================================================
Received Import Request.
  Time since last request: 0.000048 seconds.
  path: Assets/palette/wood_env_92.asset
  artifactKey: Guid(dd4ebb1e17cf1d645928cf753dc828c4) Importer(815301076,1909f56bfc062723c751e8b465ee728b)
Start importing Assets/palette/wood_env_92.asset using Guid(dd4ebb1e17cf1d645928cf753dc828c4) Importer(815301076,1909f56bfc062723c751e8b465ee728b)  -> (artifact id: '27ab6e9b6ec1b999d4401b7bcc14b7d1') in 0.009641 seconds 
========================================================================
Received Import Request.
  Time since last request: 0.000117 seconds.
  path: Assets/palette/env_rock_705.asset
  artifactKey: Guid(13007a51615f0d941a931bfe8458118f) Importer(815301076,1909f56bfc062723c751e8b465ee728b)
Start importing Assets/palette/env_rock_705.asset using Guid(13007a51615f0d941a931bfe8458118f) Importer(815301076,1909f56bfc062723c751e8b465ee728b)  -> (artifact id: '0dc5c81f287c05154cb017ebc9ef4f14') in 0.073414 seconds 
========================================================================
Received Import Request.
  Time since last request: 0.000027 seconds.
  path: Assets/palette/env_rock_425.asset
  artifactKey: Guid(0fdb37a3813833b4ba951d22c218ae79) Importer(815301076,1909f56bfc062723c751e8b465ee728b)
Start importing Assets/palette/env_rock_425.asset using Guid(0fdb37a3813833b4ba951d22c218ae79) Importer(815301076,1909f56bfc062723c751e8b465ee728b)  -> (artifact id: '22e124a12b99179b769b317ce0c30c2d') in 0.054639 seconds 
========================================================================
Received Import Request.
  Time since last request: 0.000024 seconds.
  path: Assets/palette/wood_env_180.asset
  artifactKey: Guid(a42898b33fb4f094fb2f2289af550311) Importer(815301076,1909f56bfc062723c751e8b465ee728b)
Start importing Assets/palette/wood_env_180.asset using Guid(a42898b33fb4f094fb2f2289af550311) Importer(815301076,1909f56bfc062723c751e8b465ee728b)  -> (artifact id: '6c18ed691ff372a1e245daf1520dfde2') in 0.009662 seconds 
========================================================================
Received Import Request.
  Time since last request: 0.000043 seconds.
  path: Assets/palette/castle_env_908.asset
  artifactKey: Guid(265c47bff3a9aab47b672a730296de78) Importer(815301076,1909f56bfc062723c751e8b465ee728b)
Start importing Assets/palette/castle_env_908.asset using Guid(265c47bff3a9aab47b672a730296de78) Importer(815301076,1909f56bfc062723c751e8b465ee728b)  -> (artifact id: 'edb20e63560f856648bb181a89173cb2') in 0.005075 seconds 
========================================================================
Received Import Request.
  Time since last request: 0.000038 seconds.
  path: Assets/palette/castle_env_734.asset
  artifactKey: Guid(9763b350655188d40a31acb61b5bb559) Importer(815301076,1909f56bfc062723c751e8b465ee728b)
Start importing Assets/palette/castle_env_734.asset using Guid(9763b350655188d40a31acb61b5bb559) Importer(815301076,1909f56bfc062723c751e8b465ee728b)  -> (artifact id: '81202473d9993f4ae808c269c443b085') in 0.005267 seconds 
========================================================================
Received Import Request.
  Time since last request: 0.000062 seconds.
  path: Assets/palette/castle_env_768.asset
  artifactKey: Guid(539ad69a6f776bd48a5ae0913f6d0d85) Importer(815301076,1909f56bfc062723c751e8b465ee728b)
Start importing Assets/palette/castle_env_768.asset using Guid(539ad69a6f776bd48a5ae0913f6d0d85) Importer(815301076,1909f56bfc062723c751e8b465ee728b)  -> (artifact id: '7b65431460be5b95ea2cea091d388d22') in 0.003727 seconds 
========================================================================
Received Import Request.
  Time since last request: 0.000025 seconds.
  path: Assets/palette/castle_env_1501.asset
  artifactKey: Guid(96ae02c8bf17901479e37bab454a9020) Importer(815301076,1909f56bfc062723c751e8b465ee728b)
Start importing Assets/palette/castle_env_1501.asset using Guid(96ae02c8bf17901479e37bab454a9020) Importer(815301076,1909f56bfc062723c751e8b465ee728b)  -> (artifact id: '8bb105ebf3cf22c1fa6e04069289f9b1') in 0.005546 seconds 
========================================================================
Received Import Request.
  Time since last request: 0.000023 seconds.
  path: Assets/palette/env_mon_450.asset
  artifactKey: Guid(d562490e1fa0e3c4083e32d9491cf798) Importer(815301076,1909f56bfc062723c751e8b465ee728b)
Start importing Assets/palette/env_mon_450.asset using Guid(d562490e1fa0e3c4083e32d9491cf798) Importer(815301076,1909f56bfc062723c751e8b465ee728b)  -> (artifact id: '455c9f345fce477f2fd4a0ee24f38d55') in 0.006304 seconds 
========================================================================
Received Import Request.
  Time since last request: 0.000029 seconds.
  path: Assets/palette/env_rock_52.asset
  artifactKey: Guid(c28aa7846aa3b854a9696daff1be394f) Importer(815301076,1909f56bfc062723c751e8b465ee728b)
Start importing Assets/palette/env_rock_52.asset using Guid(c28aa7846aa3b854a9696daff1be394f) Importer(815301076,1909f56bfc062723c751e8b465ee728b)  -> (artifact id: '77404ce9c38d1ae95bbdc12b72c4be2e') in 0.026968 seconds 
========================================================================
Received Import Request.
  Time since last request: 0.000032 seconds.
  path: Assets/palette/ground_124.asset
  artifactKey: Guid(fcd4909e731549949b193a8c0a1de877) Importer(815301076,1909f56bfc062723c751e8b465ee728b)
Start importing Assets/palette/ground_124.asset using Guid(fcd4909e731549949b193a8c0a1de877) Importer(815301076,1909f56bfc062723c751e8b465ee728b)  -> (artifact id: '1819611869f524809c96f88e085ef5ea') in 0.009792 seconds 
========================================================================
Received Import Request.
  Time since last request: 0.000037 seconds.
  path: Assets/palette/ground_39.asset
  artifactKey: Guid(e2870d2fc7b5dc046854de7a631b5cd1) Importer(815301076,1909f56bfc062723c751e8b465ee728b)
Start importing Assets/palette/ground_39.asset using Guid(e2870d2fc7b5dc046854de7a631b5cd1) Importer(815301076,1909f56bfc062723c751e8b465ee728b)  -> (artifact id: 'ebcdd4295cd28268655ffb9f418e3486') in 0.009967 seconds 
========================================================================
Received Import Request.
  Time since last request: 0.000051 seconds.
  path: Assets/palette/castle_env_769.asset
  artifactKey: Guid(226c27f479f69b6408b7cf488414d605) Importer(815301076,1909f56bfc062723c751e8b465ee728b)
Start importing Assets/palette/castle_env_769.asset using Guid(226c27f479f69b6408b7cf488414d605) Importer(815301076,1909f56bfc062723c751e8b465ee728b)  -> (artifact id: 'eba222b1bb9b20964d109134cae3fe04') in 0.006861 seconds 
========================================================================
Received Import Request.
  Time since last request: 0.000061 seconds.
  path: Assets/palette/castle_env_967.asset
  artifactKey: Guid(18f33a3c03f1b8641945d27c26295885) Importer(815301076,1909f56bfc062723c751e8b465ee728b)
Start importing Assets/palette/castle_env_967.asset using Guid(18f33a3c03f1b8641945d27c26295885) Importer(815301076,1909f56bfc062723c751e8b465ee728b)  -> (artifact id: 'f3029b4f9611da74248fa3fbd315ff77') in 0.080061 seconds 
========================================================================
Received Import Request.
  Time since last request: 0.000032 seconds.
  path: Assets/palette/wood_env_194.asset
  artifactKey: Guid(b9dc06071f3cf2d4eabf97fc4e051753) Importer(815301076,1909f56bfc062723c751e8b465ee728b)
Start importing Assets/palette/wood_env_194.asset using Guid(b9dc06071f3cf2d4eabf97fc4e051753) Importer(815301076,1909f56bfc062723c751e8b465ee728b)  -> (artifact id: 'edec56c418778b4d849925a2a8100c57') in 0.008543 seconds 
========================================================================
Received Import Request.
  Time since last request: 0.000031 seconds.
  path: Assets/palette/castle_env_992.asset
  artifactKey: Guid(c1ec2fe80cac7854a9a88d0831a42eb9) Importer(815301076,1909f56bfc062723c751e8b465ee728b)
Start importing Assets/palette/castle_env_992.asset using Guid(c1ec2fe80cac7854a9a88d0831a42eb9) Importer(815301076,1909f56bfc062723c751e8b465ee728b)  -> (artifact id: 'e6398ea9ea70c911d8deb43ebcd26560') in 0.006719 seconds 
========================================================================
Received Import Request.
  Time since last request: 0.000022 seconds.
  path: Assets/palette/env_rock_420.asset
  artifactKey: Guid(9fa970ed5081cfd4684441567023f3a5) Importer(815301076,1909f56bfc062723c751e8b465ee728b)
Start importing Assets/palette/env_rock_420.asset using Guid(9fa970ed5081cfd4684441567023f3a5) Importer(815301076,1909f56bfc062723c751e8b465ee728b)  -> (artifact id: '43c6fa6960649c6b25a63dd50dd3f86c') in 0.027214 seconds 
========================================================================
Received Import Request.
  Time since last request: 0.000042 seconds.
  path: Assets/palette/env_rock_502.asset
  artifactKey: Guid(8c3bf906b3da19f43a59265f1e90f40c) Importer(815301076,1909f56bfc062723c751e8b465ee728b)
Start importing Assets/palette/env_rock_502.asset using Guid(8c3bf906b3da19f43a59265f1e90f40c) Importer(815301076,1909f56bfc062723c751e8b465ee728b)  -> (artifact id: '24d3064595f97d170d79ded8656b2e8e') in 0.026435 seconds 
========================================================================
Received Import Request.
  Time since last request: 0.000044 seconds.
  path: Assets/palette/env_rock_304.asset
  artifactKey: Guid(ebd70878ce694cb4396fff0a7fcdd287) Importer(815301076,1909f56bfc062723c751e8b465ee728b)
Start importing Assets/palette/env_rock_304.asset using Guid(ebd70878ce694cb4396fff0a7fcdd287) Importer(815301076,1909f56bfc062723c751e8b465ee728b)  -> (artifact id: '6763667d168a287d34db9a8f4802ddc5') in 0.019673 seconds 
========================================================================
Received Import Request.
  Time since last request: 0.000062 seconds.
  path: Assets/palette/castle_env_128.asset
  artifactKey: Guid(925d6441d0caf5b4dbcd063d21c0d9be) Importer(815301076,1909f56bfc062723c751e8b465ee728b)
Start importing Assets/palette/castle_env_128.asset using Guid(925d6441d0caf5b4dbcd063d21c0d9be) Importer(815301076,1909f56bfc062723c751e8b465ee728b)  -> (artifact id: '36585098e15e82fb920e584bd87bec33') in 0.005587 seconds 
========================================================================
Received Import Request.
  Time since last request: 0.000041 seconds.
  path: Assets/palette/castle_env_811.asset
  artifactKey: Guid(06a3f7c444c4c9747bd24bf1f172418a) Importer(815301076,1909f56bfc062723c751e8b465ee728b)
Start importing Assets/palette/castle_env_811.asset using Guid(06a3f7c444c4c9747bd24bf1f172418a) Importer(815301076,1909f56bfc062723c751e8b465ee728b)  -> (artifact id: '8b05219d227c7c44500de6584fcf4f20') in 0.004755 seconds 
========================================================================
Received Import Request.
  Time since last request: 0.000033 seconds.
  path: Assets/palette/env_mon_156.asset
  artifactKey: Guid(1655c11096dc7bb46876424c264fecd6) Importer(815301076,1909f56bfc062723c751e8b465ee728b)
Start importing Assets/palette/env_mon_156.asset using Guid(1655c11096dc7bb46876424c264fecd6) Importer(815301076,1909f56bfc062723c751e8b465ee728b)  -> (artifact id: '39d5c99f8ab26d40003c7a437c9c8c5a') in 0.005416 seconds 
========================================================================
Received Import Request.
  Time since last request: 0.000025 seconds.
  path: Assets/palette/castle_env_852.asset
  artifactKey: Guid(2ccce11f4fdecbb45873bc7a0b12c488) Importer(815301076,1909f56bfc062723c751e8b465ee728b)
Start importing Assets/palette/castle_env_852.asset using Guid(2ccce11f4fdecbb45873bc7a0b12c488) Importer(815301076,1909f56bfc062723c751e8b465ee728b)  -> (artifact id: 'c849ff23da4a6f5a3549e2aa06ccea42') in 0.005839 seconds 
========================================================================
Received Import Request.
  Time since last request: 0.000031 seconds.
  path: Assets/palette/env_rock_560.asset
  artifactKey: Guid(581c7da5f5640f5408dbb39e11c291da) Importer(815301076,1909f56bfc062723c751e8b465ee728b)
Start importing Assets/palette/env_rock_560.asset using Guid(581c7da5f5640f5408dbb39e11c291da) Importer(815301076,1909f56bfc062723c751e8b465ee728b)  -> (artifact id: '726d8b351e5e44fac92e02baf0e4f027') in 0.030540 seconds 
========================================================================
Received Import Request.
  Time since last request: 0.677929 seconds.
  path: Assets/palette/wood_env_165.asset
  artifactKey: Guid(9ed6033ec2424a24c84d8b25aa6b5700) Importer(815301076,1909f56bfc062723c751e8b465ee728b)
Start importing Assets/palette/wood_env_165.asset using Guid(9ed6033ec2424a24c84d8b25aa6b5700) Importer(815301076,1909f56bfc062723c751e8b465ee728b)  -> (artifact id: '49b313693d2cb78a9a9be9183de3c6d5') in 0.013154 seconds 
========================================================================
Received Import Request.
  Time since last request: 0.290838 seconds.
  path: Assets/palette/wood_env_163.asset
  artifactKey: Guid(49c38e99d74f94042b40a52fdd0e1b67) Importer(815301076,1909f56bfc062723c751e8b465ee728b)
Start importing Assets/palette/wood_env_163.asset using Guid(49c38e99d74f94042b40a52fdd0e1b67) Importer(815301076,1909f56bfc062723c751e8b465ee728b)  -> (artifact id: '50c8fcb41d6d3d939b1c454466bcb546') in 0.008829 seconds 
========================================================================
Received Import Request.
  Time since last request: 0.097005 seconds.
  path: Assets/palette/wood_env_161.asset
  artifactKey: Guid(a62035fb465a98f41be385483a46fbfb) Importer(815301076,1909f56bfc062723c751e8b465ee728b)
Start importing Assets/palette/wood_env_161.asset using Guid(a62035fb465a98f41be385483a46fbfb) Importer(815301076,1909f56bfc062723c751e8b465ee728b)  -> (artifact id: '137c48da874d826dd5ad0118aa7914b0') in 0.009207 seconds 
========================================================================
Received Import Request.
  Time since last request: 0.130332 seconds.
  path: Assets/palette/wood_env_159.asset
  artifactKey: Guid(07cbf16f36e5fef478d5bb26c1769f89) Importer(815301076,1909f56bfc062723c751e8b465ee728b)
Start importing Assets/palette/wood_env_159.asset using Guid(07cbf16f36e5fef478d5bb26c1769f89) Importer(815301076,1909f56bfc062723c751e8b465ee728b)  -> (artifact id: '4473b421378aab49727b8a85e7577113') in 0.007481 seconds 
========================================================================
Received Import Request.
  Time since last request: 0.225245 seconds.
  path: Assets/palette/wood_env_157.asset
  artifactKey: Guid(9161f521b8ff767418bc5c48fb3462f6) Importer(815301076,1909f56bfc062723c751e8b465ee728b)
Start importing Assets/palette/wood_env_157.asset using Guid(9161f521b8ff767418bc5c48fb3462f6) Importer(815301076,1909f56bfc062723c751e8b465ee728b)  -> (artifact id: '21a39460ee771026539269b63bde19a6') in 0.047535 seconds 
========================================================================
Received Import Request.
  Time since last request: 1.061833 seconds.
  path: Assets/palette/wood_env_143.asset
  artifactKey: Guid(18aa65f0baf24bf419ac9e511fc084e2) Importer(815301076,1909f56bfc062723c751e8b465ee728b)
Start importing Assets/palette/wood_env_143.asset using Guid(18aa65f0baf24bf419ac9e511fc084e2) Importer(815301076,1909f56bfc062723c751e8b465ee728b)  -> (artifact id: 'bb0a0453c78d425b0f3564e7f0ca203c') in 0.011871 seconds 
========================================================================
Received Import Request.
  Time since last request: 0.000025 seconds.
  path: Assets/palette/wood_env_152.asset
  artifactKey: Guid(ffa468f9e3026a4408e82407e1b0d14b) Importer(815301076,1909f56bfc062723c751e8b465ee728b)
Start importing Assets/palette/wood_env_152.asset using Guid(ffa468f9e3026a4408e82407e1b0d14b) Importer(815301076,1909f56bfc062723c751e8b465ee728b)  -> (artifact id: '340f17249baddee43622a6322c1a9742') in 0.011683 seconds 
========================================================================
Received Import Request.
  Time since last request: 0.000034 seconds.
  path: Assets/palette/wood_env_100.asset
  artifactKey: Guid(e203d0797fc78334486b719c3ce340b6) Importer(815301076,1909f56bfc062723c751e8b465ee728b)
Start importing Assets/palette/wood_env_100.asset using Guid(e203d0797fc78334486b719c3ce340b6) Importer(815301076,1909f56bfc062723c751e8b465ee728b)  -> (artifact id: '619732bdf011a2846e65e1f00447d9c3') in 0.009191 seconds 
========================================================================
Received Import Request.
  Time since last request: 0.000034 seconds.
  path: Assets/palette/wood_env_19.asset
  artifactKey: Guid(d55571ab8a2deef44afa1ad133b7edce) Importer(815301076,1909f56bfc062723c751e8b465ee728b)
Start importing Assets/palette/wood_env_19.asset using Guid(d55571ab8a2deef44afa1ad133b7edce) Importer(815301076,1909f56bfc062723c751e8b465ee728b)  -> (artifact id: '7694d35f43bdd3c9aa0138fc61871c6e') in 0.010184 seconds 
========================================================================
Received Import Request.
  Time since last request: 0.000048 seconds.
  path: Assets/palette/ground_92.asset
  artifactKey: Guid(1812906160216dd4ab20c9c5a8809c93) Importer(815301076,1909f56bfc062723c751e8b465ee728b)
Start importing Assets/palette/ground_92.asset using Guid(1812906160216dd4ab20c9c5a8809c93) Importer(815301076,1909f56bfc062723c751e8b465ee728b)  -> (artifact id: '6c09408140aa26364c10d5df7f64e56c') in 0.007724 seconds 
========================================================================
Received Import Request.
  Time since last request: 0.000039 seconds.
  path: Assets/palette/wood_env_102.asset
  artifactKey: Guid(73475ae590477734a8382b7e940fb7b0) Importer(815301076,1909f56bfc062723c751e8b465ee728b)
Start importing Assets/palette/wood_env_102.asset using Guid(73475ae590477734a8382b7e940fb7b0) Importer(815301076,1909f56bfc062723c751e8b465ee728b)  -> (artifact id: '1bfafe9495571d72dd842b240310639c') in 0.008082 seconds 
========================================================================
Received Import Request.
  Time since last request: 0.000028 seconds.
  path: Assets/palette/env_rock_654.asset
  artifactKey: Guid(9a1426646ecaaa9468a639259e772244) Importer(815301076,1909f56bfc062723c751e8b465ee728b)
Start importing Assets/palette/env_rock_654.asset using Guid(9a1426646ecaaa9468a639259e772244) Importer(815301076,1909f56bfc062723c751e8b465ee728b)  -> (artifact id: '7c8e6cccff216e19cc19152b7d9729ab') in 0.033844 seconds 
========================================================================
Received Import Request.
  Time since last request: 0.000031 seconds.
  path: Assets/palette/env_rock_166.asset
  artifactKey: Guid(78298ae043ba9904cb712b862b31540e) Importer(815301076,1909f56bfc062723c751e8b465ee728b)
Start importing Assets/palette/env_rock_166.asset using Guid(78298ae043ba9904cb712b862b31540e) Importer(815301076,1909f56bfc062723c751e8b465ee728b)  -> (artifact id: '76412325774e182714530c0c7c6896c2') in 0.023676 seconds 
========================================================================
Received Import Request.
  Time since last request: 0.000028 seconds.
  path: Assets/palette/env_rock_45.asset
  artifactKey: Guid(41df8309007e90844ae78a041842e0a6) Importer(815301076,1909f56bfc062723c751e8b465ee728b)
Start importing Assets/palette/env_rock_45.asset using Guid(41df8309007e90844ae78a041842e0a6) Importer(815301076,1909f56bfc062723c751e8b465ee728b)  -> (artifact id: '1c17a0fb7d1c9d96d97f787a17673a73') in 0.016669 seconds 
========================================================================
Received Import Request.
  Time since last request: 0.000040 seconds.
  path: Assets/palette/env_mon_461.asset
  artifactKey: Guid(70060b47236eadb4cb59af6d2469f03a) Importer(815301076,1909f56bfc062723c751e8b465ee728b)
Start importing Assets/palette/env_mon_461.asset using Guid(70060b47236eadb4cb59af6d2469f03a) Importer(815301076,1909f56bfc062723c751e8b465ee728b)  -> (artifact id: 'd4e2693c6a0b6543068c6096a0111f50') in 0.004440 seconds 
========================================================================
Received Import Request.
  Time since last request: 0.000025 seconds.
  path: Assets/palette/env_mon_470.asset
  artifactKey: Guid(e0939a11ecef06543bb6703c837b1742) Importer(815301076,1909f56bfc062723c751e8b465ee728b)
Start importing Assets/palette/env_mon_470.asset using Guid(e0939a11ecef06543bb6703c837b1742) Importer(815301076,1909f56bfc062723c751e8b465ee728b)  -> (artifact id: 'bfc8155e9159c261bb87e215683db777') in 0.004725 seconds 
========================================================================
Received Import Request.
  Time since last request: 0.000024 seconds.
  path: Assets/palette/env_mon_284.asset
  artifactKey: Guid(4bcb2cfc050036c4c82ecd535cbe86c1) Importer(815301076,1909f56bfc062723c751e8b465ee728b)
Start importing Assets/palette/env_mon_284.asset using Guid(4bcb2cfc050036c4c82ecd535cbe86c1) Importer(815301076,1909f56bfc062723c751e8b465ee728b)  -> (artifact id: 'f6441ff8a2ce69525b91a8e24a211160') in 0.003709 seconds 
========================================================================
Received Import Request.
  Time since last request: 0.000039 seconds.
  path: Assets/palette/castle_env_1452.asset
  artifactKey: Guid(6135ad3d9835d4449bf6897beffdbdc8) Importer(815301076,1909f56bfc062723c751e8b465ee728b)
Start importing Assets/palette/castle_env_1452.asset using Guid(6135ad3d9835d4449bf6897beffdbdc8) Importer(815301076,1909f56bfc062723c751e8b465ee728b)  -> (artifact id: 'a9977c63270879234d2fd1cfc892b33f') in 0.005069 seconds 
========================================================================
Received Import Request.
  Time since last request: 0.000027 seconds.
  path: Assets/palette/castle_env_1459.asset
  artifactKey: Guid(dcfeda93c09ef6041967a9ed2cf78f3f) Importer(815301076,1909f56bfc062723c751e8b465ee728b)
Start importing Assets/palette/castle_env_1459.asset using Guid(dcfeda93c09ef6041967a9ed2cf78f3f) Importer(815301076,1909f56bfc062723c751e8b465ee728b)  -> (artifact id: '4556907b7779008f32e9e39c6600cda1') in 0.004933 seconds 
========================================================================
Received Import Request.
  Time since last request: 0.000040 seconds.
  path: Assets/palette/castle_env_1362.asset
  artifactKey: Guid(21acde822a2ec54428be4435fff2fc83) Importer(815301076,1909f56bfc062723c751e8b465ee728b)
Start importing Assets/palette/castle_env_1362.asset using Guid(21acde822a2ec54428be4435fff2fc83) Importer(815301076,1909f56bfc062723c751e8b465ee728b)  -> (artifact id: 'b4f9284765143d58f741c3c334384543') in 0.005961 seconds 
========================================================================
Received Import Request.
  Time since last request: 0.000022 seconds.
  path: Assets/palette/castle_env_1284.asset
  artifactKey: Guid(fcd6ae92110733442a8b37597fe3ea88) Importer(815301076,1909f56bfc062723c751e8b465ee728b)
Start importing Assets/palette/castle_env_1284.asset using Guid(fcd6ae92110733442a8b37597fe3ea88) Importer(815301076,1909f56bfc062723c751e8b465ee728b)  -> (artifact id: '784e3534886a3f3578575678eecc47f6') in 0.004311 seconds 
========================================================================
Received Import Request.
  Time since last request: 0.000033 seconds.
  path: Assets/palette/castle_env_1120.asset
  artifactKey: Guid(32332cafe2fbff04d882e9d3592200e2) Importer(815301076,1909f56bfc062723c751e8b465ee728b)
Start importing Assets/palette/castle_env_1120.asset using Guid(32332cafe2fbff04d882e9d3592200e2) Importer(815301076,1909f56bfc062723c751e8b465ee728b)  -> (artifact id: 'efb05dbf1970a3f6629be8bf828ea1db') in 0.004452 seconds 
========================================================================
Received Import Request.
  Time since last request: 0.000054 seconds.
  path: Assets/palette/castle_env_1099.asset
  artifactKey: Guid(7eccda10cf39d5644afe16cc06167b05) Importer(815301076,1909f56bfc062723c751e8b465ee728b)
Start importing Assets/palette/castle_env_1099.asset using Guid(7eccda10cf39d5644afe16cc06167b05) Importer(815301076,1909f56bfc062723c751e8b465ee728b)  -> (artifact id: '08869f0c564337661b25ebf6c7f70726') in 0.003845 seconds 
========================================================================
Received Import Request.
  Time since last request: 0.000028 seconds.
  path: Assets/palette/castle_env_1006.asset
  artifactKey: Guid(e0661b75de140d94aad908fbf89437ac) Importer(815301076,1909f56bfc062723c751e8b465ee728b)
Start importing Assets/palette/castle_env_1006.asset using Guid(e0661b75de140d94aad908fbf89437ac) Importer(815301076,1909f56bfc062723c751e8b465ee728b)  -> (artifact id: 'c7795d7aec82a2cfb3a4807216b7e09d') in 0.005885 seconds 
========================================================================
Received Import Request.
  Time since last request: 0.000032 seconds.
  path: Assets/palette/castle_env_796.asset
  artifactKey: Guid(b16b439369617b74f8f8daba998d24a3) Importer(815301076,1909f56bfc062723c751e8b465ee728b)
Start importing Assets/palette/castle_env_796.asset using Guid(b16b439369617b74f8f8daba998d24a3) Importer(815301076,1909f56bfc062723c751e8b465ee728b)  -> (artifact id: '65f0c26f2fa3bb4f38c28ed6d29e9212') in 0.007593 seconds 
========================================================================
Received Import Request.
  Time since last request: 0.000033 seconds.
  path: Assets/palette/castle_env_800.asset
  artifactKey: Guid(49c8fe161cd241649bfa7fc542390b31) Importer(815301076,1909f56bfc062723c751e8b465ee728b)
Start importing Assets/palette/castle_env_800.asset using Guid(49c8fe161cd241649bfa7fc542390b31) Importer(815301076,1909f56bfc062723c751e8b465ee728b)  -> (artifact id: 'aa3fb8763d71dc522a732a680a9b1102') in 0.003943 seconds 
========================================================================
Received Import Request.
  Time since last request: 0.000023 seconds.
  path: Assets/palette/castle_env_1212.asset
  artifactKey: Guid(51a551c3359bd6147ad49949ec0868e6) Importer(815301076,1909f56bfc062723c751e8b465ee728b)
Start importing Assets/palette/castle_env_1212.asset using Guid(51a551c3359bd6147ad49949ec0868e6) Importer(815301076,1909f56bfc062723c751e8b465ee728b)  -> (artifact id: 'f88e8b04ed2007ac6db983aeebcc6b6b') in 0.005180 seconds 
========================================================================
Received Import Request.
  Time since last request: 0.000036 seconds.
  path: Assets/palette/castle_env_625.asset
  artifactKey: Guid(8e402bd58990fa24a8c27df8354a255b) Importer(815301076,1909f56bfc062723c751e8b465ee728b)
Start importing Assets/palette/castle_env_625.asset using Guid(8e402bd58990fa24a8c27df8354a255b) Importer(815301076,1909f56bfc062723c751e8b465ee728b)  -> (artifact id: '4e031a4f2168a2fcb6696a282b3b69d6') in 0.007051 seconds 
========================================================================
Received Import Request.
  Time since last request: 0.000030 seconds.
  path: Assets/palette/castle_env_801.asset
  artifactKey: Guid(7f04a73603719e946a1c2a49c2c9b46f) Importer(815301076,1909f56bfc062723c751e8b465ee728b)
Start importing Assets/palette/castle_env_801.asset using Guid(7f04a73603719e946a1c2a49c2c9b46f) Importer(815301076,1909f56bfc062723c751e8b465ee728b)  -> (artifact id: 'febe1c98abba4ba5ec8bb321613b5415') in 0.005486 seconds 
========================================================================
Received Import Request.
  Time since last request: 0.000034 seconds.
  path: Assets/palette/castle_env_620.asset
  artifactKey: Guid(83b6d9500c5d19d41b044c0f9a200ae3) Importer(815301076,1909f56bfc062723c751e8b465ee728b)
Start importing Assets/palette/castle_env_620.asset using Guid(83b6d9500c5d19d41b044c0f9a200ae3) Importer(815301076,1909f56bfc062723c751e8b465ee728b)  -> (artifact id: 'ca44c6f02a2cd302743a20a99644edb2') in 0.003810 seconds 
========================================================================
Received Import Request.
  Time since last request: 0.000041 seconds.
  path: Assets/palette/castle_env_1103.asset
  artifactKey: Guid(a4ba36330aa36c0428e31e0b1e4c7070) Importer(815301076,1909f56bfc062723c751e8b465ee728b)
Start importing Assets/palette/castle_env_1103.asset using Guid(a4ba36330aa36c0428e31e0b1e4c7070) Importer(815301076,1909f56bfc062723c751e8b465ee728b)  -> (artifact id: '2be3788603758ef0ea7163f27aaa2bce') in 0.005118 seconds 
========================================================================
Received Import Request.
  Time since last request: 0.000037 seconds.
  path: Assets/palette/castle_env_465.asset
  artifactKey: Guid(44fe4a6c4df2b3d44b63600a1cd62e71) Importer(815301076,1909f56bfc062723c751e8b465ee728b)
Start importing Assets/palette/castle_env_465.asset using Guid(44fe4a6c4df2b3d44b63600a1cd62e71) Importer(815301076,1909f56bfc062723c751e8b465ee728b)  -> (artifact id: '43c2419036c8e810d6164f6c0d700d81') in 0.004026 seconds 
========================================================================
Received Import Request.
  Time since last request: 0.000050 seconds.
  path: Assets/palette/castle_env_408.asset
  artifactKey: Guid(ca7fe58d0a9aac14a962253643cb5988) Importer(815301076,1909f56bfc062723c751e8b465ee728b)
Start importing Assets/palette/castle_env_408.asset using Guid(ca7fe58d0a9aac14a962253643cb5988) Importer(815301076,1909f56bfc062723c751e8b465ee728b)  -> (artifact id: '4996aba6ce9ed9c412dfb4eb45c72160') in 0.004830 seconds 
========================================================================
Received Import Request.
  Time since last request: 0.000027 seconds.
  path: Assets/palette/castle_env_368.asset
  artifactKey: Guid(15e9d8cf512dd394b969b13ef9e1c36a) Importer(815301076,1909f56bfc062723c751e8b465ee728b)
Start importing Assets/palette/castle_env_368.asset using Guid(15e9d8cf512dd394b969b13ef9e1c36a) Importer(815301076,1909f56bfc062723c751e8b465ee728b)  -> (artifact id: '6b6de1f635fa83c8bc2121c34cdf56af') in 0.006600 seconds 
========================================================================
Received Import Request.
  Time since last request: 0.000031 seconds.
  path: Assets/palette/castle_env_304.asset
  artifactKey: Guid(adff8740c4710d84083f7aae72a86219) Importer(815301076,1909f56bfc062723c751e8b465ee728b)
Start importing Assets/palette/castle_env_304.asset using Guid(adff8740c4710d84083f7aae72a86219) Importer(815301076,1909f56bfc062723c751e8b465ee728b)  -> (artifact id: '606215a27c273835ba273695ca8a76e2') in 0.006332 seconds 
========================================================================
Received Import Request.
  Time since last request: 0.000032 seconds.
  path: Assets/palette/castle_env_348.asset
  artifactKey: Guid(6f4626326ef12414fbcdcd8b3629449d) Importer(815301076,1909f56bfc062723c751e8b465ee728b)
Start importing Assets/palette/castle_env_348.asset using Guid(6f4626326ef12414fbcdcd8b3629449d) Importer(815301076,1909f56bfc062723c751e8b465ee728b)  -> (artifact id: 'a2ad3f0332e4e30d3a2507535a7604da') in 0.005215 seconds 
========================================================================
Received Import Request.
  Time since last request: 0.000029 seconds.
  path: Assets/palette/castle_env_299.asset
  artifactKey: Guid(355c40fbadb2500498091446f084290e) Importer(815301076,1909f56bfc062723c751e8b465ee728b)
Start importing Assets/palette/castle_env_299.asset using Guid(355c40fbadb2500498091446f084290e) Importer(815301076,1909f56bfc062723c751e8b465ee728b)  -> (artifact id: '238d01b65a73c200e543b6673801fe59') in 0.005023 seconds 
========================================================================
Received Import Request.
  Time since last request: 0.000034 seconds.
  path: Assets/palette/castle_env_404.asset
  artifactKey: Guid(b429d10edfbc9b74cbd101a1fa21a401) Importer(815301076,1909f56bfc062723c751e8b465ee728b)
Start importing Assets/palette/castle_env_404.asset using Guid(b429d10edfbc9b74cbd101a1fa21a401) Importer(815301076,1909f56bfc062723c751e8b465ee728b)  -> (artifact id: 'b6a95de63a1f185970200b1e9f9ff7d0') in 0.006038 seconds 
========================================================================
Received Import Request.
  Time since last request: 0.000026 seconds.
  path: Assets/palette/castle_env_169.asset
  artifactKey: Guid(b904c43e542e3204385c0616fca2bfdc) Importer(815301076,1909f56bfc062723c751e8b465ee728b)
Start importing Assets/palette/castle_env_169.asset using Guid(b904c43e542e3204385c0616fca2bfdc) Importer(815301076,1909f56bfc062723c751e8b465ee728b)  -> (artifact id: '3f8a973098277799cde8de4a824ac7dd') in 0.004305 seconds 
========================================================================
Received Import Request.
  Time since last request: 0.000048 seconds.
  path: Assets/palette/castle_env_1004.asset
  artifactKey: Guid(9d283cb497d3f06489226199618ec24c) Importer(815301076,1909f56bfc062723c751e8b465ee728b)
Start importing Assets/palette/castle_env_1004.asset using Guid(9d283cb497d3f06489226199618ec24c) Importer(815301076,1909f56bfc062723c751e8b465ee728b)  -> (artifact id: 'd74877a71fc95efaca2e76bc6b53f42e') in 0.005467 seconds 
========================================================================
Received Import Request.
  Time since last request: 0.000024 seconds.
  path: Assets/palette/castle_env_102.asset
  artifactKey: Guid(556aaa0444f8d5c4c8746b613cf72e36) Importer(815301076,1909f56bfc062723c751e8b465ee728b)
Start importing Assets/palette/castle_env_102.asset using Guid(556aaa0444f8d5c4c8746b613cf72e36) Importer(815301076,1909f56bfc062723c751e8b465ee728b)  -> (artifact id: '320cc25385d5e6f095d317d0ed01b4ee') in 0.003658 seconds 
========================================================================
Received Import Request.
  Time since last request: 0.000033 seconds.
  path: Assets/palette/castle_env_803.asset
  artifactKey: Guid(0de65fc831c29b44a9801dc088f25739) Importer(815301076,1909f56bfc062723c751e8b465ee728b)
Start importing Assets/palette/castle_env_803.asset using Guid(0de65fc831c29b44a9801dc088f25739) Importer(815301076,1909f56bfc062723c751e8b465ee728b)  -> (artifact id: '41b9241268d81b567db0cbc32a4ce050') in 0.006133 seconds 
========================================================================
Received Import Request.
  Time since last request: 0.000038 seconds.
  path: Assets/palette/castle_env_174.asset
  artifactKey: Guid(e1367946055ffc341b98bf0d1d591d00) Importer(815301076,1909f56bfc062723c751e8b465ee728b)
Start importing Assets/palette/castle_env_174.asset using Guid(e1367946055ffc341b98bf0d1d591d00) Importer(815301076,1909f56bfc062723c751e8b465ee728b)  -> (artifact id: 'bca9a383a6087c150b7307d7a749eca3') in 0.006804 seconds 
========================================================================
Received Import Request.
  Time since last request: 0.000033 seconds.
  path: Assets/palette/wood_env_96.asset
  artifactKey: Guid(f8034cc825f5d0245850622368c13e07) Importer(815301076,1909f56bfc062723c751e8b465ee728b)
Start importing Assets/palette/wood_env_96.asset using Guid(f8034cc825f5d0245850622368c13e07) Importer(815301076,1909f56bfc062723c751e8b465ee728b)  -> (artifact id: 'cd172d32ddc225f6ce3915f1ba94131b') in 0.011076 seconds 
========================================================================
Received Import Request.
  Time since last request: 0.000044 seconds.
  path: Assets/palette/castle_env_214.asset
  artifactKey: Guid(c095fabc25b715742956327e99a144b1) Importer(815301076,1909f56bfc062723c751e8b465ee728b)
Start importing Assets/palette/castle_env_214.asset using Guid(c095fabc25b715742956327e99a144b1) Importer(815301076,1909f56bfc062723c751e8b465ee728b)  -> (artifact id: 'af9804e4f0285948c151d4593e65bf8d') in 0.004717 seconds 
========================================================================
Received Import Request.
  Time since last request: 0.000052 seconds.
  path: Assets/palette/castle_env_1207.asset
  artifactKey: Guid(b8bd7aafdf78ffe40aeba3f6c57441ac) Importer(815301076,1909f56bfc062723c751e8b465ee728b)
Start importing Assets/palette/castle_env_1207.asset using Guid(b8bd7aafdf78ffe40aeba3f6c57441ac) Importer(815301076,1909f56bfc062723c751e8b465ee728b)  -> (artifact id: '4197fbc16966a12a091a4b0cd6777258') in 0.004992 seconds 
========================================================================
Received Import Request.
  Time since last request: 0.000028 seconds.
  path: Assets/palette/castle_env_1294.asset
  artifactKey: Guid(2e7aceeb63952c641acb427679f5c87a) Importer(815301076,1909f56bfc062723c751e8b465ee728b)
Start importing Assets/palette/castle_env_1294.asset using Guid(2e7aceeb63952c641acb427679f5c87a) Importer(815301076,1909f56bfc062723c751e8b465ee728b)  -> (artifact id: 'd525100297f8d61dc3bd4298f86bbf06') in 0.015776 seconds 
========================================================================
Received Import Request.
  Time since last request: 0.000032 seconds.
  path: Assets/palette/ground_86.asset
  artifactKey: Guid(61b78d93223944f4988c232dd657ee46) Importer(815301076,1909f56bfc062723c751e8b465ee728b)
Start importing Assets/palette/ground_86.asset using Guid(61b78d93223944f4988c232dd657ee46) Importer(815301076,1909f56bfc062723c751e8b465ee728b)  -> (artifact id: 'ab4d850d1cc2292ed779ba231a1bec4e') in 0.035829 seconds 
========================================================================
Received Import Request.
  Time since last request: 0.000034 seconds.
  path: Assets/palette/castle_env_175.asset
  artifactKey: Guid(bc15dadee7d3d3c49a4d2510c0bd64c1) Importer(815301076,1909f56bfc062723c751e8b465ee728b)
Start importing Assets/palette/castle_env_175.asset using Guid(bc15dadee7d3d3c49a4d2510c0bd64c1) Importer(815301076,1909f56bfc062723c751e8b465ee728b)  -> (artifact id: '6fbac1ad4c77ada4b25e4043a495dd29') in 0.006003 seconds 
========================================================================
Received Import Request.
  Time since last request: 0.000025 seconds.
  path: Assets/palette/env_rock_412.asset
  artifactKey: Guid(59df3e59e7d159444bb7bfc2e778db98) Importer(815301076,1909f56bfc062723c751e8b465ee728b)
Start importing Assets/palette/env_rock_412.asset using Guid(59df3e59e7d159444bb7bfc2e778db98) Importer(815301076,1909f56bfc062723c751e8b465ee728b)  -> (artifact id: 'b903d108d4efc1057a9970c82568d688') in 0.020075 seconds 
========================================================================
Received Import Request.
  Time since last request: 0.000035 seconds.
  path: Assets/palette/castle_env_136.asset
  artifactKey: Guid(57016f38217c2f24e8bdad6394adf8a2) Importer(815301076,1909f56bfc062723c751e8b465ee728b)
Start importing Assets/palette/castle_env_136.asset using Guid(57016f38217c2f24e8bdad6394adf8a2) Importer(815301076,1909f56bfc062723c751e8b465ee728b)  -> (artifact id: 'c9301d21212d80c3433ec5272fc992e5') in 0.005919 seconds 
========================================================================
Received Import Request.
  Time since last request: 0.000020 seconds.
  path: Assets/palette/castle_env_94.asset
  artifactKey: Guid(e06a6c11b91e4d84692c4cad03cdf691) Importer(815301076,1909f56bfc062723c751e8b465ee728b)
Start importing Assets/palette/castle_env_94.asset using Guid(e06a6c11b91e4d84692c4cad03cdf691) Importer(815301076,1909f56bfc062723c751e8b465ee728b)  -> (artifact id: 'b842496d6fb6dabc5ddc6b467ac98231') in 0.005493 seconds 
========================================================================
Received Import Request.
  Time since last request: 0.000031 seconds.
  path: Assets/palette/castle_env_98.asset
  artifactKey: Guid(4a776c7e2c34e3b4782dcb78874b77f5) Importer(815301076,1909f56bfc062723c751e8b465ee728b)
Start importing Assets/palette/castle_env_98.asset using Guid(4a776c7e2c34e3b4782dcb78874b77f5) Importer(815301076,1909f56bfc062723c751e8b465ee728b)  -> (artifact id: 'f65821f00bf3a0d63cde2402d3cf2e96') in 0.004678 seconds 
========================================================================
Received Import Request.
  Time since last request: 0.000034 seconds.
  path: Assets/palette/castle_env_1356.asset
  artifactKey: Guid(27d2d9eed27e1b14f954a51d836fbb7c) Importer(815301076,1909f56bfc062723c751e8b465ee728b)
Start importing Assets/palette/castle_env_1356.asset using Guid(27d2d9eed27e1b14f954a51d836fbb7c) Importer(815301076,1909f56bfc062723c751e8b465ee728b)  -> (artifact id: 'b39a614b3642183d7af53824a932fd6e') in 0.004794 seconds 
========================================================================
Received Import Request.
  Time since last request: 0.000059 seconds.
  path: Assets/palette/castle_env_152.asset
  artifactKey: Guid(830645865c8f0de4eb3970c4327c848a) Importer(815301076,1909f56bfc062723c751e8b465ee728b)
Start importing Assets/palette/castle_env_152.asset using Guid(830645865c8f0de4eb3970c4327c848a) Importer(815301076,1909f56bfc062723c751e8b465ee728b)  -> (artifact id: '4a830c9bbc6129759cfeb7b6d7acaf26') in 0.005732 seconds 
========================================================================
Received Import Request.
  Time since last request: 0.000032 seconds.
  path: Assets/palette/castle_env_132.asset
  artifactKey: Guid(4b4cda9d5e223e04caf0ebc75d0b16ba) Importer(815301076,1909f56bfc062723c751e8b465ee728b)
Start importing Assets/palette/castle_env_132.asset using Guid(4b4cda9d5e223e04caf0ebc75d0b16ba) Importer(815301076,1909f56bfc062723c751e8b465ee728b)  -> (artifact id: '455e9a7d1e59dd149686a042116957b3') in 0.005159 seconds 
========================================================================
Received Import Request.
  Time since last request: 0.000040 seconds.
  path: Assets/palette/castle_env_1358.asset
  artifactKey: Guid(9acacdfc079883149bb3f867ae38f662) Importer(815301076,1909f56bfc062723c751e8b465ee728b)
Start importing Assets/palette/castle_env_1358.asset using Guid(9acacdfc079883149bb3f867ae38f662) Importer(815301076,1909f56bfc062723c751e8b465ee728b)  -> (artifact id: '7e586518f31c3afe64a2c142b09e996d') in 0.006549 seconds 
========================================================================
Received Import Request.
  Time since last request: 0.000054 seconds.
  path: Assets/palette/castle_env_297.asset
  artifactKey: Guid(7a73ea79281e3724897b040de42743a6) Importer(815301076,1909f56bfc062723c751e8b465ee728b)
Start importing Assets/palette/castle_env_297.asset using Guid(7a73ea79281e3724897b040de42743a6) Importer(815301076,1909f56bfc062723c751e8b465ee728b)  -> (artifact id: '0cadd95ca46ba8e81d45732d89bf4536') in 0.007396 seconds 
========================================================================
Received Import Request.
  Time since last request: 0.000035 seconds.
  path: Assets/palette/env_rock_655.asset
  artifactKey: Guid(4aae612aaffa1dc4e833d408eacdf1fc) Importer(815301076,1909f56bfc062723c751e8b465ee728b)
Start importing Assets/palette/env_rock_655.asset using Guid(4aae612aaffa1dc4e833d408eacdf1fc) Importer(815301076,1909f56bfc062723c751e8b465ee728b)  -> (artifact id: '79eafb2abf8fab397c7b918c0e53ffa9') in 0.025609 seconds 
========================================================================
Received Import Request.
  Time since last request: 0.000064 seconds.
  path: Assets/palette/castle_env_352.asset
  artifactKey: Guid(01bd4476937bdaa468120378b65e6cf5) Importer(815301076,1909f56bfc062723c751e8b465ee728b)
Start importing Assets/palette/castle_env_352.asset using Guid(01bd4476937bdaa468120378b65e6cf5) Importer(815301076,1909f56bfc062723c751e8b465ee728b)  -> (artifact id: '128c3825ee42ed1d52bcc9176ae8edea') in 0.004104 seconds 
========================================================================
Received Import Request.
  Time since last request: 0.000032 seconds.
  path: Assets/palette/env_rock_405.asset
  artifactKey: Guid(1c47233aa7185154fb2e8829b5818121) Importer(815301076,1909f56bfc062723c751e8b465ee728b)
Start importing Assets/palette/env_rock_405.asset using Guid(1c47233aa7185154fb2e8829b5818121) Importer(815301076,1909f56bfc062723c751e8b465ee728b)  -> (artifact id: '4450ae37c9f5e8a623fa085398714bad') in 0.004891 seconds 
========================================================================
Received Import Request.
  Time since last request: 0.000027 seconds.
  path: Assets/palette/castle_env_474.asset
  artifactKey: Guid(6d54af70b6570d04abf64e46ae1ee94b) Importer(815301076,1909f56bfc062723c751e8b465ee728b)
Start importing Assets/palette/castle_env_474.asset using Guid(6d54af70b6570d04abf64e46ae1ee94b) Importer(815301076,1909f56bfc062723c751e8b465ee728b)  -> (artifact id: 'bc31bcd0f95d707e9f71cab822d08145') in 0.005608 seconds 
========================================================================
Received Import Request.
  Time since last request: 0.000031 seconds.
  path: Assets/palette/castle_env_303.asset
  artifactKey: Guid(376580f7f0bed6a418005cc9463b0de0) Importer(815301076,1909f56bfc062723c751e8b465ee728b)
Start importing Assets/palette/castle_env_303.asset using Guid(376580f7f0bed6a418005cc9463b0de0) Importer(815301076,1909f56bfc062723c751e8b465ee728b)  -> (artifact id: '6bf8402f0553aeb0c3263046a51f5343') in 0.005314 seconds 
========================================================================
Received Import Request.
  Time since last request: 0.000125 seconds.
  path: Assets/palette/env_mon_291.asset
  artifactKey: Guid(94481b0b4f1356541a856a4679d621bc) Importer(815301076,1909f56bfc062723c751e8b465ee728b)
Start importing Assets/palette/env_mon_291.asset using Guid(94481b0b4f1356541a856a4679d621bc) Importer(815301076,1909f56bfc062723c751e8b465ee728b)  -> (artifact id: '0e51be4cbf29e3531b7d97eefc70ad0e') in 0.005218 seconds 
========================================================================
Received Import Request.
  Time since last request: 0.000033 seconds.
  path: Assets/palette/castle_env_954.asset
  artifactKey: Guid(fb9de11353de17e48a7740d2454c7108) Importer(815301076,1909f56bfc062723c751e8b465ee728b)
Start importing Assets/palette/castle_env_954.asset using Guid(fb9de11353de17e48a7740d2454c7108) Importer(815301076,1909f56bfc062723c751e8b465ee728b)  -> (artifact id: '5c9d2e1e506a9e70a40e1c0457e328b9') in 0.005358 seconds 
========================================================================
Received Import Request.
  Time since last request: 0.000026 seconds.
  path: Assets/palette/castle_env_140.asset
  artifactKey: Guid(d34685fb78b94f047849c4ce44200813) Importer(815301076,1909f56bfc062723c751e8b465ee728b)
Start importing Assets/palette/castle_env_140.asset using Guid(d34685fb78b94f047849c4ce44200813) Importer(815301076,1909f56bfc062723c751e8b465ee728b)  -> (artifact id: '1e2c88f9279cfc08e5120730b4bf5e49') in 0.004797 seconds 
========================================================================
Received Import Request.
  Time since last request: 0.000029 seconds.
  path: Assets/palette/castle_env_1453.asset
  artifactKey: Guid(c74d039a794e17545b49554dcdddd85e) Importer(815301076,1909f56bfc062723c751e8b465ee728b)
Start importing Assets/palette/castle_env_1453.asset using Guid(c74d039a794e17545b49554dcdddd85e) Importer(815301076,1909f56bfc062723c751e8b465ee728b)  -> (artifact id: '0836dee076e6b5c783dd74f83313261a') in 0.006788 seconds 
========================================================================
Received Import Request.
  Time since last request: 0.000028 seconds.
  path: Assets/palette/env_rock_410.asset
  artifactKey: Guid(e6d1c7d993ed5da46af879b0d49b82d4) Importer(815301076,1909f56bfc062723c751e8b465ee728b)
Start importing Assets/palette/env_rock_410.asset using Guid(e6d1c7d993ed5da46af879b0d49b82d4) Importer(815301076,1909f56bfc062723c751e8b465ee728b)  -> (artifact id: '33b23da8ff8d695771bae446c7a6a8a3') in 0.008758 seconds 
========================================================================
Received Import Request.
  Time since last request: 0.000064 seconds.
  path: Assets/palette/castle_env_176.asset
  artifactKey: Guid(88a0fe9a0fab32f4a96aece40e5110f2) Importer(815301076,1909f56bfc062723c751e8b465ee728b)
Start importing Assets/palette/castle_env_176.asset using Guid(88a0fe9a0fab32f4a96aece40e5110f2) Importer(815301076,1909f56bfc062723c751e8b465ee728b)  -> (artifact id: '3d8095e1dd6a04166fac479bb9477486') in 0.005617 seconds 
========================================================================
Received Import Request.
  Time since last request: 0.000029 seconds.
  path: Assets/palette/castle_env_797.asset
  artifactKey: Guid(2c9bd04e8617be043aab0c41e2922a28) Importer(815301076,1909f56bfc062723c751e8b465ee728b)
Start importing Assets/palette/castle_env_797.asset using Guid(2c9bd04e8617be043aab0c41e2922a28) Importer(815301076,1909f56bfc062723c751e8b465ee728b)  -> (artifact id: 'aa37d9c6b7aa66aeeb8f93865c6642aa') in 0.005768 seconds 
========================================================================
Received Import Request.
  Time since last request: 0.000039 seconds.
  path: Assets/palette/castle_env_373.asset
  artifactKey: Guid(ebbac19ab98713a49a7f1fc912877dfd) Importer(815301076,1909f56bfc062723c751e8b465ee728b)
Start importing Assets/palette/castle_env_373.asset using Guid(ebbac19ab98713a49a7f1fc912877dfd) Importer(815301076,1909f56bfc062723c751e8b465ee728b)  -> (artifact id: 'b40d6b70817ad46c4222a9a5988e1219') in 0.005754 seconds 
========================================================================
Received Import Request.
  Time since last request: 0.000024 seconds.
  path: Assets/palette/castle_env_1119.asset
  artifactKey: Guid(e5a97f4a361dec040b9ac74d4ab12696) Importer(815301076,1909f56bfc062723c751e8b465ee728b)
Start importing Assets/palette/castle_env_1119.asset using Guid(e5a97f4a361dec040b9ac74d4ab12696) Importer(815301076,1909f56bfc062723c751e8b465ee728b)  -> (artifact id: '94f2788556a26bd6bc3ba1c04f959b09') in 0.005837 seconds 
========================================================================
Received Import Request.
  Time since last request: 0.000023 seconds.
  path: Assets/palette/castle_env_409.asset
  artifactKey: Guid(ad2bb99e409697d4291307d3412cc253) Importer(815301076,1909f56bfc062723c751e8b465ee728b)
Start importing Assets/palette/castle_env_409.asset using Guid(ad2bb99e409697d4291307d3412cc253) Importer(815301076,1909f56bfc062723c751e8b465ee728b)  -> (artifact id: 'e8f9a3128024e836551b40bd96b16aa9') in 0.005397 seconds 
========================================================================
Received Import Request.
  Time since last request: 0.000032 seconds.
  path: Assets/palette/castle_env_134.asset
  artifactKey: Guid(a573324221388874090f68b4564011d5) Importer(815301076,1909f56bfc062723c751e8b465ee728b)
Start importing Assets/palette/castle_env_134.asset using Guid(a573324221388874090f68b4564011d5) Importer(815301076,1909f56bfc062723c751e8b465ee728b)  -> (artifact id: 'f5ebe7a34307b50124499ca801add03f') in 0.005540 seconds 
========================================================================
Received Import Request.
  Time since last request: 0.000032 seconds.
  path: Assets/palette/castle_env_146.asset
  artifactKey: Guid(0a845fca484552344adedaea6677b61b) Importer(815301076,1909f56bfc062723c751e8b465ee728b)
Start importing Assets/palette/castle_env_146.asset using Guid(0a845fca484552344adedaea6677b61b) Importer(815301076,1909f56bfc062723c751e8b465ee728b)  -> (artifact id: '3c0a94f034e20225e9f163c6ff15133b') in 0.005758 seconds 
========================================================================
Received Import Request.
  Time since last request: 0.000037 seconds.
  path: Assets/palette/env_mon_466.asset
  artifactKey: Guid(895673bf26bb8a54d8602e47bff9e127) Importer(815301076,1909f56bfc062723c751e8b465ee728b)
Start importing Assets/palette/env_mon_466.asset using Guid(895673bf26bb8a54d8602e47bff9e127) Importer(815301076,1909f56bfc062723c751e8b465ee728b)  -> (artifact id: 'a73b2a5122039b5f6d266a8f513299ae') in 0.006239 seconds 
========================================================================
Received Import Request.
  Time since last request: 0.000034 seconds.
  path: Assets/palette/castle_env_1360.asset
  artifactKey: Guid(c9544e3e6512fb249a5de6724d0630e1) Importer(815301076,1909f56bfc062723c751e8b465ee728b)
Start importing Assets/palette/castle_env_1360.asset using Guid(c9544e3e6512fb249a5de6724d0630e1) Importer(815301076,1909f56bfc062723c751e8b465ee728b)  -> (artifact id: '90219ff7887a19773197a18c82c0dc18') in 0.004922 seconds 
========================================================================
Received Import Request.
  Time since last request: 0.000052 seconds.
  path: Assets/palette/castle_env_95.asset
  artifactKey: Guid(ab91290c6a20a19419ab84769a6eec62) Importer(815301076,1909f56bfc062723c751e8b465ee728b)
Start importing Assets/palette/castle_env_95.asset using Guid(ab91290c6a20a19419ab84769a6eec62) Importer(815301076,1909f56bfc062723c751e8b465ee728b)  -> (artifact id: '1055cf4eb74e97a238b211901170323c') in 0.004720 seconds 
========================================================================
Received Import Request.
  Time since last request: 0.000030 seconds.
  path: Assets/palette/castle_env_1290.asset
  artifactKey: Guid(2bdb543cec52ba847936f876a30b2596) Importer(815301076,1909f56bfc062723c751e8b465ee728b)
Start importing Assets/palette/castle_env_1290.asset using Guid(2bdb543cec52ba847936f876a30b2596) Importer(815301076,1909f56bfc062723c751e8b465ee728b)  -> (artifact id: 'c48d1b93b232f662a4286c551bf99f3f') in 0.004041 seconds 
========================================================================
Received Import Request.
  Time since last request: 0.000028 seconds.
  path: Assets/palette/castle_env_466.asset
  artifactKey: Guid(db4abae8ce9de8d4dacc539061151118) Importer(815301076,1909f56bfc062723c751e8b465ee728b)
Start importing Assets/palette/castle_env_466.asset using Guid(db4abae8ce9de8d4dacc539061151118) Importer(815301076,1909f56bfc062723c751e8b465ee728b)  -> (artifact id: 'a1ddfe4ca988d1d1fcb847d0dff1f8a8') in 0.006812 seconds 
========================================================================
Received Import Request.
  Time since last request: 0.000029 seconds.
  path: Assets/palette/castle_env_1287.asset
  artifactKey: Guid(2624acfb740eba145943f8ab49ffeeb8) Importer(815301076,1909f56bfc062723c751e8b465ee728b)
Start importing Assets/palette/castle_env_1287.asset using Guid(2624acfb740eba145943f8ab49ffeeb8) Importer(815301076,1909f56bfc062723c751e8b465ee728b)  -> (artifact id: '890bc4930015ee63ee32c85004f942ec') in 0.007186 seconds 
========================================================================
Received Import Request.
  Time since last request: 0.000033 seconds.
  path: Assets/palette/castle_env_220.asset
  artifactKey: Guid(c44496d4f5090544283cab521cbe38e5) Importer(815301076,1909f56bfc062723c751e8b465ee728b)
Start importing Assets/palette/castle_env_220.asset using Guid(c44496d4f5090544283cab521cbe38e5) Importer(815301076,1909f56bfc062723c751e8b465ee728b)  -> (artifact id: '43431e034168e5f6803a3a15bbf87801') in 0.005816 seconds 
========================================================================
Received Import Request.
  Time since last request: 0.000029 seconds.
  path: Assets/palette/castle_env_221.asset
  artifactKey: Guid(7bbf3e52efaa83342b88551f71f528e0) Importer(815301076,1909f56bfc062723c751e8b465ee728b)
Start importing Assets/palette/castle_env_221.asset using Guid(7bbf3e52efaa83342b88551f71f528e0) Importer(815301076,1909f56bfc062723c751e8b465ee728b)  -> (artifact id: '86d928bcd0c8130447fc852bce33180d') in 0.005750 seconds 
========================================================================
Received Import Request.
  Time since last request: 0.000029 seconds.
  path: Assets/palette/castle_env_961.asset
  artifactKey: Guid(48a0c8dfedd6bc74f832a2af28502e08) Importer(815301076,1909f56bfc062723c751e8b465ee728b)
Start importing Assets/palette/castle_env_961.asset using Guid(48a0c8dfedd6bc74f832a2af28502e08) Importer(815301076,1909f56bfc062723c751e8b465ee728b)  -> (artifact id: '43b2789a01b5315c7caab4d985a6b24a') in 0.005404 seconds 
========================================================================
Received Import Request.
  Time since last request: 0.000030 seconds.
  path: Assets/palette/wood_env_153.asset
  artifactKey: Guid(de9fa4216029e6b4896af44846f45889) Importer(815301076,1909f56bfc062723c751e8b465ee728b)
Start importing Assets/palette/wood_env_153.asset using Guid(de9fa4216029e6b4896af44846f45889) Importer(815301076,1909f56bfc062723c751e8b465ee728b)  -> (artifact id: '26cf68d841701069abb73f0a5034a00f') in 0.009110 seconds 
========================================================================
Received Import Request.
  Time since last request: 0.000089 seconds.
  path: Assets/palette/castle_env_621.asset
  artifactKey: Guid(f65e7a9bdfb9d764ea179feff5a30fc4) Importer(815301076,1909f56bfc062723c751e8b465ee728b)
Start importing Assets/palette/castle_env_621.asset using Guid(f65e7a9bdfb9d764ea179feff5a30fc4) Importer(815301076,1909f56bfc062723c751e8b465ee728b)  -> (artifact id: '858f1006ef3bef4f71cf858b62f3801f') in 0.005337 seconds 
Editor requested this worker to shutdown with reason: Scaling down because of idle timeout
AssetImportWorker is now disconnected from the server
Process exiting
Exiting without the bug reporter. Application will terminate with return code 0