Using pre-set license
Built from '2021.3/staging' branch; Version is '2021.3.14f1 (eee1884e7226) revision 15655304'; Using compiler version '192829333'; Build Type 'Release'
OS: 'Windows 10  (10.0.19045) 64bit Core' Language: 'zh' Physical Memory: 15791 MB
BatchMode: 1, IsHumanControllingUs: 0, StartBugReporterOnCrash: 0, Is64bit: 1, IsPro: 1

COMMAND LINE ARGUMENTS:
C:\Program Files\Unity\Hub\Editor\2021.3.14f1\Editor\Unity.exe
-adb2
-batchMode
-noUpm
-name
AssetImportWorker2
-projectPath
D:/SideScrolling_2D
-logFile
Logs/AssetImportWorker2.log
-srvPort
50815
Successfully changed project path to: D:/SideScrolling_2D
D:/SideScrolling_2D
[UnityMemory] Configuration Parameters - Can be set up in boot.config
    "memorysetup-bucket-allocator-granularity=16"
    "memorysetup-bucket-allocator-bucket-count=8"
    "memorysetup-bucket-allocator-block-size=33554432"
    "memorysetup-bucket-allocator-block-count=8"
    "memorysetup-main-allocator-block-size=16777216"
    "memorysetup-thread-allocator-block-size=16777216"
    "memorysetup-gfx-main-allocator-block-size=16777216"
    "memorysetup-gfx-thread-allocator-block-size=16777216"
    "memorysetup-cache-allocator-block-size=4194304"
    "memorysetup-typetree-allocator-block-size=2097152"
    "memorysetup-profiler-bucket-allocator-granularity=16"
    "memorysetup-profiler-bucket-allocator-bucket-count=8"
    "memorysetup-profiler-bucket-allocator-block-size=33554432"
    "memorysetup-profiler-bucket-allocator-block-count=8"
    "memorysetup-profiler-allocator-block-size=16777216"
    "memorysetup-profiler-editor-allocator-block-size=1048576"
    "memorysetup-temp-allocator-size-main=16777216"
    "memorysetup-job-temp-allocator-block-size=2097152"
    "memorysetup-job-temp-allocator-block-size-background=1048576"
    "memorysetup-job-temp-allocator-reduction-small-platforms=262144"
    "memorysetup-temp-allocator-size-background-worker=32768"
    "memorysetup-temp-allocator-size-job-worker=262144"
    "memorysetup-temp-allocator-size-preload-manager=33554432"
    "memorysetup-temp-allocator-size-nav-mesh-worker=65536"
    "memorysetup-temp-allocator-size-audio-worker=65536"
    "memorysetup-temp-allocator-size-cloud-worker=32768"
    "memorysetup-temp-allocator-size-gi-baking-worker=262144"
    "memorysetup-temp-allocator-size-gfx=262144"
Refreshing native plugins compatible for Editor in 84.22 ms, found 4 plugins.
Preloading 0 native plugins for Editor in 0.00 ms.
Initialize engine version: 2021.3.14f1 (eee1884e7226)
[Subsystems] Discovering subsystems at path C:/Program Files/Unity/Hub/Editor/2021.3.14f1/Editor/Data/Resources/UnitySubsystems
[Subsystems] Discovering subsystems at path D:/SideScrolling_2D/Assets
GfxDevice: creating device client; threaded=0; jobified=0
Direct3D:
    Version:  Direct3D 11.0 [level 11.1]
    Renderer: NVIDIA GeForce GTX 1650 Ti (ID=0x1f95)
    Vendor:   NVIDIA
    VRAM:     3949 MB
    Driver:   31.0.15.2849
Initialize mono
Mono path[0] = 'C:/Program Files/Unity/Hub/Editor/2021.3.14f1/Editor/Data/Managed'
Mono path[1] = 'C:/Program Files/Unity/Hub/Editor/2021.3.14f1/Editor/Data/MonoBleedingEdge/lib/mono/unityjit-win32'
Mono config path = 'C:/Program Files/Unity/Hub/Editor/2021.3.14f1/Editor/Data/MonoBleedingEdge/etc'
Using monoOptions --debugger-agent=transport=dt_socket,embedding=1,server=y,suspend=n,address=127.0.0.1:56516
Begin MonoManager ReloadAssembly
Registering precompiled unity dll's ...
Register platform support module: C:/Program Files/Unity/Hub/Editor/2021.3.14f1/Editor/Data/PlaybackEngines/WebGLSupport/UnityEditor.WebGL.Extensions.dll
Register platform support module: C:/Program Files/Unity/Hub/Editor/2021.3.14f1/Editor/Data/PlaybackEngines/AndroidPlayer/UnityEditor.Android.Extensions.dll
Register platform support module: C:/Program Files/Unity/Hub/Editor/2021.3.14f1/Editor/Data/PlaybackEngines/WindowsStandaloneSupport/UnityEditor.WindowsStandalone.Extensions.dll
Registered in 0.009765 seconds.
Native extension for WindowsStandalone target not found
Native extension for Android target not found
Native extension for WebGL target not found
Refreshing native plugins compatible for Editor in 82.82 ms, found 4 plugins.
Preloading 0 native plugins for Editor in 0.00 ms.
Mono: successfully reloaded assembly
- Completed reload, in  0.641 seconds
Domain Reload Profiling:
	ReloadAssembly (641ms)
		BeginReloadAssembly (75ms)
			ExecutionOrderSort (0ms)
			DisableScriptedObjects (0ms)
			BackupInstance (0ms)
			ReleaseScriptingObjects (0ms)
			CreateAndSetChildDomain (1ms)
		EndReloadAssembly (453ms)
			LoadAssemblies (73ms)
			RebuildTransferFunctionScriptingTraits (0ms)
			SetupTypeCache (104ms)
			ReleaseScriptCaches (0ms)
			RebuildScriptCaches (27ms)
			SetupLoadedEditorAssemblies (273ms)
				LogAssemblyErrors (0ms)
				InitializePlatformSupportModulesInManaged (55ms)
				SetLoadedEditorAssemblies (0ms)
				RefreshPlugins (83ms)
				BeforeProcessingInitializeOnLoad (1ms)
				ProcessInitializeOnLoadAttributes (92ms)
				ProcessInitializeOnLoadMethodAttributes (42ms)
				AfterProcessingInitializeOnLoad (0ms)
				EditorAssembliesLoaded (0ms)
			ExecutionOrderSort2 (0ms)
			AwakeInstancesAfterBackupRestoration (0ms)
Platform modules already initialized, skipping
Registering precompiled user dll's ...
Registered in 0.004755 seconds.
Begin MonoManager ReloadAssembly
Symbol file LoadedFromMemory doesn't match image D:\SideScrolling_2D\Library\PackageCache\com.unity.visualscripting@1.7.8\Editor\VisualScripting.Core\Dependencies\YamlDotNet\Unity.VisualScripting.YamlDotNet.dll
Symbol file LoadedFromMemory doesn't match image D:\SideScrolling_2D\Library\PackageCache\com.unity.visualscripting@1.7.8\Editor\VisualScripting.Core\Dependencies\DotNetZip\Unity.VisualScripting.IonicZip.dll
Native extension for WindowsStandalone target not found
Native extension for Android target not found
Native extension for WebGL target not found
Refreshing native plugins compatible for Editor in 83.01 ms, found 4 plugins.
Preloading 0 native plugins for Editor in 0.00 ms.
Mono: successfully reloaded assembly
- Completed reload, in  1.207 seconds
Domain Reload Profiling:
	ReloadAssembly (1208ms)
		BeginReloadAssembly (209ms)
			ExecutionOrderSort (0ms)
			DisableScriptedObjects (5ms)
			BackupInstance (0ms)
			ReleaseScriptingObjects (0ms)
			CreateAndSetChildDomain (122ms)
		EndReloadAssembly (863ms)
			LoadAssemblies (82ms)
			RebuildTransferFunctionScriptingTraits (0ms)
			SetupTypeCache (242ms)
			ReleaseScriptCaches (1ms)
			RebuildScriptCaches (52ms)
			SetupLoadedEditorAssemblies (447ms)
				LogAssemblyErrors (0ms)
				InitializePlatformSupportModulesInManaged (15ms)
				SetLoadedEditorAssemblies (0ms)
				RefreshPlugins (83ms)
				BeforeProcessingInitializeOnLoad (91ms)
				ProcessInitializeOnLoadAttributes (209ms)
				ProcessInitializeOnLoadMethodAttributes (39ms)
				AfterProcessingInitializeOnLoad (9ms)
				EditorAssembliesLoaded (0ms)
			ExecutionOrderSort2 (0ms)
			AwakeInstancesAfterBackupRestoration (5ms)
Platform modules already initialized, skipping
========================================================================
Worker process is ready to serve import requests
Launched and connected shader compiler UnityShaderCompiler.exe after 0.06 seconds
Refreshing native plugins compatible for Editor in 0.79 ms, found 4 plugins.
Preloading 0 native plugins for Editor in 0.00 ms.
Unloading 4061 Unused Serialized files (Serialized files now loaded: 0)
Unloading 38 unused Assets / (56.6 KB). Loaded Objects now: 4520.
Memory consumption went from 154.7 MB to 154.7 MB.
Total: 3.671800 ms (FindLiveObjects: 0.346700 ms CreateObjectMapping: 0.104900 ms MarkObjects: 3.116600 ms  DeleteObjects: 0.102500 ms)

AssetImportParameters requested are different than current active one (requested -> active):
  custom:video-decoder-ogg-theora: a1e56fd34408186e4bbccfd4996cb3dc -> 
  custom:container-muxer-webm: aa71ff27fc2769a1b78a27578f13a17b -> 
  custom:container-demuxer-webm: 4f35f7cbe854078d1ac9338744f61a02 -> 
  custom:video-encoder-webm-vp8: eb34c28f22e8b96e1ab97ce403110664 -> 
  custom:video-codec-MediaFoundation-h265: 746d11721c4dcdbdad8f713fa42b33f4 -> 
  custom:audio-encoder-webm-vorbis: bf7c407c2cedff20999df2af8eb42d56 -> 
  custom:framework-win-MediaFoundation: 216162199b28c13a410421893ffa2e32 -> 
  custom:container-demuxer-ogg: 62fdf1f143b41e24485cea50d1cbac27 -> 
  custom:video-decoder-webm-vp8: 9c59270c3fd7afecdb556c50c9e8de78 -> 
  custom:audio-decoder-ogg-vorbis: bf7c407c2cedff20999df2af8eb42d56 -> 
========================================================================
Received Import Request.
  Time since last request: 835.100767 seconds.
  path: Assets/png/12.jpg
  artifactKey: Guid(b54b83b4000a634459ec38b9cd1f4eec) Importer(815301076,1909f56bfc062723c751e8b465ee728b)
Start importing Assets/png/12.jpg using Guid(b54b83b4000a634459ec38b9cd1f4eec) Importer(815301076,1909f56bfc062723c751e8b465ee728b)  -> (artifact id: '024dc374969f7caad7c7263331dbe641') in 0.151560 seconds 
========================================================================
Received Import Request.
  Time since last request: 0.000023 seconds.
  path: Assets/png/opening.png
  artifactKey: Guid(aa7f4dc284736b540808d29a04ff0a49) Importer(815301076,1909f56bfc062723c751e8b465ee728b)
Start importing Assets/png/opening.png using Guid(aa7f4dc284736b540808d29a04ff0a49) Importer(815301076,1909f56bfc062723c751e8b465ee728b)  -> (artifact id: '5cb92207dea89a436e0d4509956bd15b') in 0.184877 seconds 
========================================================================
Received Import Request.
  Time since last request: 18.702964 seconds.
  path: Assets/png/12.jpg
  artifactKey: Guid(b54b83b4000a634459ec38b9cd1f4eec) Importer(815301076,1909f56bfc062723c751e8b465ee728b)
Start importing Assets/png/12.jpg using Guid(b54b83b4000a634459ec38b9cd1f4eec) Importer(815301076,1909f56bfc062723c751e8b465ee728b)  -> (artifact id: 'e9f4499b005455dad4cc78e77cc7e63a') in 0.048010 seconds 
========================================================================
Received Import Request.
  Time since last request: 31.145234 seconds.
  path: Assets/png/Isometric_Fantasy_Abandoned_cyberpunk_street_Create_a_desolate_1.jpg
  artifactKey: Guid(ab50ab89634508549ac8f3e8a912384c) Importer(815301076,1909f56bfc062723c751e8b465ee728b)
Start importing Assets/png/Isometric_Fantasy_Abandoned_cyberpunk_street_Create_a_desolate_1.jpg using Guid(ab50ab89634508549ac8f3e8a912384c) Importer(815301076,1909f56bfc062723c751e8b465ee728b)  -> (artifact id: 'a8f45be623c7da39329d6a942c3687ef') in 0.117194 seconds 
========================================================================
Received Import Request.
  Time since last request: 937.239430 seconds.
  path: Assets/png/Isometric_Fantasy_Abandoned_cyberpunk_street_Create_a_desolate_1.jpg
  artifactKey: Guid(ab50ab89634508549ac8f3e8a912384c) Importer(815301076,1909f56bfc062723c751e8b465ee728b)
Start importing Assets/png/Isometric_Fantasy_Abandoned_cyberpunk_street_Create_a_desolate_1.jpg using Guid(ab50ab89634508549ac8f3e8a912384c) Importer(815301076,1909f56bfc062723c751e8b465ee728b)  -> (artifact id: '2b306bed3c6cdeddae26f1fa79fd74c1') in 0.137375 seconds 
========================================================================
Received Import Request.
  Time since last request: 78.253568 seconds.
  path: Assets/png/Isometric_Fantasy_Abandoned_cyberpunk_street_Create_a_desolate_1.jpg
  artifactKey: Guid(ab50ab89634508549ac8f3e8a912384c) Importer(815301076,1909f56bfc062723c751e8b465ee728b)
Start importing Assets/png/Isometric_Fantasy_Abandoned_cyberpunk_street_Create_a_desolate_1.jpg using Guid(ab50ab89634508549ac8f3e8a912384c) Importer(815301076,1909f56bfc062723c751e8b465ee728b)  -> (artifact id: 'a51ec414c3f08fbb9704e348207f1fef') in 0.118981 seconds 
========================================================================
Received Import Request.
  Time since last request: 154.673635 seconds.
  path: Assets/png/Isometric_Fantasy_Abandoned_cyberpunk_street_Create_a_desolate_1.jpg
  artifactKey: Guid(ab50ab89634508549ac8f3e8a912384c) Importer(815301076,1909f56bfc062723c751e8b465ee728b)
Start importing Assets/png/Isometric_Fantasy_Abandoned_cyberpunk_street_Create_a_desolate_1.jpg using Guid(ab50ab89634508549ac8f3e8a912384c) Importer(815301076,1909f56bfc062723c751e8b465ee728b)  -> (artifact id: '038e05cc812071863149d7e8c6aec38d') in 0.124086 seconds 
========================================================================
Received Import Request.
  Time since last request: 337.724011 seconds.
  path: Assets/Prefeb/bridge_0.prefab
  artifactKey: Guid(b7deece24a0d5df4abf51c1ba5394c32) Importer(815301076,1909f56bfc062723c751e8b465ee728b)
Start importing Assets/Prefeb/bridge_0.prefab using Guid(b7deece24a0d5df4abf51c1ba5394c32) Importer(815301076,1909f56bfc062723c751e8b465ee728b)  -> (artifact id: 'dc26add1f337e1d0a6ef2b85b8197c8f') in 0.043161 seconds 
========================================================================
Received Import Request.
  Time since last request: 7.439949 seconds.
  path: Assets/Hand Painted Stone Texture/Scene
  artifactKey: Guid(c4ab84889a865d346b1a8735094f805e) Importer(815301076,1909f56bfc062723c751e8b465ee728b)
Start importing Assets/Hand Painted Stone Texture/Scene using Guid(c4ab84889a865d346b1a8735094f805e) Importer(815301076,1909f56bfc062723c751e8b465ee728b)  -> (artifact id: 'f24d98825a6bda1e03de02b0a41554a8') in 0.001996 seconds 
========================================================================
Received Import Request.
  Time since last request: 1.211887 seconds.
  path: Assets/Hand Painted Stone Texture/Texture
  artifactKey: Guid(7e8c075e0c1874e4197680e91fbe8e00) Importer(815301076,1909f56bfc062723c751e8b465ee728b)
Start importing Assets/Hand Painted Stone Texture/Texture using Guid(7e8c075e0c1874e4197680e91fbe8e00) Importer(815301076,1909f56bfc062723c751e8b465ee728b)  -> (artifact id: '2de09521f1188fad5da00a3dc8dcdb56') in 0.002424 seconds 
========================================================================
Received Import Request.
  Time since last request: 1.748790 seconds.
  path: Assets/Hand Painted Stone Texture/Scene/Hand Painted Stone Texture.unity
  artifactKey: Guid(edf9c04f2dfe5e244bf078c2e877d37d) Importer(815301076,1909f56bfc062723c751e8b465ee728b)
Start importing Assets/Hand Painted Stone Texture/Scene/Hand Painted Stone Texture.unity using Guid(edf9c04f2dfe5e244bf078c2e877d37d) Importer(815301076,1909f56bfc062723c751e8b465ee728b)  -> (artifact id: 'c84d0e5c4355b8c8c474f3ee88a0d7aa') in 0.002155 seconds 
========================================================================
Received Import Request.
  Time since last request: 18.734739 seconds.
  path: Assets/Scenes/ingame.unity
  artifactKey: Guid(a30eb8b0c6273a543b5ff4fde543398b) Importer(815301076,1909f56bfc062723c751e8b465ee728b)
Start importing Assets/Scenes/ingame.unity using Guid(a30eb8b0c6273a543b5ff4fde543398b) Importer(815301076,1909f56bfc062723c751e8b465ee728b)  -> (artifact id: 'c3447d0220fd2f3a2b6aa66bd16e3b3d') in 0.001966 seconds 
========================================================================
Received Import Request.
  Time since last request: 28.829182 seconds.
  path: Assets/palette/12_0.asset
  artifactKey: Guid(b395ad38003bab440941250da26b14e8) Importer(815301076,1909f56bfc062723c751e8b465ee728b)
Start importing Assets/palette/12_0.asset using Guid(b395ad38003bab440941250da26b14e8) Importer(815301076,1909f56bfc062723c751e8b465ee728b)  -> (artifact id: 'ccf2db0cdcf3eccd6654776f9f90a294') in 0.015470 seconds 
========================================================================
Received Import Request.
  Time since last request: 0.000057 seconds.
  path: Assets/palette/back_2.asset
  artifactKey: Guid(6942dbc7c9ee89a488eafaa9a9d15f1a) Importer(815301076,1909f56bfc062723c751e8b465ee728b)
Start importing Assets/palette/back_2.asset using Guid(6942dbc7c9ee89a488eafaa9a9d15f1a) Importer(815301076,1909f56bfc062723c751e8b465ee728b)  -> (artifact id: 'eca6a2919ee1127a4cf08e4ec8cd2607') in 0.012113 seconds 
========================================================================
Received Import Request.
  Time since last request: 0.000035 seconds.
  path: Assets/palette/back_8.asset
  artifactKey: Guid(f09a213e939b0694f8d826725d9ee1ea) Importer(815301076,1909f56bfc062723c751e8b465ee728b)
Start importing Assets/palette/back_8.asset using Guid(f09a213e939b0694f8d826725d9ee1ea) Importer(815301076,1909f56bfc062723c751e8b465ee728b)  -> (artifact id: '10436f50b8ccf1beaeb825ce068c9068') in 0.010303 seconds 
========================================================================
Received Import Request.
  Time since last request: 0.000025 seconds.
  path: Assets/palette/back_7.asset
  artifactKey: Guid(99df97e46fb5e174cb836f8fc7da2cb3) Importer(815301076,1909f56bfc062723c751e8b465ee728b)
Start importing Assets/palette/back_7.asset using Guid(99df97e46fb5e174cb836f8fc7da2cb3) Importer(815301076,1909f56bfc062723c751e8b465ee728b)  -> (artifact id: '17d7379454d520aa64d769a63f425461') in 0.009524 seconds 
========================================================================
Received Import Request.
  Time since last request: 0.000024 seconds.
  path: Assets/palette/back_9.asset
  artifactKey: Guid(51fe13f6ff842d74f8fa412609f2a661) Importer(815301076,1909f56bfc062723c751e8b465ee728b)
Start importing Assets/palette/back_9.asset using Guid(51fe13f6ff842d74f8fa412609f2a661) Importer(815301076,1909f56bfc062723c751e8b465ee728b)  -> (artifact id: '6f5cfb28911dc53b7d99ef116a574154') in 0.008212 seconds 
========================================================================
Received Import Request.
  Time since last request: 30.100116 seconds.
  path: Assets/TileableBricksWall/Materials/Bricks_01_mat2.mat
  artifactKey: Guid(333a08b54ec5eec4f84f74d910ad751e) Importer(815301076,1909f56bfc062723c751e8b465ee728b)
Start importing Assets/TileableBricksWall/Materials/Bricks_01_mat2.mat using Guid(333a08b54ec5eec4f84f74d910ad751e) Importer(815301076,1909f56bfc062723c751e8b465ee728b)  -> (artifact id: '7a7cece583adf2e71beb51a8e257b6f9') in 0.191024 seconds 
========================================================================
Received Import Request.
  Time since last request: 2.836597 seconds.
  path: Assets/TileableBricksWall/Textures/Bricks_gloss.TGA
  artifactKey: Guid(0b34c0b034d10bf4fb4c1868cdfce922) Importer(815301076,1909f56bfc062723c751e8b465ee728b)
Start importing Assets/TileableBricksWall/Textures/Bricks_gloss.TGA using Guid(0b34c0b034d10bf4fb4c1868cdfce922) Importer(815301076,1909f56bfc062723c751e8b465ee728b)  -> (artifact id: '10409ae9985f5b94061e0b95a782ee98') in 0.051867 seconds 
Editor requested this worker to shutdown with reason: Scaling down because of idle timeout
AssetImportWorker is now disconnected from the server
Process exiting
Exiting without the bug reporter. Application will terminate with return code 0